2022-03-24 18:41:54,421 DEBUG decos.py –ë—ã–ª–∞ –≤—ã–∑–≤–∞–Ω–∞ —Ñ—É–Ω–∫—Ü–∏—è create_arg_parser c –ø–∞—Ä–∞–º–µ—Ç—Ä–∞–º–∏ (), {}.–í—ã–∑–æ–≤ –∏–∑ –º–æ–¥—É–ª—è __main__.–í—ã–∑–æ–≤ –∏–∑ —Ñ—É–Ω–∫—Ü–∏–∏ main().–í—ã–∑–æ–≤ –∏–∑ —Ñ—É–Ω–∫—Ü–∏–∏ main@@@–í—ã–∑–æ–≤ –∏–∑ —Ñ—É–Ω–∫—Ü–∏–∏ main@@@–≤—ã–∑–æ–≤ –∏–∑ –º–æ–¥—É–ª—è F:\–°–ü–ï–¶–ò–ê–õ–ò–°–¢\GEEKBRAINS\–ö–ª–∏–µ–Ω—Ç-—Å–µ—Ä–≤–µ—Ä–Ω—ã–µ –ø—Ä–∏–ª–æ–∂–µ–Ω–∏—è –Ω–∞ Python\pythonProject_5\client.py
2022-03-24 18:41:54,422 INFO client.py –ó–∞–ø—É—â–µ–Ω –∫–ª–∏–µ–Ω—Ç —Å –ø–∞—Ä–∞–º–µ—Ä—Ç–∞–º–∏: –∞–¥—Ä–µ—Å —Å–µ—Ä–≤–µ—Ä–∞: 127.0.0.1, –ø–æ—Ä—Ç: 7777
2022-03-24 18:41:56,474 CRITICAL client.py –ù–µ —É–¥–∞–ª–æ—Å—å –ø–æ–¥–∫–ª—é—á–∏—Ç—å—Å—è –∫ —Å–µ—Ä–≤–µ—Ä—É 127.0.0.1:7777, –∫–æ–Ω–µ—á–Ω—ã–π –∫–æ–º–ø—å—é—Ç–µ—Ä –æ—Ç–≤–µ—Ä–≥ –∑–∞–ø—Ä–æ—Å –Ω–∞ –ø–æ–¥–∫–ª—é—á–µ–Ω–∏–µ.
2022-03-24 18:43:22,382 DEBUG decos.py –ë—ã–ª–∞ –≤—ã–∑–≤–∞–Ω–∞ —Ñ—É–Ω–∫—Ü–∏—è create_arg_parser c –ø–∞—Ä–∞–º–µ—Ç—Ä–∞–º–∏ (), {}.–í—ã–∑–æ–≤ –∏–∑ –º–æ–¥—É–ª—è __main__.–í—ã–∑–æ–≤ –∏–∑ —Ñ—É–Ω–∫—Ü–∏–∏ main().–í—ã–∑–æ–≤ –∏–∑ —Ñ—É–Ω–∫—Ü–∏–∏ main@@@–í—ã–∑–æ–≤ –∏–∑ —Ñ—É–Ω–∫—Ü–∏–∏ main@@@–≤—ã–∑–æ–≤ –∏–∑ –º–æ–¥—É–ª—è F:\–°–ü–ï–¶–ò–ê–õ–ò–°–¢\GEEKBRAINS\–ö–ª–∏–µ–Ω—Ç-—Å–µ—Ä–≤–µ—Ä–Ω—ã–µ –ø—Ä–∏–ª–æ–∂–µ–Ω–∏—è –Ω–∞ Python\pythonProject_5\client.py
2022-03-24 18:43:22,384 INFO client.py –ó–∞–ø—É—â–µ–Ω –∫–ª–∏–µ–Ω—Ç —Å –ø–∞—Ä–∞–º–µ—Ä—Ç–∞–º–∏: –∞–¥—Ä–µ—Å —Å–µ—Ä–≤–µ—Ä–∞: 127.0.0.1, –ø–æ—Ä—Ç: 7777
2022-03-24 18:43:24,419 CRITICAL client.py –ù–µ —É–¥–∞–ª–æ—Å—å –ø–æ–¥–∫–ª—é—á–∏—Ç—å—Å—è –∫ —Å–µ—Ä–≤–µ—Ä—É 127.0.0.1:7777, –∫–æ–Ω–µ—á–Ω—ã–π –∫–æ–º–ø—å—é—Ç–µ—Ä –æ—Ç–≤–µ—Ä–≥ –∑–∞–ø—Ä–æ—Å –Ω–∞ –ø–æ–¥–∫–ª—é—á–µ–Ω–∏–µ.
2022-03-24 18:43:30,886 DEBUG decos.py –ë—ã–ª–∞ –≤—ã–∑–≤–∞–Ω–∞ —Ñ—É–Ω–∫—Ü–∏—è create_arg_parser c –ø–∞—Ä–∞–º–µ—Ç—Ä–∞–º–∏ (), {}.–í—ã–∑–æ–≤ –∏–∑ –º–æ–¥—É–ª—è __main__.–í—ã–∑–æ–≤ –∏–∑ —Ñ—É–Ω–∫—Ü–∏–∏ main().–í—ã–∑–æ–≤ –∏–∑ —Ñ—É–Ω–∫—Ü–∏–∏ main@@@–í—ã–∑–æ–≤ –∏–∑ —Ñ—É–Ω–∫—Ü–∏–∏ main@@@–≤—ã–∑–æ–≤ –∏–∑ –º–æ–¥—É–ª—è F:\–°–ü–ï–¶–ò–ê–õ–ò–°–¢\GEEKBRAINS\–ö–ª–∏–µ–Ω—Ç-—Å–µ—Ä–≤–µ—Ä–Ω—ã–µ –ø—Ä–∏–ª–æ–∂–µ–Ω–∏—è –Ω–∞ Python\pythonProject_5\client.py
2022-03-24 18:43:30,888 INFO client.py –ó–∞–ø—É—â–µ–Ω –∫–ª–∏–µ–Ω—Ç —Å –ø–∞—Ä–∞–º–µ—Ä—Ç–∞–º–∏: –∞–¥—Ä–µ—Å —Å–µ—Ä–≤–µ—Ä–∞: 127.0.0.1, –ø–æ—Ä—Ç: 7777
2022-03-24 18:43:33,115 CRITICAL client.py –ù–µ —É–¥–∞–ª–æ—Å—å –ø–æ–¥–∫–ª—é—á–∏—Ç—å—Å—è –∫ —Å–µ—Ä–≤–µ—Ä—É 127.0.0.1:7777, –∫–æ–Ω–µ—á–Ω—ã–π –∫–æ–º–ø—å—é—Ç–µ—Ä –æ—Ç–≤–µ—Ä–≥ –∑–∞–ø—Ä–æ—Å –Ω–∞ –ø–æ–¥–∫–ª—é—á–µ–Ω–∏–µ.
2022-03-24 19:03:41,383 DEBUG decos.py –ë—ã–ª–∞ –≤—ã–∑–≤–∞–Ω–∞ —Ñ—É–Ω–∫—Ü–∏—è create_arg_parser c –ø–∞—Ä–∞–º–µ—Ç—Ä–∞–º–∏ (), {}.–í—ã–∑–æ–≤ –∏–∑ –º–æ–¥—É–ª—è __main__.–í—ã–∑–æ–≤ –∏–∑ —Ñ—É–Ω–∫—Ü–∏–∏ main().–í—ã–∑–æ–≤ –∏–∑ —Ñ—É–Ω–∫—Ü–∏–∏ main@@@–í—ã–∑–æ–≤ –∏–∑ —Ñ—É–Ω–∫—Ü–∏–∏ main@@@–≤—ã–∑–æ–≤ –∏–∑ –º–æ–¥—É–ª—è F:\–°–ü–ï–¶–ò–ê–õ–ò–°–¢\GEEKBRAINS\–ö–ª–∏–µ–Ω—Ç-—Å–µ—Ä–≤–µ—Ä–Ω—ã–µ –ø—Ä–∏–ª–æ–∂–µ–Ω–∏—è –Ω–∞ Python\pythonProject_5\client.py
2022-03-24 19:03:41,384 INFO client.py –ó–∞–ø—É—â–µ–Ω –∫–ª–∏–µ–Ω—Ç —Å –ø–∞—Ä–∞–º–µ—Ä—Ç–∞–º–∏: –∞–¥—Ä–µ—Å —Å–µ—Ä–≤–µ—Ä–∞: 127.0.0.1, –ø–æ—Ä—Ç: 7777
2022-03-24 19:03:41,388 DEBUG client.py –°—Ñ–æ—Ä–º–∏—Ä–æ–≤–∞–Ω–æ presence —Å–æ–æ–±—â–µ–Ω–∏–µ –¥–ª—è –ø–æ–ª—å–∑–æ–≤–∞—Ç–µ–ª—è Guest
2022-03-24 19:03:41,391 DEBUG decos.py –ë—ã–ª–∞ –≤—ã–∑–≤–∞–Ω–∞ —Ñ—É–Ω–∫—Ü–∏—è create_presence c –ø–∞—Ä–∞–º–µ—Ç—Ä–∞–º–∏ (), {}.–í—ã–∑–æ–≤ –∏–∑ –º–æ–¥—É–ª—è __main__.–í—ã–∑–æ–≤ –∏–∑ —Ñ—É–Ω–∫—Ü–∏–∏ main().–í—ã–∑–æ–≤ –∏–∑ —Ñ—É–Ω–∫—Ü–∏–∏ main@@@–í—ã–∑–æ–≤ –∏–∑ —Ñ—É–Ω–∫—Ü–∏–∏ main@@@–≤—ã–∑–æ–≤ –∏–∑ –º–æ–¥—É–ª—è F:\–°–ü–ï–¶–ò–ê–õ–ò–°–¢\GEEKBRAINS\–ö–ª–∏–µ–Ω—Ç-—Å–µ—Ä–≤–µ—Ä–Ω—ã–µ –ø—Ä–∏–ª–æ–∂–µ–Ω–∏—è –Ω–∞ Python\pythonProject_5\client.py
2022-03-24 19:03:41,426 DEBUG client.py –†–∞–∑–±–æ—Ä —Å–æ–æ–±—â–µ–Ω–∏—è –æ—Ç —Å–µ—Ä–≤–µ—Ä–∞: {'response': 200}
2022-03-24 19:03:41,430 DEBUG decos.py –ë—ã–ª–∞ –≤—ã–∑–≤–∞–Ω–∞ —Ñ—É–Ω–∫—Ü–∏—è process_ans c –ø–∞—Ä–∞–º–µ—Ç—Ä–∞–º–∏ ({'response': 200},), {}.–í—ã–∑–æ–≤ –∏–∑ –º–æ–¥—É–ª—è __main__.–í—ã–∑–æ–≤ –∏–∑ —Ñ—É–Ω–∫—Ü–∏–∏ main().–í—ã–∑–æ–≤ –∏–∑ —Ñ—É–Ω–∫—Ü–∏–∏ main@@@–í—ã–∑–æ–≤ –∏–∑ —Ñ—É–Ω–∫—Ü–∏–∏ main@@@–≤—ã–∑–æ–≤ –∏–∑ –º–æ–¥—É–ª—è F:\–°–ü–ï–¶–ò–ê–õ–ò–°–¢\GEEKBRAINS\–ö–ª–∏–µ–Ω—Ç-—Å–µ—Ä–≤–µ—Ä–Ω—ã–µ –ø—Ä–∏–ª–æ–∂–µ–Ω–∏—è –Ω–∞ Python\pythonProject_5\client.py
2022-03-24 19:03:41,430 INFO client.py –ü—Ä–∏–Ω—è—Ç –æ—Ç–≤–µ—Ç –æ—Ç —Å–µ—Ä–≤–µ—Ä–∞ 200 : OK
2022-03-24 20:12:47,841 DEBUG decos.py –ë—ã–ª–∞ –≤—ã–∑–≤–∞–Ω–∞ —Ñ—É–Ω–∫—Ü–∏—è create_arg_parser c –ø–∞—Ä–∞–º–µ—Ç—Ä–∞–º–∏ (), {}.–í—ã–∑–æ–≤ –∏–∑ –º–æ–¥—É–ª—è __main__.–í—ã–∑–æ–≤ –∏–∑ —Ñ—É–Ω–∫—Ü–∏–∏ main().–í—ã–∑–æ–≤ –∏–∑ —Ñ—É–Ω–∫—Ü–∏–∏ main@@@–í—ã–∑–æ–≤ –∏–∑ —Ñ—É–Ω–∫—Ü–∏–∏ main@@@–≤—ã–∑–æ–≤ –∏–∑ –º–æ–¥—É–ª—è F:\–°–ü–ï–¶–ò–ê–õ–ò–°–¢\GEEKBRAINS\–ö–ª–∏–µ–Ω—Ç-—Å–µ—Ä–≤–µ—Ä–Ω—ã–µ –ø—Ä–∏–ª–æ–∂–µ–Ω–∏—è –Ω–∞ Python\pythonProject_5\client.py
2022-03-24 20:12:47,841 INFO client.py –ó–∞–ø—É—â–µ–Ω –∫–ª–∏–µ–Ω—Ç —Å –ø–∞—Ä–∞–º–µ—Ä—Ç–∞–º–∏: –∞–¥—Ä–µ—Å —Å–µ—Ä–≤–µ—Ä–∞: 127.0.0.1, –ø–æ—Ä—Ç: 7777
2022-03-24 20:12:47,844 DEBUG client.py –°—Ñ–æ—Ä–º–∏—Ä–æ–≤–∞–Ω–æ presence —Å–æ–æ–±—â–µ–Ω–∏–µ –¥–ª—è –ø–æ–ª—å–∑–æ–≤–∞—Ç–µ–ª—è Guest
2022-03-24 20:12:47,847 DEBUG decos.py –ë—ã–ª–∞ –≤—ã–∑–≤–∞–Ω–∞ —Ñ—É–Ω–∫—Ü–∏—è create_presence c –ø–∞—Ä–∞–º–µ—Ç—Ä–∞–º–∏ (), {}.–í—ã–∑–æ–≤ –∏–∑ –º–æ–¥—É–ª—è __main__.–í—ã–∑–æ–≤ –∏–∑ —Ñ—É–Ω–∫—Ü–∏–∏ main().–í—ã–∑–æ–≤ –∏–∑ —Ñ—É–Ω–∫—Ü–∏–∏ main@@@–í—ã–∑–æ–≤ –∏–∑ —Ñ—É–Ω–∫—Ü–∏–∏ main@@@–≤—ã–∑–æ–≤ –∏–∑ –º–æ–¥—É–ª—è F:\–°–ü–ï–¶–ò–ê–õ–ò–°–¢\GEEKBRAINS\–ö–ª–∏–µ–Ω—Ç-—Å–µ—Ä–≤–µ—Ä–Ω—ã–µ –ø—Ä–∏–ª–æ–∂–µ–Ω–∏—è –Ω–∞ Python\pythonProject_5\client.py
2022-03-24 20:12:47,855 DEBUG client.py –†–∞–∑–±–æ—Ä —Å–æ–æ–±—â–µ–Ω–∏—è –æ—Ç —Å–µ—Ä–≤–µ—Ä–∞: {'response': 200}
2022-03-24 20:12:47,857 DEBUG decos.py –ë—ã–ª–∞ –≤—ã–∑–≤–∞–Ω–∞ —Ñ—É–Ω–∫—Ü–∏—è process_ans c –ø–∞—Ä–∞–º–µ—Ç—Ä–∞–º–∏ ({'response': 200},), {}.–í—ã–∑–æ–≤ –∏–∑ –º–æ–¥—É–ª—è __main__.–í—ã–∑–æ–≤ –∏–∑ —Ñ—É–Ω–∫—Ü–∏–∏ main().–í—ã–∑–æ–≤ –∏–∑ —Ñ—É–Ω–∫—Ü–∏–∏ main@@@–í—ã–∑–æ–≤ –∏–∑ —Ñ—É–Ω–∫—Ü–∏–∏ main@@@–≤—ã–∑–æ–≤ –∏–∑ –º–æ–¥—É–ª—è F:\–°–ü–ï–¶–ò–ê–õ–ò–°–¢\GEEKBRAINS\–ö–ª–∏–µ–Ω—Ç-—Å–µ—Ä–≤–µ—Ä–Ω—ã–µ –ø—Ä–∏–ª–æ–∂–µ–Ω–∏—è –Ω–∞ Python\pythonProject_5\client.py
2022-03-24 20:12:47,858 INFO client.py –ü—Ä–∏–Ω—è—Ç –æ—Ç–≤–µ—Ç –æ—Ç —Å–µ—Ä–≤–µ—Ä–∞ 200 : OK
2022-03-24 20:25:00,424 DEBUG decos.py –ë—ã–ª–∞ –≤—ã–∑–≤–∞–Ω–∞ —Ñ—É–Ω–∫—Ü–∏—è create_arg_parser c –ø–∞—Ä–∞–º–µ—Ç—Ä–∞–º–∏ (), {}.–í—ã–∑–æ–≤ –∏–∑ –º–æ–¥—É–ª—è __main__.–í—ã–∑–æ–≤ –∏–∑ —Ñ—É–Ω–∫—Ü–∏–∏ main().–í—ã–∑–æ–≤ –∏–∑ —Ñ—É–Ω–∫—Ü–∏–∏ main@@@–í—ã–∑–æ–≤ –∏–∑ —Ñ—É–Ω–∫—Ü–∏–∏ main@@@–≤—ã–∑–æ–≤ –∏–∑ –º–æ–¥—É–ª—è F:\–°–ü–ï–¶–ò–ê–õ–ò–°–¢\GEEKBRAINS\–ö–ª–∏–µ–Ω—Ç-—Å–µ—Ä–≤–µ—Ä–Ω—ã–µ –ø—Ä–∏–ª–æ–∂–µ–Ω–∏—è –Ω–∞ Python\pythonProject_5\client.py
2022-03-24 20:25:00,425 INFO client.py –ó–∞–ø—É—â–µ–Ω –∫–ª–∏–µ–Ω—Ç —Å –ø–∞—Ä–∞–º–µ—Ä—Ç–∞–º–∏: –∞–¥—Ä–µ—Å —Å–µ—Ä–≤–µ—Ä–∞: 127.0.0.1, –ø–æ—Ä—Ç: 7777
2022-03-24 20:25:00,427 DEBUG client.py –°—Ñ–æ—Ä–º–∏—Ä–æ–≤–∞–Ω–æ presence —Å–æ–æ–±—â–µ–Ω–∏–µ –¥–ª—è –ø–æ–ª—å–∑–æ–≤–∞—Ç–µ–ª—è Guest
2022-03-24 20:25:00,430 DEBUG decos.py –ë—ã–ª–∞ –≤—ã–∑–≤–∞–Ω–∞ —Ñ—É–Ω–∫—Ü–∏—è create_presence c –ø–∞—Ä–∞–º–µ—Ç—Ä–∞–º–∏ (), {}.–í—ã–∑–æ–≤ –∏–∑ –º–æ–¥—É–ª—è __main__.–í—ã–∑–æ–≤ –∏–∑ —Ñ—É–Ω–∫—Ü–∏–∏ main().–í—ã–∑–æ–≤ –∏–∑ —Ñ—É–Ω–∫—Ü–∏–∏ main@@@–í—ã–∑–æ–≤ –∏–∑ —Ñ—É–Ω–∫—Ü–∏–∏ main@@@–≤—ã–∑–æ–≤ –∏–∑ –º–æ–¥—É–ª—è F:\–°–ü–ï–¶–ò–ê–õ–ò–°–¢\GEEKBRAINS\–ö–ª–∏–µ–Ω—Ç-—Å–µ—Ä–≤–µ—Ä–Ω—ã–µ –ø—Ä–∏–ª–æ–∂–µ–Ω–∏—è –Ω–∞ Python\pythonProject_5\client.py
2022-03-24 20:25:00,434 DEBUG client.py –†–∞–∑–±–æ—Ä —Å–æ–æ–±—â–µ–Ω–∏—è –æ—Ç —Å–µ—Ä–≤–µ—Ä–∞: {'response': 200}
2022-03-24 20:25:00,436 DEBUG decos.py –ë—ã–ª–∞ –≤—ã–∑–≤–∞–Ω–∞ —Ñ—É–Ω–∫—Ü–∏—è process_ans c –ø–∞—Ä–∞–º–µ—Ç—Ä–∞–º–∏ ({'response': 200},), {}.–í—ã–∑–æ–≤ –∏–∑ –º–æ–¥—É–ª—è __main__.–í—ã–∑–æ–≤ –∏–∑ —Ñ—É–Ω–∫—Ü–∏–∏ main().–í—ã–∑–æ–≤ –∏–∑ —Ñ—É–Ω–∫—Ü–∏–∏ main@@@–í—ã–∑–æ–≤ –∏–∑ —Ñ—É–Ω–∫—Ü–∏–∏ main@@@–≤—ã–∑–æ–≤ –∏–∑ –º–æ–¥—É–ª—è F:\–°–ü–ï–¶–ò–ê–õ–ò–°–¢\GEEKBRAINS\–ö–ª–∏–µ–Ω—Ç-—Å–µ—Ä–≤–µ—Ä–Ω—ã–µ –ø—Ä–∏–ª–æ–∂–µ–Ω–∏—è –Ω–∞ Python\pythonProject_5\client.py
2022-03-24 20:25:00,437 INFO client.py –ü—Ä–∏–Ω—è—Ç –æ—Ç–≤–µ—Ç –æ—Ç —Å–µ—Ä–≤–µ—Ä–∞ 200 : OK
2022-03-24 20:42:58,558 DEBUG decos.py –ë—ã–ª–∞ –≤—ã–∑–≤–∞–Ω–∞ —Ñ—É–Ω–∫—Ü–∏—è create_arg_parser c –ø–∞—Ä–∞–º–µ—Ç—Ä–∞–º–∏ (), {}.–í—ã–∑–æ–≤ –∏–∑ –º–æ–¥—É–ª—è __main__.–í—ã–∑–æ–≤ –∏–∑ —Ñ—É–Ω–∫—Ü–∏–∏ main().–í—ã–∑–æ–≤ –∏–∑ —Ñ—É–Ω–∫—Ü–∏–∏ main@@@–í—ã–∑–æ–≤ –∏–∑ —Ñ—É–Ω–∫—Ü–∏–∏ main@@@–≤—ã–∑–æ–≤ –∏–∑ –º–æ–¥—É–ª—è F:\–°–ü–ï–¶–ò–ê–õ–ò–°–¢\GEEKBRAINS\–ö–ª–∏–µ–Ω—Ç-—Å–µ—Ä–≤–µ—Ä–Ω—ã–µ –ø—Ä–∏–ª–æ–∂–µ–Ω–∏—è –Ω–∞ Python\pythonProject_5\client.py
2022-03-24 20:42:58,559 INFO client.py –ó–∞–ø—É—â–µ–Ω –∫–ª–∏–µ–Ω—Ç —Å –ø–∞—Ä–∞–º–µ—Ä—Ç–∞–º–∏: –∞–¥—Ä–µ—Å —Å–µ—Ä–≤–µ—Ä–∞: 127.0.0.1, –ø–æ—Ä—Ç: 7777
2022-03-24 20:42:58,561 DEBUG client.py –°—Ñ–æ—Ä–º–∏—Ä–æ–≤–∞–Ω–æ presence —Å–æ–æ–±—â–µ–Ω–∏–µ –¥–ª—è –ø–æ–ª—å–∑–æ–≤–∞—Ç–µ–ª—è Guest
2022-03-24 20:42:58,564 DEBUG decos.py –ë—ã–ª–∞ –≤—ã–∑–≤–∞–Ω–∞ —Ñ—É–Ω–∫—Ü–∏—è create_presence c –ø–∞—Ä–∞–º–µ—Ç—Ä–∞–º–∏ (), {}.–í—ã–∑–æ–≤ –∏–∑ –º–æ–¥—É–ª—è __main__.–í—ã–∑–æ–≤ –∏–∑ —Ñ—É–Ω–∫—Ü–∏–∏ main().–í—ã–∑–æ–≤ –∏–∑ —Ñ—É–Ω–∫—Ü–∏–∏ main@@@–í—ã–∑–æ–≤ –∏–∑ —Ñ—É–Ω–∫—Ü–∏–∏ main@@@–≤—ã–∑–æ–≤ –∏–∑ –º–æ–¥—É–ª—è F:\–°–ü–ï–¶–ò–ê–õ–ò–°–¢\GEEKBRAINS\–ö–ª–∏–µ–Ω—Ç-—Å–µ—Ä–≤–µ—Ä–Ω—ã–µ –ø—Ä–∏–ª–æ–∂–µ–Ω–∏—è –Ω–∞ Python\pythonProject_5\client.py
2022-03-24 20:42:58,567 DEBUG client.py –†–∞–∑–±–æ—Ä —Å–æ–æ–±—â–µ–Ω–∏—è –æ—Ç —Å–µ—Ä–≤–µ—Ä–∞: {'response': 200}
2022-03-24 20:42:58,570 DEBUG decos.py –ë—ã–ª–∞ –≤—ã–∑–≤–∞–Ω–∞ —Ñ—É–Ω–∫—Ü–∏—è process_ans c –ø–∞—Ä–∞–º–µ—Ç—Ä–∞–º–∏ ({'response': 200},), {}.–í—ã–∑–æ–≤ –∏–∑ –º–æ–¥—É–ª—è __main__.–í—ã–∑–æ–≤ –∏–∑ —Ñ—É–Ω–∫—Ü–∏–∏ main().–í—ã–∑–æ–≤ –∏–∑ —Ñ—É–Ω–∫—Ü–∏–∏ main@@@–í—ã–∑–æ–≤ –∏–∑ —Ñ—É–Ω–∫—Ü–∏–∏ main@@@–≤—ã–∑–æ–≤ –∏–∑ –º–æ–¥—É–ª—è F:\–°–ü–ï–¶–ò–ê–õ–ò–°–¢\GEEKBRAINS\–ö–ª–∏–µ–Ω—Ç-—Å–µ—Ä–≤–µ—Ä–Ω—ã–µ –ø—Ä–∏–ª–æ–∂–µ–Ω–∏—è –Ω–∞ Python\pythonProject_5\client.py
2022-03-24 20:42:58,570 INFO client.py –ü—Ä–∏–Ω—è—Ç –æ—Ç–≤–µ—Ç –æ—Ç —Å–µ—Ä–≤–µ—Ä–∞ 200 : OK
2022-03-28 21:48:11,110 DEBUG decos.py –ë—ã–ª–∞ –≤—ã–∑–≤–∞–Ω–∞ —Ñ—É–Ω–∫—Ü–∏—è arg_parser c –ø–∞—Ä–∞–º–µ—Ç—Ä–∞–º–∏ (), {}.–í—ã–∑–æ–≤ –∏–∑ –º–æ–¥—É–ª—è __main__.–í—ã–∑–æ–≤ –∏–∑ —Ñ—É–Ω–∫—Ü–∏–∏ main().
2022-03-28 21:48:11,111 INFO client.py –ó–∞–ø—É—â–µ–Ω –∫–ª–∏–µ–Ω—Ç —Å –ø–∞—Ä–∞–º–µ—Ä—Ç–∞–º–∏: –∞–¥—Ä–µ—Å —Å–µ—Ä–≤–µ—Ä–∞: 127.0.0.1, –ø–æ—Ä—Ç: 7777, —Ä–µ–∂–∏–º —Ä–∞–±–æ—Ç—ã: listen
2022-03-28 21:48:11,114 DEBUG client.py –°—Ñ–æ—Ä–º–∏—Ä–æ–≤–∞–Ω–æ presence —Å–æ–æ–±—â–µ–Ω–∏–µ –¥–ª—è –ø–æ–ª—å–∑–æ–≤–∞—Ç–µ–ª—è Guest
2022-03-28 21:48:11,115 DEBUG decos.py –ë—ã–ª–∞ –≤—ã–∑–≤–∞–Ω–∞ —Ñ—É–Ω–∫—Ü–∏—è create_presence c –ø–∞—Ä–∞–º–µ—Ç—Ä–∞–º–∏ (), {}.–í—ã–∑–æ–≤ –∏–∑ –º–æ–¥—É–ª—è __main__.–í—ã–∑–æ–≤ –∏–∑ —Ñ—É–Ω–∫—Ü–∏–∏ main().
2022-03-28 21:48:11,145 DEBUG client.py –†–∞–∑–±–æ—Ä –ø—Ä–∏–≤–µ—Ç—Å—Ç–≤–µ–Ω–Ω–æ–≥–æ —Å–æ–æ–±—â–µ–Ω–∏—è –æ—Ç —Å–µ—Ä–≤–µ—Ä–∞: {'response': 200}
2022-03-28 21:48:11,146 DEBUG decos.py –ë—ã–ª–∞ –≤—ã–∑–≤–∞–Ω–∞ —Ñ—É–Ω–∫—Ü–∏—è process_response_ans c –ø–∞—Ä–∞–º–µ—Ç—Ä–∞–º–∏ ({'response': 200},), {}.–í—ã–∑–æ–≤ –∏–∑ –º–æ–¥—É–ª—è __main__.–í—ã–∑–æ–≤ –∏–∑ —Ñ—É–Ω–∫—Ü–∏–∏ main().
2022-03-28 21:48:11,146 INFO client.py –£—Å—Ç–∞–Ω–æ–≤–ª–µ–Ω–æ —Å–æ–µ–¥–∏–Ω–µ–Ω–∏–µ —Å —Å–µ—Ä–≤–µ—Ä–æ–º. –û—Ç–≤–µ—Ç —Å–µ—Ä–≤–µ—Ä–∞: 200 : OK
2022-03-28 21:48:23,931 DEBUG decos.py –ë—ã–ª–∞ –≤—ã–∑–≤–∞–Ω–∞ —Ñ—É–Ω–∫—Ü–∏—è arg_parser c –ø–∞—Ä–∞–º–µ—Ç—Ä–∞–º–∏ (), {}.–í—ã–∑–æ–≤ –∏–∑ –º–æ–¥—É–ª—è __main__.–í—ã–∑–æ–≤ –∏–∑ —Ñ—É–Ω–∫—Ü–∏–∏ main().
2022-03-28 21:48:23,932 INFO client.py –ó–∞–ø—É—â–µ–Ω –∫–ª–∏–µ–Ω—Ç —Å –ø–∞—Ä–∞–º–µ—Ä—Ç–∞–º–∏: –∞–¥—Ä–µ—Å —Å–µ—Ä–≤–µ—Ä–∞: 127.0.0.1, –ø–æ—Ä—Ç: 7777, —Ä–µ–∂–∏–º —Ä–∞–±–æ—Ç—ã: listen
2022-03-28 21:48:23,935 DEBUG client.py –°—Ñ–æ—Ä–º–∏—Ä–æ–≤–∞–Ω–æ presence —Å–æ–æ–±—â–µ–Ω–∏–µ –¥–ª—è –ø–æ–ª—å–∑–æ–≤–∞—Ç–µ–ª—è Guest
2022-03-28 21:48:23,936 DEBUG decos.py –ë—ã–ª–∞ –≤—ã–∑–≤–∞–Ω–∞ —Ñ—É–Ω–∫—Ü–∏—è create_presence c –ø–∞—Ä–∞–º–µ—Ç—Ä–∞–º–∏ (), {}.–í—ã–∑–æ–≤ –∏–∑ –º–æ–¥—É–ª—è __main__.–í—ã–∑–æ–≤ –∏–∑ —Ñ—É–Ω–∫—Ü–∏–∏ main().
2022-03-28 21:48:24,442 DEBUG client.py –†–∞–∑–±–æ—Ä –ø—Ä–∏–≤–µ—Ç—Å—Ç–≤–µ–Ω–Ω–æ–≥–æ —Å–æ–æ–±—â–µ–Ω–∏—è –æ—Ç —Å–µ—Ä–≤–µ—Ä–∞: {'response': 200}
2022-03-28 21:48:24,444 DEBUG decos.py –ë—ã–ª–∞ –≤—ã–∑–≤–∞–Ω–∞ —Ñ—É–Ω–∫—Ü–∏—è process_response_ans c –ø–∞—Ä–∞–º–µ—Ç—Ä–∞–º–∏ ({'response': 200},), {}.–í—ã–∑–æ–≤ –∏–∑ –º–æ–¥—É–ª—è __main__.–í—ã–∑–æ–≤ –∏–∑ —Ñ—É–Ω–∫—Ü–∏–∏ main().
2022-03-28 21:48:24,444 INFO client.py –£—Å—Ç–∞–Ω–æ–≤–ª–µ–Ω–æ —Å–æ–µ–¥–∏–Ω–µ–Ω–∏–µ —Å —Å–µ—Ä–≤–µ—Ä–æ–º. –û—Ç–≤–µ—Ç —Å–µ—Ä–≤–µ—Ä–∞: 200 : OK
2022-03-28 21:58:23,051 DEBUG decos.py –ë—ã–ª–∞ –≤—ã–∑–≤–∞–Ω–∞ —Ñ—É–Ω–∫—Ü–∏—è arg_parser c –ø–∞—Ä–∞–º–µ—Ç—Ä–∞–º–∏ (), {}.–í—ã–∑–æ–≤ –∏–∑ –º–æ–¥—É–ª—è __main__.–í—ã–∑–æ–≤ –∏–∑ —Ñ—É–Ω–∫—Ü–∏–∏ main().
2022-03-28 21:58:23,052 INFO client.py –ó–∞–ø—É—â–µ–Ω –∫–ª–∏–µ–Ω—Ç —Å –ø–∞—Ä–∞–º–µ—Ä—Ç–∞–º–∏: –∞–¥—Ä–µ—Å —Å–µ—Ä–≤–µ—Ä–∞: 127.0.0.1, –ø–æ—Ä—Ç: 7777, —Ä–µ–∂–∏–º —Ä–∞–±–æ—Ç—ã: listen
2022-03-28 21:58:23,054 DEBUG client.py –°—Ñ–æ—Ä–º–∏—Ä–æ–≤–∞–Ω–æ presence —Å–æ–æ–±—â–µ–Ω–∏–µ –¥–ª—è –ø–æ–ª—å–∑–æ–≤–∞—Ç–µ–ª—è Guest
2022-03-28 21:58:23,055 DEBUG decos.py –ë—ã–ª–∞ –≤—ã–∑–≤–∞–Ω–∞ —Ñ—É–Ω–∫—Ü–∏—è create_presence c –ø–∞—Ä–∞–º–µ—Ç—Ä–∞–º–∏ (), {}.–í—ã–∑–æ–≤ –∏–∑ –º–æ–¥—É–ª—è __main__.–í—ã–∑–æ–≤ –∏–∑ —Ñ—É–Ω–∫—Ü–∏–∏ main().
2022-03-28 21:58:23,559 DEBUG client.py –†–∞–∑–±–æ—Ä –ø—Ä–∏–≤–µ—Ç—Å—Ç–≤–µ–Ω–Ω–æ–≥–æ —Å–æ–æ–±—â–µ–Ω–∏—è –æ—Ç —Å–µ—Ä–≤–µ—Ä–∞: {'response': 200}
2022-03-28 21:58:23,559 DEBUG decos.py –ë—ã–ª–∞ –≤—ã–∑–≤–∞–Ω–∞ —Ñ—É–Ω–∫—Ü–∏—è process_response_ans c –ø–∞—Ä–∞–º–µ—Ç—Ä–∞–º–∏ ({'response': 200},), {}.–í—ã–∑–æ–≤ –∏–∑ –º–æ–¥—É–ª—è __main__.–í—ã–∑–æ–≤ –∏–∑ —Ñ—É–Ω–∫—Ü–∏–∏ main().
2022-03-28 21:58:23,560 INFO client.py –£—Å—Ç–∞–Ω–æ–≤–ª–µ–Ω–æ —Å–æ–µ–¥–∏–Ω–µ–Ω–∏–µ —Å —Å–µ—Ä–≤–µ—Ä–æ–º. –û—Ç–≤–µ—Ç —Å–µ—Ä–≤–µ—Ä–∞: 200 : OK
2022-03-28 22:03:17,216 ERROR client.py –°–æ–µ–¥–∏–Ω–µ–Ω–∏–µ —Å —Å–µ—Ä–≤–µ—Ä–æ–º 127.0.0.1 –±—ã–ª–æ –ø–æ—Ç–µ—Ä—è–Ω–æ.
2022-03-28 22:18:07,721 DEBUG decos.py –ë—ã–ª–∞ –≤—ã–∑–≤–∞–Ω–∞ —Ñ—É–Ω–∫—Ü–∏—è arg_parser c –ø–∞—Ä–∞–º–µ—Ç—Ä–∞–º–∏ (), {}.–í—ã–∑–æ–≤ –∏–∑ –º–æ–¥—É–ª—è __main__.–í—ã–∑–æ–≤ –∏–∑ —Ñ—É–Ω–∫—Ü–∏–∏ main().
2022-03-28 22:18:07,723 INFO client.py –ó–∞–ø—É—â–µ–Ω –∫–ª–∏–µ–Ω—Ç —Å –ø–∞—Ä–∞–º–µ—Ä—Ç–∞–º–∏: –∞–¥—Ä–µ—Å —Å–µ—Ä–≤–µ—Ä–∞: 127.0.0.1, –ø–æ—Ä—Ç: 7777, —Ä–µ–∂–∏–º —Ä–∞–±–æ—Ç—ã: listen
2022-03-28 22:18:09,731 CRITICAL client.py –ù–µ —É–¥–∞–ª–æ—Å—å –ø–æ–¥–∫–ª—é—á–∏—Ç—å—Å—è –∫ —Å–µ—Ä–≤–µ—Ä—É 127.0.0.1:7777, –∫–æ–Ω–µ—á–Ω—ã–π –∫–æ–º–ø—å—é—Ç–µ—Ä –æ—Ç–≤–µ—Ä–≥ –∑–∞–ø—Ä–æ—Å –Ω–∞ –ø–æ–¥–∫–ª—é—á–µ–Ω–∏–µ.
2022-03-28 22:18:21,364 DEBUG decos.py –ë—ã–ª–∞ –≤—ã–∑–≤–∞–Ω–∞ —Ñ—É–Ω–∫—Ü–∏—è arg_parser c –ø–∞—Ä–∞–º–µ—Ç—Ä–∞–º–∏ (), {}.–í—ã–∑–æ–≤ –∏–∑ –º–æ–¥—É–ª—è __main__.–í—ã–∑–æ–≤ –∏–∑ —Ñ—É–Ω–∫—Ü–∏–∏ main().
2022-03-28 22:18:21,365 INFO client.py –ó–∞–ø—É—â–µ–Ω –∫–ª–∏–µ–Ω—Ç —Å –ø–∞—Ä–∞–º–µ—Ä—Ç–∞–º–∏: –∞–¥—Ä–µ—Å —Å–µ—Ä–≤–µ—Ä–∞: 127.0.0.1, –ø–æ—Ä—Ç: 7777, —Ä–µ–∂–∏–º —Ä–∞–±–æ—Ç—ã: listen
2022-03-28 22:18:21,367 DEBUG client.py –°—Ñ–æ—Ä–º–∏—Ä–æ–≤–∞–Ω–æ presence —Å–æ–æ–±—â–µ–Ω–∏–µ –¥–ª—è –ø–æ–ª—å–∑–æ–≤–∞—Ç–µ–ª—è Guest
2022-03-28 22:18:21,368 DEBUG decos.py –ë—ã–ª–∞ –≤—ã–∑–≤–∞–Ω–∞ —Ñ—É–Ω–∫—Ü–∏—è create_presence c –ø–∞—Ä–∞–º–µ—Ç—Ä–∞–º–∏ (), {}.–í—ã–∑–æ–≤ –∏–∑ –º–æ–¥—É–ª—è __main__.–í—ã–∑–æ–≤ –∏–∑ —Ñ—É–Ω–∫—Ü–∏–∏ main().
2022-03-28 22:18:22,383 DEBUG client.py –†–∞–∑–±–æ—Ä –ø—Ä–∏–≤–µ—Ç—Å—Ç–≤–µ–Ω–Ω–æ–≥–æ —Å–æ–æ–±—â–µ–Ω–∏—è –æ—Ç —Å–µ—Ä–≤–µ—Ä–∞: {'response': 200}
2022-03-28 22:18:22,384 DEBUG decos.py –ë—ã–ª–∞ –≤—ã–∑–≤–∞–Ω–∞ —Ñ—É–Ω–∫—Ü–∏—è process_response_ans c –ø–∞—Ä–∞–º–µ—Ç—Ä–∞–º–∏ ({'response': 200},), {}.–í—ã–∑–æ–≤ –∏–∑ –º–æ–¥—É–ª—è __main__.–í—ã–∑–æ–≤ –∏–∑ —Ñ—É–Ω–∫—Ü–∏–∏ main().
2022-03-28 22:18:22,384 INFO client.py –£—Å—Ç–∞–Ω–æ–≤–ª–µ–Ω–æ —Å–æ–µ–¥–∏–Ω–µ–Ω–∏–µ —Å —Å–µ—Ä–≤–µ—Ä–æ–º. –û—Ç–≤–µ—Ç —Å–µ—Ä–≤–µ—Ä–∞: 200 : OK
2022-03-28 22:18:27,187 DEBUG decos.py –ë—ã–ª–∞ –≤—ã–∑–≤–∞–Ω–∞ —Ñ—É–Ω–∫—Ü–∏—è arg_parser c –ø–∞—Ä–∞–º–µ—Ç—Ä–∞–º–∏ (), {}.–í—ã–∑–æ–≤ –∏–∑ –º–æ–¥—É–ª—è __main__.–í—ã–∑–æ–≤ –∏–∑ —Ñ—É–Ω–∫—Ü–∏–∏ main().
2022-03-28 22:18:27,187 INFO client.py –ó–∞–ø—É—â–µ–Ω –∫–ª–∏–µ–Ω—Ç —Å –ø–∞—Ä–∞–º–µ—Ä—Ç–∞–º–∏: –∞–¥—Ä–µ—Å —Å–µ—Ä–≤–µ—Ä–∞: 127.0.0.1, –ø–æ—Ä—Ç: 7777, —Ä–µ–∂–∏–º —Ä–∞–±–æ—Ç—ã: listen
2022-03-28 22:18:27,190 DEBUG client.py –°—Ñ–æ—Ä–º–∏—Ä–æ–≤–∞–Ω–æ presence —Å–æ–æ–±—â–µ–Ω–∏–µ –¥–ª—è –ø–æ–ª—å–∑–æ–≤–∞—Ç–µ–ª—è Guest
2022-03-28 22:18:27,191 DEBUG decos.py –ë—ã–ª–∞ –≤—ã–∑–≤–∞–Ω–∞ —Ñ—É–Ω–∫—Ü–∏—è create_presence c –ø–∞—Ä–∞–º–µ—Ç—Ä–∞–º–∏ (), {}.–í—ã–∑–æ–≤ –∏–∑ –º–æ–¥—É–ª—è __main__.–í—ã–∑–æ–≤ –∏–∑ —Ñ—É–Ω–∫—Ü–∏–∏ main().
2022-03-28 22:18:28,194 DEBUG client.py –†–∞–∑–±–æ—Ä –ø—Ä–∏–≤–µ—Ç—Å—Ç–≤–µ–Ω–Ω–æ–≥–æ —Å–æ–æ–±—â–µ–Ω–∏—è –æ—Ç —Å–µ—Ä–≤–µ—Ä–∞: {'response': 200}
2022-03-28 22:18:28,195 DEBUG decos.py –ë—ã–ª–∞ –≤—ã–∑–≤–∞–Ω–∞ —Ñ—É–Ω–∫—Ü–∏—è process_response_ans c –ø–∞—Ä–∞–º–µ—Ç—Ä–∞–º–∏ ({'response': 200},), {}.–í—ã–∑–æ–≤ –∏–∑ –º–æ–¥—É–ª—è __main__.–í—ã–∑–æ–≤ –∏–∑ —Ñ—É–Ω–∫—Ü–∏–∏ main().
2022-03-28 22:18:28,195 INFO client.py –£—Å—Ç–∞–Ω–æ–≤–ª–µ–Ω–æ —Å–æ–µ–¥–∏–Ω–µ–Ω–∏–µ —Å —Å–µ—Ä–≤–µ—Ä–æ–º. –û—Ç–≤–µ—Ç —Å–µ—Ä–≤–µ—Ä–∞: 200 : OK
2022-03-28 22:20:18,146 DEBUG decos.py –ë—ã–ª–∞ –≤—ã–∑–≤–∞–Ω–∞ —Ñ—É–Ω–∫—Ü–∏—è arg_parser c –ø–∞—Ä–∞–º–µ—Ç—Ä–∞–º–∏ (), {}.–í—ã–∑–æ–≤ –∏–∑ –º–æ–¥—É–ª—è __main__.–í—ã–∑–æ–≤ –∏–∑ —Ñ—É–Ω–∫—Ü–∏–∏ main().
2022-03-28 22:20:18,146 INFO client.py –ó–∞–ø—É—â–µ–Ω –∫–ª–∏–µ–Ω—Ç —Å –ø–∞—Ä–∞–º–µ—Ä—Ç–∞–º–∏: –∞–¥—Ä–µ—Å —Å–µ—Ä–≤–µ—Ä–∞: 127.0.0.1, –ø–æ—Ä—Ç: 7777, —Ä–µ–∂–∏–º —Ä–∞–±–æ—Ç—ã: listen
2022-03-28 22:20:18,148 DEBUG client.py –°—Ñ–æ—Ä–º–∏—Ä–æ–≤–∞–Ω–æ presence —Å–æ–æ–±—â–µ–Ω–∏–µ –¥–ª—è –ø–æ–ª—å–∑–æ–≤–∞—Ç–µ–ª—è Guest
2022-03-28 22:20:18,149 DEBUG decos.py –ë—ã–ª–∞ –≤—ã–∑–≤–∞–Ω–∞ —Ñ—É–Ω–∫—Ü–∏—è create_presence c –ø–∞—Ä–∞–º–µ—Ç—Ä–∞–º–∏ (), {}.–í—ã–∑–æ–≤ –∏–∑ –º–æ–¥—É–ª—è __main__.–í—ã–∑–æ–≤ –∏–∑ —Ñ—É–Ω–∫—Ü–∏–∏ main().
2022-03-28 22:20:19,363 DEBUG client.py –†–∞–∑–±–æ—Ä –ø—Ä–∏–≤–µ—Ç—Å—Ç–≤–µ–Ω–Ω–æ–≥–æ —Å–æ–æ–±—â–µ–Ω–∏—è –æ—Ç —Å–µ—Ä–≤–µ—Ä–∞: {'response': 200}
2022-03-28 22:20:19,364 DEBUG decos.py –ë—ã–ª–∞ –≤—ã–∑–≤–∞–Ω–∞ —Ñ—É–Ω–∫—Ü–∏—è process_response_ans c –ø–∞—Ä–∞–º–µ—Ç—Ä–∞–º–∏ ({'response': 200},), {}.–í—ã–∑–æ–≤ –∏–∑ –º–æ–¥—É–ª—è __main__.–í—ã–∑–æ–≤ –∏–∑ —Ñ—É–Ω–∫—Ü–∏–∏ main().
2022-03-28 22:20:19,364 INFO client.py –£—Å—Ç–∞–Ω–æ–≤–ª–µ–Ω–æ —Å–æ–µ–¥–∏–Ω–µ–Ω–∏–µ —Å —Å–µ—Ä–≤–µ—Ä–æ–º. –û—Ç–≤–µ—Ç —Å–µ—Ä–≤–µ—Ä–∞: 200 : OK
2022-03-28 22:25:18,940 DEBUG decos.py –ë—ã–ª–∞ –≤—ã–∑–≤–∞–Ω–∞ —Ñ—É–Ω–∫—Ü–∏—è arg_parser c –ø–∞—Ä–∞–º–µ—Ç—Ä–∞–º–∏ (), {}.–í—ã–∑–æ–≤ –∏–∑ –º–æ–¥—É–ª—è __main__.–í—ã–∑–æ–≤ –∏–∑ —Ñ—É–Ω–∫—Ü–∏–∏ main().
2022-03-28 22:25:18,940 INFO client.py –ó–∞–ø—É—â–µ–Ω –∫–ª–∏–µ–Ω—Ç —Å –ø–∞—Ä–∞–º–µ—Ä—Ç–∞–º–∏: –∞–¥—Ä–µ—Å —Å–µ—Ä–≤–µ—Ä–∞: 127.0.0.1, –ø–æ—Ä—Ç: 7777, —Ä–µ–∂–∏–º —Ä–∞–±–æ—Ç—ã: listen
2022-03-28 22:25:18,943 DEBUG client.py –°—Ñ–æ—Ä–º–∏—Ä–æ–≤–∞–Ω–æ presence —Å–æ–æ–±—â–µ–Ω–∏–µ –¥–ª—è –ø–æ–ª—å–∑–æ–≤–∞—Ç–µ–ª—è Guest
2022-03-28 22:25:18,943 DEBUG decos.py –ë—ã–ª–∞ –≤—ã–∑–≤–∞–Ω–∞ —Ñ—É–Ω–∫—Ü–∏—è create_presence c –ø–∞—Ä–∞–º–µ—Ç—Ä–∞–º–∏ (), {}.–í—ã–∑–æ–≤ –∏–∑ –º–æ–¥—É–ª—è __main__.–í—ã–∑–æ–≤ –∏–∑ —Ñ—É–Ω–∫—Ü–∏–∏ main().
2022-03-28 22:25:19,952 DEBUG client.py –†–∞–∑–±–æ—Ä –ø—Ä–∏–≤–µ—Ç—Å—Ç–≤–µ–Ω–Ω–æ–≥–æ —Å–æ–æ–±—â–µ–Ω–∏—è –æ—Ç —Å–µ—Ä–≤–µ—Ä–∞: {'response': 200}
2022-03-28 22:25:19,953 DEBUG decos.py –ë—ã–ª–∞ –≤—ã–∑–≤–∞–Ω–∞ —Ñ—É–Ω–∫—Ü–∏—è process_response_ans c –ø–∞—Ä–∞–º–µ—Ç—Ä–∞–º–∏ ({'response': 200},), {}.–í—ã–∑–æ–≤ –∏–∑ –º–æ–¥—É–ª—è __main__.–í—ã–∑–æ–≤ –∏–∑ —Ñ—É–Ω–∫—Ü–∏–∏ main().
2022-03-28 22:25:19,953 INFO client.py –£—Å—Ç–∞–Ω–æ–≤–ª–µ–Ω–æ —Å–æ–µ–¥–∏–Ω–µ–Ω–∏–µ —Å —Å–µ—Ä–≤–µ—Ä–æ–º. –û—Ç–≤–µ—Ç —Å–µ—Ä–≤–µ—Ä–∞: 200 : OK
2022-03-28 22:27:01,163 DEBUG decos.py –ë—ã–ª–∞ –≤—ã–∑–≤–∞–Ω–∞ —Ñ—É–Ω–∫—Ü–∏—è arg_parser c –ø–∞—Ä–∞–º–µ—Ç—Ä–∞–º–∏ (), {}.–í—ã–∑–æ–≤ –∏–∑ –º–æ–¥—É–ª—è __main__.–í—ã–∑–æ–≤ –∏–∑ —Ñ—É–Ω–∫—Ü–∏–∏ main().
2022-03-28 22:27:01,163 INFO client.py –ó–∞–ø—É—â–µ–Ω –∫–ª–∏–µ–Ω—Ç —Å –ø–∞—Ä–∞–º–µ—Ä—Ç–∞–º–∏: –∞–¥—Ä–µ—Å —Å–µ—Ä–≤–µ—Ä–∞: 127.0.0.1, –ø–æ—Ä—Ç: 7777, —Ä–µ–∂–∏–º —Ä–∞–±–æ—Ç—ã: listen
2022-03-28 22:27:01,166 DEBUG client.py –°—Ñ–æ—Ä–º–∏—Ä–æ–≤–∞–Ω–æ presence —Å–æ–æ–±—â–µ–Ω–∏–µ –¥–ª—è –ø–æ–ª—å–∑–æ–≤–∞—Ç–µ–ª—è Guest
2022-03-28 22:27:01,167 DEBUG decos.py –ë—ã–ª–∞ –≤—ã–∑–≤–∞–Ω–∞ —Ñ—É–Ω–∫—Ü–∏—è create_presence c –ø–∞—Ä–∞–º–µ—Ç—Ä–∞–º–∏ (), {}.–í—ã–∑–æ–≤ –∏–∑ –º–æ–¥—É–ª—è __main__.–í—ã–∑–æ–≤ –∏–∑ —Ñ—É–Ω–∫—Ü–∏–∏ main().
2022-03-28 22:27:02,168 DEBUG client.py –†–∞–∑–±–æ—Ä –ø—Ä–∏–≤–µ—Ç—Å—Ç–≤–µ–Ω–Ω–æ–≥–æ —Å–æ–æ–±—â–µ–Ω–∏—è –æ—Ç —Å–µ—Ä–≤–µ—Ä–∞: {'response': 200}
2022-03-28 22:27:02,170 DEBUG decos.py –ë—ã–ª–∞ –≤—ã–∑–≤–∞–Ω–∞ —Ñ—É–Ω–∫—Ü–∏—è process_response_ans c –ø–∞—Ä–∞–º–µ—Ç—Ä–∞–º–∏ ({'response': 200},), {}.–í—ã–∑–æ–≤ –∏–∑ –º–æ–¥—É–ª—è __main__.–í—ã–∑–æ–≤ –∏–∑ —Ñ—É–Ω–∫—Ü–∏–∏ main().
2022-03-28 22:27:02,170 INFO client.py –£—Å—Ç–∞–Ω–æ–≤–ª–µ–Ω–æ —Å–æ–µ–¥–∏–Ω–µ–Ω–∏–µ —Å —Å–µ—Ä–≤–µ—Ä–æ–º. –û—Ç–≤–µ—Ç —Å–µ—Ä–≤–µ—Ä–∞: 200 : OK
2022-03-28 22:27:07,650 DEBUG decos.py –ë—ã–ª–∞ –≤—ã–∑–≤–∞–Ω–∞ —Ñ—É–Ω–∫—Ü–∏—è arg_parser c –ø–∞—Ä–∞–º–µ—Ç—Ä–∞–º–∏ (), {}.–í—ã–∑–æ–≤ –∏–∑ –º–æ–¥—É–ª—è __main__.–í—ã–∑–æ–≤ –∏–∑ —Ñ—É–Ω–∫—Ü–∏–∏ main().
2022-03-28 22:27:07,650 INFO client.py –ó–∞–ø—É—â–µ–Ω –∫–ª–∏–µ–Ω—Ç —Å –ø–∞—Ä–∞–º–µ—Ä—Ç–∞–º–∏: –∞–¥—Ä–µ—Å —Å–µ—Ä–≤–µ—Ä–∞: 127.0.0.1, –ø–æ—Ä—Ç: 7777, —Ä–µ–∂–∏–º —Ä–∞–±–æ—Ç—ã: listen
2022-03-28 22:27:07,653 DEBUG client.py –°—Ñ–æ—Ä–º–∏—Ä–æ–≤–∞–Ω–æ presence —Å–æ–æ–±—â–µ–Ω–∏–µ –¥–ª—è –ø–æ–ª—å–∑–æ–≤–∞—Ç–µ–ª—è Guest
2022-03-28 22:27:07,654 DEBUG decos.py –ë—ã–ª–∞ –≤—ã–∑–≤–∞–Ω–∞ —Ñ—É–Ω–∫—Ü–∏—è create_presence c –ø–∞—Ä–∞–º–µ—Ç—Ä–∞–º–∏ (), {}.–í—ã–∑–æ–≤ –∏–∑ –º–æ–¥—É–ª—è __main__.–í—ã–∑–æ–≤ –∏–∑ —Ñ—É–Ω–∫—Ü–∏–∏ main().
2022-03-28 22:27:08,664 DEBUG client.py –†–∞–∑–±–æ—Ä –ø—Ä–∏–≤–µ—Ç—Å—Ç–≤–µ–Ω–Ω–æ–≥–æ —Å–æ–æ–±—â–µ–Ω–∏—è –æ—Ç —Å–µ—Ä–≤–µ—Ä–∞: {'response': 200}
2022-03-28 22:27:08,666 DEBUG decos.py –ë—ã–ª–∞ –≤—ã–∑–≤–∞–Ω–∞ —Ñ—É–Ω–∫—Ü–∏—è process_response_ans c –ø–∞—Ä–∞–º–µ—Ç—Ä–∞–º–∏ ({'response': 200},), {}.–í—ã–∑–æ–≤ –∏–∑ –º–æ–¥—É–ª—è __main__.–í—ã–∑–æ–≤ –∏–∑ —Ñ—É–Ω–∫—Ü–∏–∏ main().
2022-03-28 22:27:08,666 INFO client.py –£—Å—Ç–∞–Ω–æ–≤–ª–µ–Ω–æ —Å–æ–µ–¥–∏–Ω–µ–Ω–∏–µ —Å —Å–µ—Ä–≤–µ—Ä–æ–º. –û—Ç–≤–µ—Ç —Å–µ—Ä–≤–µ—Ä–∞: 200 : OK
2022-03-28 22:49:02,248 ERROR client.py –°–æ–µ–¥–∏–Ω–µ–Ω–∏–µ —Å —Å–µ—Ä–≤–µ—Ä–æ–º 127.0.0.1 –±—ã–ª–æ –ø–æ—Ç–µ—Ä—è–Ω–æ.
2022-03-28 22:49:02,248 ERROR client.py –°–æ–µ–¥–∏–Ω–µ–Ω–∏–µ —Å —Å–µ—Ä–≤–µ—Ä–æ–º 127.0.0.1 –±—ã–ª–æ –ø–æ—Ç–µ—Ä—è–Ω–æ.
2022-03-28 22:49:18,649 DEBUG decos.py –ë—ã–ª–∞ –≤—ã–∑–≤–∞–Ω–∞ —Ñ—É–Ω–∫—Ü–∏—è arg_parser c –ø–∞—Ä–∞–º–µ—Ç—Ä–∞–º–∏ (), {}.–í—ã–∑–æ–≤ –∏–∑ –º–æ–¥—É–ª—è __main__.–í—ã–∑–æ–≤ –∏–∑ —Ñ—É–Ω–∫—Ü–∏–∏ main().
2022-03-28 22:49:18,650 INFO client.py –ó–∞–ø—É—â–µ–Ω –∫–ª–∏–µ–Ω—Ç —Å –ø–∞—Ä–∞–º–µ—Ä—Ç–∞–º–∏: –∞–¥—Ä–µ—Å —Å–µ—Ä–≤–µ—Ä–∞: 127.0.0.1, –ø–æ—Ä—Ç: 7777, —Ä–µ–∂–∏–º —Ä–∞–±–æ—Ç—ã: listen
2022-03-28 22:49:18,653 DEBUG client.py –°—Ñ–æ—Ä–º–∏—Ä–æ–≤–∞–Ω–æ presence —Å–æ–æ–±—â–µ–Ω–∏–µ –¥–ª—è –ø–æ–ª—å–∑–æ–≤–∞—Ç–µ–ª—è Guest
2022-03-28 22:49:18,654 DEBUG decos.py –ë—ã–ª–∞ –≤—ã–∑–≤–∞–Ω–∞ —Ñ—É–Ω–∫—Ü–∏—è create_presence c –ø–∞—Ä–∞–º–µ—Ç—Ä–∞–º–∏ (), {}.–í—ã–∑–æ–≤ –∏–∑ –º–æ–¥—É–ª—è __main__.–í—ã–∑–æ–≤ –∏–∑ —Ñ—É–Ω–∫—Ü–∏–∏ main().
2022-03-28 22:49:18,677 DEBUG client.py –†–∞–∑–±–æ—Ä –ø—Ä–∏–≤–µ—Ç—Å—Ç–≤–µ–Ω–Ω–æ–≥–æ —Å–æ–æ–±—â–µ–Ω–∏—è –æ—Ç —Å–µ—Ä–≤–µ—Ä–∞: {'response': 200}
2022-03-28 22:49:18,678 DEBUG decos.py –ë—ã–ª–∞ –≤—ã–∑–≤–∞–Ω–∞ —Ñ—É–Ω–∫—Ü–∏—è process_response_ans c –ø–∞—Ä–∞–º–µ—Ç—Ä–∞–º–∏ ({'response': 200},), {}.–í—ã–∑–æ–≤ –∏–∑ –º–æ–¥—É–ª—è __main__.–í—ã–∑–æ–≤ –∏–∑ —Ñ—É–Ω–∫—Ü–∏–∏ main().
2022-03-28 22:49:18,679 INFO client.py –£—Å—Ç–∞–Ω–æ–≤–ª–µ–Ω–æ —Å–æ–µ–¥–∏–Ω–µ–Ω–∏–µ —Å —Å–µ—Ä–≤–µ—Ä–æ–º. –û—Ç–≤–µ—Ç —Å–µ—Ä–≤–µ—Ä–∞: 200 : OK
2022-03-28 22:50:50,032 DEBUG decos.py –ë—ã–ª–∞ –≤—ã–∑–≤–∞–Ω–∞ —Ñ—É–Ω–∫—Ü–∏—è arg_parser c –ø–∞—Ä–∞–º–µ—Ç—Ä–∞–º–∏ (), {}.–í—ã–∑–æ–≤ –∏–∑ –º–æ–¥—É–ª—è __main__.–í—ã–∑–æ–≤ –∏–∑ —Ñ—É–Ω–∫—Ü–∏–∏ main().
2022-03-28 22:50:50,032 INFO client.py –ó–∞–ø—É—â–µ–Ω –∫–ª–∏–µ–Ω—Ç —Å –ø–∞—Ä–∞–º–µ—Ä—Ç–∞–º–∏: –∞–¥—Ä–µ—Å —Å–µ—Ä–≤–µ—Ä–∞: 127.0.0.1, –ø–æ—Ä—Ç: 7777, —Ä–µ–∂–∏–º —Ä–∞–±–æ—Ç—ã: listen
2022-03-28 22:50:50,035 DEBUG client.py –°—Ñ–æ—Ä–º–∏—Ä–æ–≤–∞–Ω–æ presence —Å–æ–æ–±—â–µ–Ω–∏–µ –¥–ª—è –ø–æ–ª—å–∑–æ–≤–∞—Ç–µ–ª—è Guest
2022-03-28 22:50:50,037 DEBUG decos.py –ë—ã–ª–∞ –≤—ã–∑–≤–∞–Ω–∞ —Ñ—É–Ω–∫—Ü–∏—è create_presence c –ø–∞—Ä–∞–º–µ—Ç—Ä–∞–º–∏ (), {}.–í—ã–∑–æ–≤ –∏–∑ –º–æ–¥—É–ª—è __main__.–í—ã–∑–æ–≤ –∏–∑ —Ñ—É–Ω–∫—Ü–∏–∏ main().
2022-03-28 22:50:50,047 DEBUG decos.py –ë—ã–ª–∞ –≤—ã–∑–≤–∞–Ω–∞ —Ñ—É–Ω–∫—Ü–∏—è arg_parser c –ø–∞—Ä–∞–º–µ—Ç—Ä–∞–º–∏ (), {}.–í—ã–∑–æ–≤ –∏–∑ –º–æ–¥—É–ª—è __main__.–í—ã–∑–æ–≤ –∏–∑ —Ñ—É–Ω–∫—Ü–∏–∏ main().
2022-03-28 22:50:50,047 INFO client.py –ó–∞–ø—É—â–µ–Ω –∫–ª–∏–µ–Ω—Ç —Å –ø–∞—Ä–∞–º–µ—Ä—Ç–∞–º–∏: –∞–¥—Ä–µ—Å —Å–µ—Ä–≤–µ—Ä–∞: 127.0.0.1, –ø–æ—Ä—Ç: 7777, —Ä–µ–∂–∏–º —Ä–∞–±–æ—Ç—ã: send
2022-03-28 22:50:50,050 DEBUG client.py –°—Ñ–æ—Ä–º–∏—Ä–æ–≤–∞–Ω–æ presence —Å–æ–æ–±—â–µ–Ω–∏–µ –¥–ª—è –ø–æ–ª—å–∑–æ–≤–∞—Ç–µ–ª—è Guest
2022-03-28 22:50:50,051 DEBUG decos.py –ë—ã–ª–∞ –≤—ã–∑–≤–∞–Ω–∞ —Ñ—É–Ω–∫—Ü–∏—è create_presence c –ø–∞—Ä–∞–º–µ—Ç—Ä–∞–º–∏ (), {}.–í—ã–∑–æ–≤ –∏–∑ –º–æ–¥—É–ª—è __main__.–í—ã–∑–æ–≤ –∏–∑ —Ñ—É–Ω–∫—Ü–∏–∏ main().
2022-03-28 22:50:50,052 DEBUG client.py –†–∞–∑–±–æ—Ä –ø—Ä–∏–≤–µ—Ç—Å—Ç–≤–µ–Ω–Ω–æ–≥–æ —Å–æ–æ–±—â–µ–Ω–∏—è –æ—Ç —Å–µ—Ä–≤–µ—Ä–∞: {'response': 200}
2022-03-28 22:50:50,053 DEBUG decos.py –ë—ã–ª–∞ –≤—ã–∑–≤–∞–Ω–∞ —Ñ—É–Ω–∫—Ü–∏—è process_response_ans c –ø–∞—Ä–∞–º–µ—Ç—Ä–∞–º–∏ ({'response': 200},), {}.–í—ã–∑–æ–≤ –∏–∑ –º–æ–¥—É–ª—è __main__.–í—ã–∑–æ–≤ –∏–∑ —Ñ—É–Ω–∫—Ü–∏–∏ main().
2022-03-28 22:50:50,053 INFO client.py –£—Å—Ç–∞–Ω–æ–≤–ª–µ–Ω–æ —Å–æ–µ–¥–∏–Ω–µ–Ω–∏–µ —Å —Å–µ—Ä–≤–µ—Ä–æ–º. –û—Ç–≤–µ—Ç —Å–µ—Ä–≤–µ—Ä–∞: 200 : OK
2022-03-28 22:50:50,083 DEBUG decos.py –ë—ã–ª–∞ –≤—ã–∑–≤–∞–Ω–∞ —Ñ—É–Ω–∫—Ü–∏—è arg_parser c –ø–∞—Ä–∞–º–µ—Ç—Ä–∞–º–∏ (), {}.–í—ã–∑–æ–≤ –∏–∑ –º–æ–¥—É–ª—è __main__.–í—ã–∑–æ–≤ –∏–∑ —Ñ—É–Ω–∫—Ü–∏–∏ main().
2022-03-28 22:50:50,083 INFO client.py –ó–∞–ø—É—â–µ–Ω –∫–ª–∏–µ–Ω—Ç —Å –ø–∞—Ä–∞–º–µ—Ä—Ç–∞–º–∏: –∞–¥—Ä–µ—Å —Å–µ—Ä–≤–µ—Ä–∞: 127.0.0.1, –ø–æ—Ä—Ç: 7777, —Ä–µ–∂–∏–º —Ä–∞–±–æ—Ç—ã: send
2022-03-28 22:50:50,087 DEBUG client.py –°—Ñ–æ—Ä–º–∏—Ä–æ–≤–∞–Ω–æ presence —Å–æ–æ–±—â–µ–Ω–∏–µ –¥–ª—è –ø–æ–ª—å–∑–æ–≤–∞—Ç–µ–ª—è Guest
2022-03-28 22:50:50,088 DEBUG client.py –†–∞–∑–±–æ—Ä –ø—Ä–∏–≤–µ—Ç—Å—Ç–≤–µ–Ω–Ω–æ–≥–æ —Å–æ–æ–±—â–µ–Ω–∏—è –æ—Ç —Å–µ—Ä–≤–µ—Ä–∞: {'response': 200}
2022-03-28 22:50:50,088 DEBUG decos.py –ë—ã–ª–∞ –≤—ã–∑–≤–∞–Ω–∞ —Ñ—É–Ω–∫—Ü–∏—è create_presence c –ø–∞—Ä–∞–º–µ—Ç—Ä–∞–º–∏ (), {}.–í—ã–∑–æ–≤ –∏–∑ –º–æ–¥—É–ª—è __main__.–í—ã–∑–æ–≤ –∏–∑ —Ñ—É–Ω–∫—Ü–∏–∏ main().
2022-03-28 22:50:50,089 DEBUG decos.py –ë—ã–ª–∞ –≤—ã–∑–≤–∞–Ω–∞ —Ñ—É–Ω–∫—Ü–∏—è process_response_ans c –ø–∞—Ä–∞–º–µ—Ç—Ä–∞–º–∏ ({'response': 200},), {}.–í—ã–∑–æ–≤ –∏–∑ –º–æ–¥—É–ª—è __main__.–í—ã–∑–æ–≤ –∏–∑ —Ñ—É–Ω–∫—Ü–∏–∏ main().
2022-03-28 22:50:50,089 INFO client.py –£—Å—Ç–∞–Ω–æ–≤–ª–µ–Ω–æ —Å–æ–µ–¥–∏–Ω–µ–Ω–∏–µ —Å —Å–µ—Ä–≤–µ—Ä–æ–º. –û—Ç–≤–µ—Ç —Å–µ—Ä–≤–µ—Ä–∞: 200 : OK
2022-03-28 22:50:50,092 DEBUG decos.py –ë—ã–ª–∞ –≤—ã–∑–≤–∞–Ω–∞ —Ñ—É–Ω–∫—Ü–∏—è arg_parser c –ø–∞—Ä–∞–º–µ—Ç—Ä–∞–º–∏ (), {}.–í—ã–∑–æ–≤ –∏–∑ –º–æ–¥—É–ª—è __main__.–í—ã–∑–æ–≤ –∏–∑ —Ñ—É–Ω–∫—Ü–∏–∏ main().
2022-03-28 22:50:50,092 INFO client.py –ó–∞–ø—É—â–µ–Ω –∫–ª–∏–µ–Ω—Ç —Å –ø–∞—Ä–∞–º–µ—Ä—Ç–∞–º–∏: –∞–¥—Ä–µ—Å —Å–µ—Ä–≤–µ—Ä–∞: 127.0.0.1, –ø–æ—Ä—Ç: 7777, —Ä–µ–∂–∏–º —Ä–∞–±–æ—Ç—ã: listen
2022-03-28 22:50:50,095 DEBUG decos.py –ë—ã–ª–∞ –≤—ã–∑–≤–∞–Ω–∞ —Ñ—É–Ω–∫—Ü–∏—è arg_parser c –ø–∞—Ä–∞–º–µ—Ç—Ä–∞–º–∏ (), {}.–í—ã–∑–æ–≤ –∏–∑ –º–æ–¥—É–ª—è __main__.–í—ã–∑–æ–≤ –∏–∑ —Ñ—É–Ω–∫—Ü–∏–∏ main().
2022-03-28 22:50:50,095 INFO client.py –ó–∞–ø—É—â–µ–Ω –∫–ª–∏–µ–Ω—Ç —Å –ø–∞—Ä–∞–º–µ—Ä—Ç–∞–º–∏: –∞–¥—Ä–µ—Å —Å–µ—Ä–≤–µ—Ä–∞: 127.0.0.1, –ø–æ—Ä—Ç: 7777, —Ä–µ–∂–∏–º —Ä–∞–±–æ—Ç—ã: listen
2022-03-28 22:50:50,096 DEBUG client.py –°—Ñ–æ—Ä–º–∏—Ä–æ–≤–∞–Ω–æ presence —Å–æ–æ–±—â–µ–Ω–∏–µ –¥–ª—è –ø–æ–ª—å–∑–æ–≤–∞—Ç–µ–ª—è Guest
2022-03-28 22:50:50,097 DEBUG decos.py –ë—ã–ª–∞ –≤—ã–∑–≤–∞–Ω–∞ —Ñ—É–Ω–∫—Ü–∏—è create_presence c –ø–∞—Ä–∞–º–µ—Ç—Ä–∞–º–∏ (), {}.–í—ã–∑–æ–≤ –∏–∑ –º–æ–¥—É–ª—è __main__.–í—ã–∑–æ–≤ –∏–∑ —Ñ—É–Ω–∫—Ü–∏–∏ main().
2022-03-28 22:50:50,097 DEBUG client.py –†–∞–∑–±–æ—Ä –ø—Ä–∏–≤–µ—Ç—Å—Ç–≤–µ–Ω–Ω–æ–≥–æ —Å–æ–æ–±—â–µ–Ω–∏—è –æ—Ç —Å–µ—Ä–≤–µ—Ä–∞: {'response': 200}
2022-03-28 22:50:50,098 DEBUG decos.py –ë—ã–ª–∞ –≤—ã–∑–≤–∞–Ω–∞ —Ñ—É–Ω–∫—Ü–∏—è process_response_ans c –ø–∞—Ä–∞–º–µ—Ç—Ä–∞–º–∏ ({'response': 200},), {}.–í—ã–∑–æ–≤ –∏–∑ –º–æ–¥—É–ª—è __main__.–í—ã–∑–æ–≤ –∏–∑ —Ñ—É–Ω–∫—Ü–∏–∏ main().
2022-03-28 22:50:50,098 INFO client.py –£—Å—Ç–∞–Ω–æ–≤–ª–µ–Ω–æ —Å–æ–µ–¥–∏–Ω–µ–Ω–∏–µ —Å —Å–µ—Ä–≤–µ—Ä–æ–º. –û—Ç–≤–µ—Ç —Å–µ—Ä–≤–µ—Ä–∞: 200 : OK
2022-03-28 22:50:50,099 DEBUG client.py –°—Ñ–æ—Ä–º–∏—Ä–æ–≤–∞–Ω–æ presence —Å–æ–æ–±—â–µ–Ω–∏–µ –¥–ª—è –ø–æ–ª—å–∑–æ–≤–∞—Ç–µ–ª—è Guest
2022-03-28 22:50:50,100 DEBUG decos.py –ë—ã–ª–∞ –≤—ã–∑–≤–∞–Ω–∞ —Ñ—É–Ω–∫—Ü–∏—è create_presence c –ø–∞—Ä–∞–º–µ—Ç—Ä–∞–º–∏ (), {}.–í—ã–∑–æ–≤ –∏–∑ –º–æ–¥—É–ª—è __main__.–í—ã–∑–æ–≤ –∏–∑ —Ñ—É–Ω–∫—Ü–∏–∏ main().
2022-03-28 22:50:50,101 DEBUG decos.py –ë—ã–ª–∞ –≤—ã–∑–≤–∞–Ω–∞ —Ñ—É–Ω–∫—Ü–∏—è process_response_ans c –ø–∞—Ä–∞–º–µ—Ç—Ä–∞–º–∏ ({'response': 200},), {}.–í—ã–∑–æ–≤ –∏–∑ –º–æ–¥—É–ª—è __main__.–í—ã–∑–æ–≤ –∏–∑ —Ñ—É–Ω–∫—Ü–∏–∏ main().
2022-03-28 22:50:50,101 INFO client.py –£—Å—Ç–∞–Ω–æ–≤–ª–µ–Ω–æ —Å–æ–µ–¥–∏–Ω–µ–Ω–∏–µ —Å —Å–µ—Ä–≤–µ—Ä–æ–º. –û—Ç–≤–µ—Ç —Å–µ—Ä–≤–µ—Ä–∞: 200 : OK
2022-03-28 22:50:50,111 DEBUG decos.py –ë—ã–ª–∞ –≤—ã–∑–≤–∞–Ω–∞ —Ñ—É–Ω–∫—Ü–∏—è arg_parser c –ø–∞—Ä–∞–º–µ—Ç—Ä–∞–º–∏ (), {}.–í—ã–∑–æ–≤ –∏–∑ –º–æ–¥—É–ª—è __main__.–í—ã–∑–æ–≤ –∏–∑ —Ñ—É–Ω–∫—Ü–∏–∏ main().
2022-03-28 22:50:50,112 INFO client.py –ó–∞–ø—É—â–µ–Ω –∫–ª–∏–µ–Ω—Ç —Å –ø–∞—Ä–∞–º–µ—Ä—Ç–∞–º–∏: –∞–¥—Ä–µ—Å —Å–µ—Ä–≤–µ—Ä–∞: 127.0.0.1, –ø–æ—Ä—Ç: 7777, —Ä–µ–∂–∏–º —Ä–∞–±–æ—Ç—ã: listen
2022-03-28 22:50:50,115 DEBUG client.py –°—Ñ–æ—Ä–º–∏—Ä–æ–≤–∞–Ω–æ presence —Å–æ–æ–±—â–µ–Ω–∏–µ –¥–ª—è –ø–æ–ª—å–∑–æ–≤–∞—Ç–µ–ª—è Guest
2022-03-28 22:50:50,116 DEBUG decos.py –ë—ã–ª–∞ –≤—ã–∑–≤–∞–Ω–∞ —Ñ—É–Ω–∫—Ü–∏—è create_presence c –ø–∞—Ä–∞–º–µ—Ç—Ä–∞–º–∏ (), {}.–í—ã–∑–æ–≤ –∏–∑ –º–æ–¥—É–ª—è __main__.–í—ã–∑–æ–≤ –∏–∑ —Ñ—É–Ω–∫—Ü–∏–∏ main().
2022-03-28 22:50:50,116 DEBUG decos.py –ë—ã–ª–∞ –≤—ã–∑–≤–∞–Ω–∞ —Ñ—É–Ω–∫—Ü–∏—è arg_parser c –ø–∞—Ä–∞–º–µ—Ç—Ä–∞–º–∏ (), {}.–í—ã–∑–æ–≤ –∏–∑ –º–æ–¥—É–ª—è __main__.–í—ã–∑–æ–≤ –∏–∑ —Ñ—É–Ω–∫—Ü–∏–∏ main().
2022-03-28 22:50:50,116 INFO client.py –ó–∞–ø—É—â–µ–Ω –∫–ª–∏–µ–Ω—Ç —Å –ø–∞—Ä–∞–º–µ—Ä—Ç–∞–º–∏: –∞–¥—Ä–µ—Å —Å–µ—Ä–≤–µ—Ä–∞: 127.0.0.1, –ø–æ—Ä—Ç: 7777, —Ä–µ–∂–∏–º —Ä–∞–±–æ—Ç—ã: listen
2022-03-28 22:50:50,117 DEBUG decos.py –ë—ã–ª–∞ –≤—ã–∑–≤–∞–Ω–∞ —Ñ—É–Ω–∫—Ü–∏—è process_response_ans c –ø–∞—Ä–∞–º–µ—Ç—Ä–∞–º–∏ ({'response': 200},), {}.–í—ã–∑–æ–≤ –∏–∑ –º–æ–¥—É–ª—è __main__.–í—ã–∑–æ–≤ –∏–∑ —Ñ—É–Ω–∫—Ü–∏–∏ main().
2022-03-28 22:50:50,117 INFO client.py –£—Å—Ç–∞–Ω–æ–≤–ª–µ–Ω–æ —Å–æ–µ–¥–∏–Ω–µ–Ω–∏–µ —Å —Å–µ—Ä–≤–µ—Ä–æ–º. –û—Ç–≤–µ—Ç —Å–µ—Ä–≤–µ—Ä–∞: 200 : OK
2022-03-28 22:50:50,120 DEBUG client.py –°—Ñ–æ—Ä–º–∏—Ä–æ–≤–∞–Ω–æ presence —Å–æ–æ–±—â–µ–Ω–∏–µ –¥–ª—è –ø–æ–ª—å–∑–æ–≤–∞—Ç–µ–ª—è Guest
2022-03-28 22:50:50,121 DEBUG decos.py –ë—ã–ª–∞ –≤—ã–∑–≤–∞–Ω–∞ —Ñ—É–Ω–∫—Ü–∏—è create_presence c –ø–∞—Ä–∞–º–µ—Ç—Ä–∞–º–∏ (), {}.–í—ã–∑–æ–≤ –∏–∑ –º–æ–¥—É–ª—è __main__.–í—ã–∑–æ–≤ –∏–∑ —Ñ—É–Ω–∫—Ü–∏–∏ main().
2022-03-28 22:50:50,121 DEBUG client.py –†–∞–∑–±–æ—Ä –ø—Ä–∏–≤–µ—Ç—Å—Ç–≤–µ–Ω–Ω–æ–≥–æ —Å–æ–æ–±—â–µ–Ω–∏—è –æ—Ç —Å–µ—Ä–≤–µ—Ä–∞: {'response': 200}
2022-03-28 22:50:50,122 DEBUG decos.py –ë—ã–ª–∞ –≤—ã–∑–≤–∞–Ω–∞ —Ñ—É–Ω–∫—Ü–∏—è process_response_ans c –ø–∞—Ä–∞–º–µ—Ç—Ä–∞–º–∏ ({'response': 200},), {}.–í—ã–∑–æ–≤ –∏–∑ –º–æ–¥—É–ª—è __main__.–í—ã–∑–æ–≤ –∏–∑ —Ñ—É–Ω–∫—Ü–∏–∏ main().
2022-03-28 22:50:50,122 INFO client.py –£—Å—Ç–∞–Ω–æ–≤–ª–µ–Ω–æ —Å–æ–µ–¥–∏–Ω–µ–Ω–∏–µ —Å —Å–µ—Ä–≤–µ—Ä–æ–º. –û—Ç–≤–µ—Ç —Å–µ—Ä–≤–µ—Ä–∞: 200 : OK
2022-03-28 22:50:51,134 DEBUG client.py –†–∞–∑–±–æ—Ä –ø—Ä–∏–≤–µ—Ç—Å—Ç–≤–µ–Ω–Ω–æ–≥–æ —Å–æ–æ–±—â–µ–Ω–∏—è –æ—Ç —Å–µ—Ä–≤–µ—Ä–∞: {'response': 200}
2022-03-28 22:50:51,145 DEBUG decos.py –ë—ã–ª–∞ –≤—ã–∑–≤–∞–Ω–∞ —Ñ—É–Ω–∫—Ü–∏—è process_response_ans c –ø–∞—Ä–∞–º–µ—Ç—Ä–∞–º–∏ ({'response': 200},), {}.–í—ã–∑–æ–≤ –∏–∑ –º–æ–¥—É–ª—è __main__.–í—ã–∑–æ–≤ –∏–∑ —Ñ—É–Ω–∫—Ü–∏–∏ main().
2022-03-28 22:50:51,146 INFO client.py –£—Å—Ç–∞–Ω–æ–≤–ª–µ–Ω–æ —Å–æ–µ–¥–∏–Ω–µ–Ω–∏–µ —Å —Å–µ—Ä–≤–µ—Ä–æ–º. –û—Ç–≤–µ—Ç —Å–µ—Ä–≤–µ—Ä–∞: 200 : OK
2022-03-28 22:51:43,187 DEBUG decos.py –ë—ã–ª–∞ –≤—ã–∑–≤–∞–Ω–∞ —Ñ—É–Ω–∫—Ü–∏—è arg_parser c –ø–∞—Ä–∞–º–µ—Ç—Ä–∞–º–∏ (), {}.–í—ã–∑–æ–≤ –∏–∑ –º–æ–¥—É–ª—è __main__.–í—ã–∑–æ–≤ –∏–∑ —Ñ—É–Ω–∫—Ü–∏–∏ main().
2022-03-28 22:51:43,187 INFO client.py –ó–∞–ø—É—â–µ–Ω –∫–ª–∏–µ–Ω—Ç —Å –ø–∞—Ä–∞–º–µ—Ä—Ç–∞–º–∏: –∞–¥—Ä–µ—Å —Å–µ—Ä–≤–µ—Ä–∞: 127.0.0.1, –ø–æ—Ä—Ç: 7777, —Ä–µ–∂–∏–º —Ä–∞–±–æ—Ç—ã: listen
2022-03-28 22:51:43,190 DEBUG client.py –°—Ñ–æ—Ä–º–∏—Ä–æ–≤–∞–Ω–æ presence —Å–æ–æ–±—â–µ–Ω–∏–µ –¥–ª—è –ø–æ–ª—å–∑–æ–≤–∞—Ç–µ–ª—è Guest
2022-03-28 22:51:43,191 DEBUG decos.py –ë—ã–ª–∞ –≤—ã–∑–≤–∞–Ω–∞ —Ñ—É–Ω–∫—Ü–∏—è create_presence c –ø–∞—Ä–∞–º–µ—Ç—Ä–∞–º–∏ (), {}.–í—ã–∑–æ–≤ –∏–∑ –º–æ–¥—É–ª—è __main__.–í—ã–∑–æ–≤ –∏–∑ —Ñ—É–Ω–∫—Ü–∏–∏ main().
2022-03-28 22:51:44,195 DEBUG client.py –†–∞–∑–±–æ—Ä –ø—Ä–∏–≤–µ—Ç—Å—Ç–≤–µ–Ω–Ω–æ–≥–æ —Å–æ–æ–±—â–µ–Ω–∏—è –æ—Ç —Å–µ—Ä–≤–µ—Ä–∞: {'response': 200}
2022-03-28 22:51:44,196 DEBUG decos.py –ë—ã–ª–∞ –≤—ã–∑–≤–∞–Ω–∞ —Ñ—É–Ω–∫—Ü–∏—è process_response_ans c –ø–∞—Ä–∞–º–µ—Ç—Ä–∞–º–∏ ({'response': 200},), {}.–í—ã–∑–æ–≤ –∏–∑ –º–æ–¥—É–ª—è __main__.–í—ã–∑–æ–≤ –∏–∑ —Ñ—É–Ω–∫—Ü–∏–∏ main().
2022-03-28 22:51:44,196 INFO client.py –£—Å—Ç–∞–Ω–æ–≤–ª–µ–Ω–æ —Å–æ–µ–¥–∏–Ω–µ–Ω–∏–µ —Å —Å–µ—Ä–≤–µ—Ä–æ–º. –û—Ç–≤–µ—Ç —Å–µ—Ä–≤–µ—Ä–∞: 200 : OK
2022-03-28 22:53:57,438 ERROR client.py –°–æ–µ–¥–∏–Ω–µ–Ω–∏–µ —Å —Å–µ—Ä–≤–µ—Ä–æ–º 127.0.0.1 –±—ã–ª–æ –ø–æ—Ç–µ—Ä—è–Ω–æ.
2022-03-28 22:54:17,554 DEBUG decos.py –ë—ã–ª–∞ –≤—ã–∑–≤–∞–Ω–∞ —Ñ—É–Ω–∫—Ü–∏—è arg_parser c –ø–∞—Ä–∞–º–µ—Ç—Ä–∞–º–∏ (), {}.–í—ã–∑–æ–≤ –∏–∑ –º–æ–¥—É–ª—è __main__.–í—ã–∑–æ–≤ –∏–∑ —Ñ—É–Ω–∫—Ü–∏–∏ main().
2022-03-28 22:54:17,554 INFO client.py –ó–∞–ø—É—â–µ–Ω –∫–ª–∏–µ–Ω—Ç —Å –ø–∞—Ä–∞–º–µ—Ä—Ç–∞–º–∏: –∞–¥—Ä–µ—Å —Å–µ—Ä–≤–µ—Ä–∞: 127.0.0.1, –ø–æ—Ä—Ç: 7777, —Ä–µ–∂–∏–º —Ä–∞–±–æ—Ç—ã: send
2022-03-28 22:54:17,626 DEBUG decos.py –ë—ã–ª–∞ –≤—ã–∑–≤–∞–Ω–∞ —Ñ—É–Ω–∫—Ü–∏—è arg_parser c –ø–∞—Ä–∞–º–µ—Ç—Ä–∞–º–∏ (), {}.–í—ã–∑–æ–≤ –∏–∑ –º–æ–¥—É–ª—è __main__.–í—ã–∑–æ–≤ –∏–∑ —Ñ—É–Ω–∫—Ü–∏–∏ main().
2022-03-28 22:54:17,627 INFO client.py –ó–∞–ø—É—â–µ–Ω –∫–ª–∏–µ–Ω—Ç —Å –ø–∞—Ä–∞–º–µ—Ä—Ç–∞–º–∏: –∞–¥—Ä–µ—Å —Å–µ—Ä–≤–µ—Ä–∞: 127.0.0.1, –ø–æ—Ä—Ç: 7777, —Ä–µ–∂–∏–º —Ä–∞–±–æ—Ç—ã: listen
2022-03-28 22:54:17,636 DEBUG decos.py –ë—ã–ª–∞ –≤—ã–∑–≤–∞–Ω–∞ —Ñ—É–Ω–∫—Ü–∏—è arg_parser c –ø–∞—Ä–∞–º–µ—Ç—Ä–∞–º–∏ (), {}.–í—ã–∑–æ–≤ –∏–∑ –º–æ–¥—É–ª—è __main__.–í—ã–∑–æ–≤ –∏–∑ —Ñ—É–Ω–∫—Ü–∏–∏ main().
2022-03-28 22:54:17,636 INFO client.py –ó–∞–ø—É—â–µ–Ω –∫–ª–∏–µ–Ω—Ç —Å –ø–∞—Ä–∞–º–µ—Ä—Ç–∞–º–∏: –∞–¥—Ä–µ—Å —Å–µ—Ä–≤–µ—Ä–∞: 127.0.0.1, –ø–æ—Ä—Ç: 7777, —Ä–µ–∂–∏–º —Ä–∞–±–æ—Ç—ã: listen
2022-03-28 22:54:17,656 DEBUG decos.py –ë—ã–ª–∞ –≤—ã–∑–≤–∞–Ω–∞ —Ñ—É–Ω–∫—Ü–∏—è arg_parser c –ø–∞—Ä–∞–º–µ—Ç—Ä–∞–º–∏ (), {}.–í—ã–∑–æ–≤ –∏–∑ –º–æ–¥—É–ª—è __main__.–í—ã–∑–æ–≤ –∏–∑ —Ñ—É–Ω–∫—Ü–∏–∏ main().
2022-03-28 22:54:17,656 INFO client.py –ó–∞–ø—É—â–µ–Ω –∫–ª–∏–µ–Ω—Ç —Å –ø–∞—Ä–∞–º–µ—Ä—Ç–∞–º–∏: –∞–¥—Ä–µ—Å —Å–µ—Ä–≤–µ—Ä–∞: 127.0.0.1, –ø–æ—Ä—Ç: 7777, —Ä–µ–∂–∏–º —Ä–∞–±–æ—Ç—ã: listen
2022-03-28 22:54:17,664 DEBUG decos.py –ë—ã–ª–∞ –≤—ã–∑–≤–∞–Ω–∞ —Ñ—É–Ω–∫—Ü–∏—è arg_parser c –ø–∞—Ä–∞–º–µ—Ç—Ä–∞–º–∏ (), {}.–í—ã–∑–æ–≤ –∏–∑ –º–æ–¥—É–ª—è __main__.–í—ã–∑–æ–≤ –∏–∑ —Ñ—É–Ω–∫—Ü–∏–∏ main().
2022-03-28 22:54:17,664 DEBUG decos.py –ë—ã–ª–∞ –≤—ã–∑–≤–∞–Ω–∞ —Ñ—É–Ω–∫—Ü–∏—è arg_parser c –ø–∞—Ä–∞–º–µ—Ç—Ä–∞–º–∏ (), {}.–í—ã–∑–æ–≤ –∏–∑ –º–æ–¥—É–ª—è __main__.–í—ã–∑–æ–≤ –∏–∑ —Ñ—É–Ω–∫—Ü–∏–∏ main().
2022-03-28 22:54:17,664 INFO client.py –ó–∞–ø—É—â–µ–Ω –∫–ª–∏–µ–Ω—Ç —Å –ø–∞—Ä–∞–º–µ—Ä—Ç–∞–º–∏: –∞–¥—Ä–µ—Å —Å–µ—Ä–≤–µ—Ä–∞: 127.0.0.1, –ø–æ—Ä—Ç: 7777, —Ä–µ–∂–∏–º —Ä–∞–±–æ—Ç—ã: send
2022-03-28 22:54:17,665 INFO client.py –ó–∞–ø—É—â–µ–Ω –∫–ª–∏–µ–Ω—Ç —Å –ø–∞—Ä–∞–º–µ—Ä—Ç–∞–º–∏: –∞–¥—Ä–µ—Å —Å–µ—Ä–≤–µ—Ä–∞: 127.0.0.1, –ø–æ—Ä—Ç: 7777, —Ä–µ–∂–∏–º —Ä–∞–±–æ—Ç—ã: listen
2022-03-28 22:54:17,757 DEBUG decos.py –ë—ã–ª–∞ –≤—ã–∑–≤–∞–Ω–∞ —Ñ—É–Ω–∫—Ü–∏—è arg_parser c –ø–∞—Ä–∞–º–µ—Ç—Ä–∞–º–∏ (), {}.–í—ã–∑–æ–≤ –∏–∑ –º–æ–¥—É–ª—è __main__.–í—ã–∑–æ–≤ –∏–∑ —Ñ—É–Ω–∫—Ü–∏–∏ main().
2022-03-28 22:54:17,757 INFO client.py –ó–∞–ø—É—â–µ–Ω –∫–ª–∏–µ–Ω—Ç —Å –ø–∞—Ä–∞–º–µ—Ä—Ç–∞–º–∏: –∞–¥—Ä–µ—Å —Å–µ—Ä–≤–µ—Ä–∞: 127.0.0.1, –ø–æ—Ä—Ç: 7777, —Ä–µ–∂–∏–º —Ä–∞–±–æ—Ç—ã: listen
2022-03-28 22:54:17,760 DEBUG client.py –°—Ñ–æ—Ä–º–∏—Ä–æ–≤–∞–Ω–æ presence —Å–æ–æ–±—â–µ–Ω–∏–µ –¥–ª—è –ø–æ–ª—å–∑–æ–≤–∞—Ç–µ–ª—è Guest
2022-03-28 22:54:17,760 DEBUG decos.py –ë—ã–ª–∞ –≤—ã–∑–≤–∞–Ω–∞ —Ñ—É–Ω–∫—Ü–∏—è create_presence c –ø–∞—Ä–∞–º–µ—Ç—Ä–∞–º–∏ (), {}.–í—ã–∑–æ–≤ –∏–∑ –º–æ–¥—É–ª—è __main__.–í—ã–∑–æ–≤ –∏–∑ —Ñ—É–Ω–∫—Ü–∏–∏ main().
2022-03-28 22:54:18,072 DEBUG client.py –°—Ñ–æ—Ä–º–∏—Ä–æ–≤–∞–Ω–æ presence —Å–æ–æ–±—â–µ–Ω–∏–µ –¥–ª—è –ø–æ–ª—å–∑–æ–≤–∞—Ç–µ–ª—è Guest
2022-03-28 22:54:18,073 DEBUG decos.py –ë—ã–ª–∞ –≤—ã–∑–≤–∞–Ω–∞ —Ñ—É–Ω–∫—Ü–∏—è create_presence c –ø–∞—Ä–∞–º–µ—Ç—Ä–∞–º–∏ (), {}.–í—ã–∑–æ–≤ –∏–∑ –º–æ–¥—É–ª—è __main__.–í—ã–∑–æ–≤ –∏–∑ —Ñ—É–Ω–∫—Ü–∏–∏ main().
2022-03-28 22:54:18,073 DEBUG client.py –†–∞–∑–±–æ—Ä –ø—Ä–∏–≤–µ—Ç—Å—Ç–≤–µ–Ω–Ω–æ–≥–æ —Å–æ–æ–±—â–µ–Ω–∏—è –æ—Ç —Å–µ—Ä–≤–µ—Ä–∞: {'response': 200}
2022-03-28 22:54:18,074 DEBUG decos.py –ë—ã–ª–∞ –≤—ã–∑–≤–∞–Ω–∞ —Ñ—É–Ω–∫—Ü–∏—è process_response_ans c –ø–∞—Ä–∞–º–µ—Ç—Ä–∞–º–∏ ({'response': 200},), {}.–í—ã–∑–æ–≤ –∏–∑ –º–æ–¥—É–ª—è __main__.–í—ã–∑–æ–≤ –∏–∑ —Ñ—É–Ω–∫—Ü–∏–∏ main().
2022-03-28 22:54:18,075 INFO client.py –£—Å—Ç–∞–Ω–æ–≤–ª–µ–Ω–æ —Å–æ–µ–¥–∏–Ω–µ–Ω–∏–µ —Å —Å–µ—Ä–≤–µ—Ä–æ–º. –û—Ç–≤–µ—Ç —Å–µ—Ä–≤–µ—Ä–∞: 200 : OK
2022-03-28 22:54:18,134 DEBUG client.py –°—Ñ–æ—Ä–º–∏—Ä–æ–≤–∞–Ω–æ presence —Å–æ–æ–±—â–µ–Ω–∏–µ –¥–ª—è –ø–æ–ª—å–∑–æ–≤–∞—Ç–µ–ª—è Guest
2022-03-28 22:54:18,135 DEBUG client.py –†–∞–∑–±–æ—Ä –ø—Ä–∏–≤–µ—Ç—Å—Ç–≤–µ–Ω–Ω–æ–≥–æ —Å–æ–æ–±—â–µ–Ω–∏—è –æ—Ç —Å–µ—Ä–≤–µ—Ä–∞: {'response': 200}
º–æ–¥—É–ª—è __main__.–í—ã–∑–æ–≤ –∏–∑ —Ñ—É–Ω–∫—Ü–∏–∏ main().
2022-03-28 22:54:18,136 DEBUG decos.py –ë—ã–ª–∞ –≤—ã–∑–≤–∞–Ω–∞ —Ñ—É–Ω–∫—Ü–∏—è process_response_ans c –ø–∞—Ä–∞–º–µ—Ç—Ä–∞–º–∏ ({'response': 200},), {}.–í—ã–∑–æ–≤ –∏–∑ –º–æ–¥—É–ª—è __main__.–í—ã–∑–æ–≤ –∏–∑ —Ñ—É–Ω–∫—Ü–∏–∏ main().
2022-03-28 22:54:18,137 INFO client.py –£—Å—Ç–∞–Ω–æ–≤–ª–µ–Ω–æ —Å–æ–µ–¥–∏–Ω–µ–Ω–∏–µ —Å —Å–µ—Ä–≤–µ—Ä–æ–º. –û—Ç–≤–µ—Ç —Å–µ—Ä–≤–µ—Ä–∞: 200 : OK
2022-03-28 22:54:18,151 DEBUG client.py –°—Ñ–æ—Ä–º–∏—Ä–æ–≤–∞–Ω–æ presence —Å–æ–æ–±—â–µ–Ω–∏–µ –¥–ª—è –ø–æ–ª—å–∑–æ–≤–∞—Ç–µ–ª—è Guest
2022-03-28 22:54:18,152 DEBUG decos.py –ë—ã–ª–∞ –≤—ã–∑–≤–∞–Ω–∞ —Ñ—É–Ω–∫—Ü–∏—è create_presence c –ø–∞—Ä–∞–º–µ—Ç—Ä–∞–º–∏ (), {}.–í—ã–∑–æ–≤ –∏–∑ –º–æ–¥—É–ª—è __main__.–í—ã–∑–æ–≤ –∏–∑ —Ñ—É–Ω–∫—Ü–∏–∏ main().
2022-03-28 22:54:18,152 DEBUG client.py –†–∞–∑–±–æ—Ä –ø—Ä–∏–≤–µ—Ç—Å—Ç–≤–µ–Ω–Ω–æ–≥–æ —Å–æ–æ–±—â–µ–Ω–∏—è –æ—Ç —Å–µ—Ä–≤–µ—Ä–∞: {'response': 200}
2022-03-28 22:54:18,153 DEBUG decos.py –ë—ã–ª–∞ –≤—ã–∑–≤–∞–Ω–∞ —Ñ—É–Ω–∫—Ü–∏—è process_response_ans c –ø–∞—Ä–∞–º–µ—Ç—Ä–∞–º–∏ ({'response': 200},), {}.–í—ã–∑–æ–≤ –∏–∑ –º–æ–¥—É–ª—è __main__.–í—ã–∑–æ–≤ –∏–∑ —Ñ—É–Ω–∫—Ü–∏–∏ main().
2022-03-28 22:54:18,153 INFO client.py –£—Å—Ç–∞–Ω–æ–≤–ª–µ–Ω–æ —Å–æ–µ–¥–∏–Ω–µ–Ω–∏–µ —Å —Å–µ—Ä–≤–µ—Ä–æ–º. –û—Ç–≤–µ—Ç —Å–µ—Ä–≤–µ—Ä–∞: 200 : OK
2022-03-28 22:54:18,166 DEBUG client.py –°—Ñ–æ—Ä–º–∏—Ä–æ–≤–∞–Ω–æ presence —Å–æ–æ–±—â–µ–Ω–∏–µ –¥–ª—è –ø–æ–ª—å–∑–æ–≤–∞—Ç–µ–ª—è Guest
2022-03-28 22:54:18,167 DEBUG decos.py –ë—ã–ª–∞ –≤—ã–∑–≤–∞–Ω–∞ —Ñ—É–Ω–∫—Ü–∏—è create_presence c –ø–∞—Ä–∞–º–µ—Ç—Ä–∞–º–∏ (), {}.–í—ã–∑–æ–≤ –∏–∑ –º–æ–¥—É–ª—è __main__.–í—ã–∑–æ–≤ –∏–∑ —Ñ—É–Ω–∫—Ü–∏–∏ main().
2022-03-28 22:54:18,167 DEBUG client.py –†–∞–∑–±–æ—Ä –ø—Ä–∏–≤–µ—Ç—Å—Ç–≤–µ–Ω–Ω–æ–≥–æ —Å–æ–æ–±—â–µ–Ω–∏—è –æ—Ç —Å–µ—Ä–≤–µ—Ä–∞: {'response': 200}
2022-03-28 22:54:18,168 DEBUG decos.py –ë—ã–ª–∞ –≤—ã–∑–≤–∞–Ω–∞ —Ñ—É–Ω–∫—Ü–∏—è process_response_ans c –ø–∞—Ä–∞–º–µ—Ç—Ä–∞–º–∏ ({'response': 200},), {}.–í—ã–∑–æ–≤ –∏–∑ –º–æ–¥—É–ª—è __main__.–í—ã–∑–æ–≤ –∏–∑ —Ñ—É–Ω–∫—Ü–∏–∏ main().
2022-03-28 22:54:18,168 INFO client.py –£—Å—Ç–∞–Ω–æ–≤–ª–µ–Ω–æ —Å–æ–µ–¥–∏–Ω–µ–Ω–∏–µ —Å —Å–µ—Ä–≤–µ—Ä–æ–º. –û—Ç–≤–µ—Ç —Å–µ—Ä–≤–µ—Ä–∞: 200 : OK
2022-03-28 22:54:18,181 DEBUG client.py –°—Ñ–æ—Ä–º–∏—Ä–æ–≤–∞–Ω–æ presence —Å–æ–æ–±—â–µ–Ω–∏–µ –¥–ª—è –ø–æ–ª—å–∑–æ–≤–∞—Ç–µ–ª—è Guest
2022-03-28 22:54:18,182 DEBUG decos.py –ë—ã–ª–∞ –≤—ã–∑–≤–∞–Ω–∞ —Ñ—É–Ω–∫—Ü–∏—è create_presence c –ø–∞—Ä–∞–º–µ—Ç—Ä–∞–º–∏ (), {}.–í—ã–∑–æ–≤ –∏–∑ –º–æ–¥—É–ª—è __main__.–í—ã–∑–æ–≤ –∏–∑ —Ñ—É–Ω–∫—Ü–∏–∏ main().
2022-03-28 22:54:18,182 DEBUG decos.py –ë—ã–ª–∞ –≤—ã–∑–≤–∞–Ω–∞ —Ñ—É–Ω–∫—Ü–∏—è create_presence c –ø–∞—Ä–∞–º–µ—Ç—Ä–∞–º–∏ (), {}.–í—ã–∑–æ–≤ –∏–∑ –º–æ–¥—É–ª—è __main__.–í—ã–∑–æ–≤ –∏–∑ —Ñ—É–Ω–∫—Ü–∏–∏ main().
2022-03-28 22:54:18,183 DEBUG decos.py –ë—ã–ª–∞ –≤—ã–∑–≤–∞–Ω–∞ —Ñ—É–Ω–∫—Ü–∏—è process_response_ans c –ø–∞—Ä–∞–º–µ—Ç—Ä–∞–º–∏ ({'response': 200},), {}.–í—ã–∑–æ–≤ –∏–∑ –º–æ–¥—É–ª—è __main__.–í—ã–∑–æ–≤ –∏–∑ —Ñ—É–Ω–∫—Ü–∏–∏ main().
2022-03-28 22:54:18,183 INFO client.py –£—Å—Ç–∞–Ω–æ–≤–ª–µ–Ω–æ —Å–æ–µ–¥–∏–Ω–µ–Ω–∏–µ —Å —Å–µ—Ä–≤–µ—Ä–æ–º. –û—Ç–≤–µ—Ç —Å–µ—Ä–≤–µ—Ä–∞: 200 : OK
2022-03-28 22:54:18,184 DEBUG client.py –†–∞–∑–±–æ—Ä –ø—Ä–∏–≤–µ—Ç—Å—Ç–≤–µ–Ω–Ω–æ–≥–æ —Å–æ–æ–±—â–µ–Ω–∏—è –æ—Ç —Å–µ—Ä–≤–µ—Ä–∞: {'response': 200}
2022-03-28 22:54:18,185 DEBUG decos.py –ë—ã–ª–∞ –≤—ã–∑–≤–∞–Ω–∞ —Ñ—É–Ω–∫—Ü–∏—è process_response_ans c –ø–∞—Ä–∞–º–µ—Ç—Ä–∞–º–∏ ({'response': 200},), {}.–í—ã–∑–æ–≤ –∏–∑ –º–æ–¥—É–ª—è __main__.–í—ã–∑–æ–≤ –∏–∑ —Ñ—É–Ω–∫—Ü–∏–∏ main().
2022-03-28 22:54:18,185 INFO client.py –£—Å—Ç–∞–Ω–æ–≤–ª–µ–Ω–æ —Å–æ–µ–¥–∏–Ω–µ–Ω–∏–µ —Å —Å–µ—Ä–≤–µ—Ä–æ–º. –û—Ç–≤–µ—Ç —Å–µ—Ä–≤–µ—Ä–∞: 200 : OK
2022-03-28 22:54:18,185 DEBUG client.py –†–∞–∑–±–æ—Ä –ø—Ä–∏–≤–µ—Ç—Å—Ç–≤–µ–Ω–Ω–æ–≥–æ —Å–æ–æ–±—â–µ–Ω–∏—è –æ—Ç —Å–µ—Ä–≤–µ—Ä–∞: {'response': 200}
2022-03-28 22:54:18,186 DEBUG decos.py –ë—ã–ª–∞ –≤—ã–∑–≤–∞–Ω–∞ —Ñ—É–Ω–∫—Ü–∏—è process_response_ans c –ø–∞—Ä–∞–º–µ—Ç—Ä–∞–º–∏ ({'response': 200},), {}.–í—ã–∑–æ–≤ –∏–∑ –º–æ–¥—É–ª—è __main__.–í—ã–∑–æ–≤ –∏–∑ —Ñ—É–Ω–∫—Ü–∏–∏ main().
2022-03-28 22:54:18,187 INFO client.py –£—Å—Ç–∞–Ω–æ–≤–ª–µ–Ω–æ —Å–æ–µ–¥–∏–Ω–µ–Ω–∏–µ —Å —Å–µ—Ä–≤–µ—Ä–æ–º. –û—Ç–≤–µ—Ç —Å–µ—Ä–≤–µ—Ä–∞: 200 : OK
2022-03-28 22:58:37,079 DEBUG decos.py –ë—ã–ª–∞ –≤—ã–∑–≤–∞–Ω–∞ —Ñ—É–Ω–∫—Ü–∏—è arg_parser c –ø–∞—Ä–∞–º–µ—Ç—Ä–∞–º–∏ (), {}.–í—ã–∑–æ–≤ –∏–∑ –º–æ–¥—É–ª—è __main__.–í—ã–∑–æ–≤ –∏–∑ —Ñ—É–Ω–∫—Ü–∏–∏ main().
2022-03-28 22:58:37,080 INFO client.py –ó–∞–ø—É—â–µ–Ω –∫–ª–∏–µ–Ω—Ç —Å –ø–∞—Ä–∞–º–µ—Ä—Ç–∞–º–∏: –∞–¥—Ä–µ—Å —Å–µ—Ä–≤–µ—Ä–∞: 127.0.0.1, –ø–æ—Ä—Ç: 7777, —Ä–µ–∂–∏–º —Ä–∞–±–æ—Ç—ã: listen
2022-03-28 22:58:37,084 DEBUG client.py –°—Ñ–æ—Ä–º–∏—Ä–æ–≤–∞–Ω–æ presence —Å–æ–æ–±—â–µ–Ω–∏–µ –¥–ª—è –ø–æ–ª—å–∑–æ–≤–∞—Ç–µ–ª—è Guest
2022-03-28 22:58:37,085 DEBUG decos.py –ë—ã–ª–∞ –≤—ã–∑–≤–∞–Ω–∞ —Ñ—É–Ω–∫—Ü–∏—è create_presence c –ø–∞—Ä–∞–º–µ—Ç—Ä–∞–º–∏ (), {}.–í—ã–∑–æ–≤ –∏–∑ –º–æ–¥—É–ª—è __main__.–í—ã–∑–æ–≤ –∏–∑ —Ñ—É–Ω–∫—Ü–∏–∏ main().
2022-03-28 22:58:37,130 DEBUG decos.py –ë—ã–ª–∞ –≤—ã–∑–≤–∞–Ω–∞ —Ñ—É–Ω–∫—Ü–∏—è arg_parser c –ø–∞—Ä–∞–º–µ—Ç—Ä–∞–º–∏ (), {}.–í—ã–∑–æ–≤ –∏–∑ –º–æ–¥—É–ª—è __main__.–í—ã–∑–æ–≤ –∏–∑ —Ñ—É–Ω–∫—Ü–∏–∏ main().
2022-03-28 22:58:37,131 INFO client.py –ó–∞–ø—É—â–µ–Ω –∫–ª–∏–µ–Ω—Ç —Å –ø–∞—Ä–∞–º–µ—Ä—Ç–∞–º–∏: –∞–¥—Ä–µ—Å —Å–µ—Ä–≤–µ—Ä–∞: 127.0.0.1, –ø–æ—Ä—Ç: 7777, —Ä–µ–∂–∏–º —Ä–∞–±–æ—Ç—ã: send
2022-03-28 22:58:37,135 DEBUG client.py –°—Ñ–æ—Ä–º–∏—Ä–æ–≤–∞–Ω–æ presence —Å–æ–æ–±—â–µ–Ω–∏–µ –¥–ª—è –ø–æ–ª—å–∑–æ–≤–∞—Ç–µ–ª—è Guest
2022-03-28 22:58:37,137 DEBUG client.py –†–∞–∑–±–æ—Ä –ø—Ä–∏–≤–µ—Ç—Å—Ç–≤–µ–Ω–Ω–æ–≥–æ —Å–æ–æ–±—â–µ–Ω–∏—è –æ—Ç —Å–µ—Ä–≤–µ—Ä–∞: {'response': 200}
2022-03-28 22:58:37,137 DEBUG decos.py –ë—ã–ª–∞ –≤—ã–∑–≤–∞–Ω–∞ —Ñ—É–Ω–∫—Ü–∏—è create_presence c –ø–∞—Ä–∞–º–µ—Ç—Ä–∞–º–∏ (), {}.–í—ã–∑–æ–≤ –∏–∑ –º–æ–¥—É–ª—è __main__.–í—ã–∑–æ–≤ –∏–∑ —Ñ—É–Ω–∫—Ü–∏–∏ main().
2022-03-28 22:58:37,138 DEBUG decos.py –ë—ã–ª–∞ –≤—ã–∑–≤–∞–Ω–∞ —Ñ—É–Ω–∫—Ü–∏—è process_response_ans c –ø–∞—Ä–∞–º–µ—Ç—Ä–∞–º–∏ ({'response': 200},), {}.–í—ã–∑–æ–≤ –∏–∑ –º–æ–¥—É–ª—è __main__.–í—ã–∑–æ–≤ –∏–∑ —Ñ—É–Ω–∫—Ü–∏–∏ main().
2022-03-28 22:58:37,138 INFO client.py –£—Å—Ç–∞–Ω–æ–≤–ª–µ–Ω–æ —Å–æ–µ–¥–∏–Ω–µ–Ω–∏–µ —Å —Å–µ—Ä–≤–µ—Ä–æ–º. –û—Ç–≤–µ—Ç —Å–µ—Ä–≤–µ—Ä–∞: 200 : OK
2022-03-28 22:58:37,167 DEBUG decos.py –ë—ã–ª–∞ –≤—ã–∑–≤–∞–Ω–∞ —Ñ—É–Ω–∫—Ü–∏—è arg_parser c –ø–∞—Ä–∞–º–µ—Ç—Ä–∞–º–∏ (), {}.–í—ã–∑–æ–≤ –∏–∑ –º–æ–¥—É–ª—è __main__.–í—ã–∑–æ–≤ –∏–∑ —Ñ—É–Ω–∫—Ü–∏–∏ main().
2022-03-28 22:58:37,168 INFO client.py –ó–∞–ø—É—â–µ–Ω –∫–ª–∏–µ–Ω—Ç —Å –ø–∞—Ä–∞–º–µ—Ä—Ç–∞–º–∏: –∞–¥—Ä–µ—Å —Å–µ—Ä–≤–µ—Ä–∞: 127.0.0.1, –ø–æ—Ä—Ç: 7777, —Ä–µ–∂–∏–º —Ä–∞–±–æ—Ç—ã: send
2022-03-28 22:58:37,171 DEBUG client.py –°—Ñ–æ—Ä–º–∏—Ä–æ–≤–∞–Ω–æ presence —Å–æ–æ–±—â–µ–Ω–∏–µ –¥–ª—è –ø–æ–ª—å–∑–æ–≤–∞—Ç–µ–ª—è Guest
2022-03-28 22:58:37,173 DEBUG client.py –†–∞–∑–±–æ—Ä –ø—Ä–∏–≤–µ—Ç—Å—Ç–≤–µ–Ω–Ω–æ–≥–æ —Å–æ–æ–±—â–µ–Ω–∏—è –æ—Ç —Å–µ—Ä–≤–µ—Ä–∞: {'response': 200}
2022-03-28 22:58:37,173 DEBUG decos.py –ë—ã–ª–∞ –≤—ã–∑–≤–∞–Ω–∞ —Ñ—É–Ω–∫—Ü–∏—è create_presence c –ø–∞—Ä–∞–º–µ—Ç—Ä–∞–º–∏ (), {}.–í—ã–∑–æ–≤ –∏–∑ –º–æ–¥—É–ª—è __main__.–í—ã–∑–æ–≤ –∏–∑ —Ñ—É–Ω–∫—Ü–∏–∏ main().
2022-03-28 22:58:37,174 DEBUG decos.py –ë—ã–ª–∞ –≤—ã–∑–≤–∞–Ω–∞ —Ñ—É–Ω–∫—Ü–∏—è process_response_ans c –ø–∞—Ä–∞–º–µ—Ç—Ä–∞–º–∏ ({'response': 200},), {}.–í—ã–∑–æ–≤ –∏–∑ –º–æ–¥—É–ª—è __main__.–í—ã–∑–æ–≤ –∏–∑ —Ñ—É–Ω–∫—Ü–∏–∏ main().
2022-03-28 22:58:37,174 INFO client.py –£—Å—Ç–∞–Ω–æ–≤–ª–µ–Ω–æ —Å–æ–µ–¥–∏–Ω–µ–Ω–∏–µ —Å —Å–µ—Ä–≤–µ—Ä–æ–º. –û—Ç–≤–µ—Ç —Å–µ—Ä–≤–µ—Ä–∞: 200 : OK
2022-03-28 22:58:37,198 DEBUG decos.py –ë—ã–ª–∞ –≤—ã–∑–≤–∞–Ω–∞ —Ñ—É–Ω–∫—Ü–∏—è arg_parser c –ø–∞—Ä–∞–º–µ—Ç—Ä–∞–º–∏ (), {}.–í—ã–∑–æ–≤ –∏–∑ –º–æ–¥—É–ª—è __main__.–í—ã–∑–æ–≤ –∏–∑ —Ñ—É–Ω–∫—Ü–∏–∏ main().
2022-03-28 22:58:37,199 INFO client.py –ó–∞–ø—É—â–µ–Ω –∫–ª–∏–µ–Ω—Ç —Å –ø–∞—Ä–∞–º–µ—Ä—Ç–∞–º–∏: –∞–¥—Ä–µ—Å —Å–µ—Ä–≤–µ—Ä–∞: 127.0.0.1, –ø–æ—Ä—Ç: 7777, —Ä–µ–∂–∏–º —Ä–∞–±–æ—Ç—ã: listen
2022-03-28 22:58:37,202 DEBUG client.py –°—Ñ–æ—Ä–º–∏—Ä–æ–≤–∞–Ω–æ presence —Å–æ–æ–±—â–µ–Ω–∏–µ –¥–ª—è –ø–æ–ª—å–∑–æ–≤–∞—Ç–µ–ª—è Guest
2022-03-28 22:58:37,203 DEBUG client.py –†–∞–∑–±–æ—Ä –ø—Ä–∏–≤–µ—Ç—Å—Ç–≤–µ–Ω–Ω–æ–≥–æ —Å–æ–æ–±—â–µ–Ω–∏—è –æ—Ç —Å–µ—Ä–≤–µ—Ä–∞: {'response': 200}
2022-03-28 22:58:37,204 DEBUG decos.py –ë—ã–ª–∞ –≤—ã–∑–≤–∞–Ω–∞ —Ñ—É–Ω–∫—Ü–∏—è create_presence c –ø–∞—Ä–∞–º–µ—Ç—Ä–∞–º–∏ (), {}.–í—ã–∑–æ–≤ –∏–∑ –º–æ–¥—É–ª—è __main__.–í—ã–∑–æ–≤ –∏–∑ —Ñ—É–Ω–∫—Ü–∏–∏ main().
2022-03-28 22:58:37,205 DEBUG decos.py –ë—ã–ª–∞ –≤—ã–∑–≤–∞–Ω–∞ —Ñ—É–Ω–∫—Ü–∏—è process_response_ans c –ø–∞—Ä–∞–º–µ—Ç—Ä–∞–º–∏ ({'response': 200},), {}.–í—ã–∑–æ–≤ –∏–∑ –º–æ–¥—É–ª—è __main__.–í—ã–∑–æ–≤ –∏–∑ —Ñ—É–Ω–∫—Ü–∏–∏ main().
2022-03-28 22:58:37,205 INFO client.py –£—Å—Ç–∞–Ω–æ–≤–ª–µ–Ω–æ —Å–æ–µ–¥–∏–Ω–µ–Ω–∏–µ —Å —Å–µ—Ä–≤–µ—Ä–æ–º. –û—Ç–≤–µ—Ç —Å–µ—Ä–≤–µ—Ä–∞: 200 : OK
2022-03-28 22:58:37,352 DEBUG decos.py –ë—ã–ª–∞ –≤—ã–∑–≤–∞–Ω–∞ —Ñ—É–Ω–∫—Ü–∏—è arg_parser c –ø–∞—Ä–∞–º–µ—Ç—Ä–∞–º–∏ (), {}.–í—ã–∑–æ–≤ –∏–∑ –º–æ–¥—É–ª—è __main__.–í—ã–∑–æ–≤ –∏–∑ —Ñ—É–Ω–∫—Ü–∏–∏ main().
2022-03-28 22:58:37,353 INFO client.py –ó–∞–ø—É—â–µ–Ω –∫–ª–∏–µ–Ω—Ç —Å –ø–∞—Ä–∞–º–µ—Ä—Ç–∞–º–∏: –∞–¥—Ä–µ—Å —Å–µ—Ä–≤–µ—Ä–∞: 127.0.0.1, –ø–æ—Ä—Ç: 7777, —Ä–µ–∂–∏–º —Ä–∞–±–æ—Ç—ã: listen
2022-03-28 22:58:37,356 DEBUG client.py –°—Ñ–æ—Ä–º–∏—Ä–æ–≤–∞–Ω–æ presence —Å–æ–æ–±—â–µ–Ω–∏–µ –¥–ª—è –ø–æ–ª—å–∑–æ–≤–∞—Ç–µ–ª—è Guest
2022-03-28 22:58:37,357 DEBUG client.py –†–∞–∑–±–æ—Ä –ø—Ä–∏–≤–µ—Ç—Å—Ç–≤–µ–Ω–Ω–æ–≥–æ —Å–æ–æ–±—â–µ–Ω–∏—è –æ—Ç —Å–µ—Ä–≤–µ—Ä–∞: {'response': 200}
º–æ–¥—É–ª—è __main__.–í—ã–∑–æ–≤ –∏–∑ —Ñ—É–Ω–∫—Ü–∏–∏ main().
2022-03-28 22:58:37,358 DEBUG decos.py –ë—ã–ª–∞ –≤—ã–∑–≤–∞–Ω–∞ —Ñ—É–Ω–∫—Ü–∏—è process_response_ans c –ø–∞—Ä–∞–º–µ—Ç—Ä–∞–º–∏ ({'response': 200},), {}.–í—ã–∑–æ–≤ –∏–∑ –º–æ–¥—É–ª—è __main__.–í—ã–∑–æ–≤ –∏–∑ —Ñ—É–Ω–∫—Ü–∏–∏ main().
2022-03-28 22:58:37,359 INFO client.py –£—Å—Ç–∞–Ω–æ–≤–ª–µ–Ω–æ —Å–æ–µ–¥–∏–Ω–µ–Ω–∏–µ —Å —Å–µ—Ä–≤–µ—Ä–æ–º. –û—Ç–≤–µ—Ç —Å–µ—Ä–≤–µ—Ä–∞: 200 : OK
2022-03-28 22:58:37,382 DEBUG decos.py –ë—ã–ª–∞ –≤—ã–∑–≤–∞–Ω–∞ —Ñ—É–Ω–∫—Ü–∏—è arg_parser c –ø–∞—Ä–∞–º–µ—Ç—Ä–∞–º–∏ (), {}.–í—ã–∑–æ–≤ –∏–∑ –º–æ–¥—É–ª—è __main__.–í—ã–∑–æ–≤ –∏–∑ —Ñ—É–Ω–∫—Ü–∏–∏ main().
2022-03-28 22:58:37,382 INFO client.py –ó–∞–ø—É—â–µ–Ω –∫–ª–∏–µ–Ω—Ç —Å –ø–∞—Ä–∞–º–µ—Ä—Ç–∞–º–∏: –∞–¥—Ä–µ—Å —Å–µ—Ä–≤–µ—Ä–∞: 127.0.0.1, –ø–æ—Ä—Ç: 7777, —Ä–µ–∂–∏–º —Ä–∞–±–æ—Ç—ã: listen
2022-03-28 22:58:37,386 DEBUG client.py –°—Ñ–æ—Ä–º–∏—Ä–æ–≤–∞–Ω–æ presence —Å–æ–æ–±—â–µ–Ω–∏–µ –¥–ª—è –ø–æ–ª—å–∑–æ–≤–∞—Ç–µ–ª—è Guest
2022-03-28 22:58:37,387 DEBUG client.py –†–∞–∑–±–æ—Ä –ø—Ä–∏–≤–µ—Ç—Å—Ç–≤–µ–Ω–Ω–æ–≥–æ —Å–æ–æ–±—â–µ–Ω–∏—è –æ—Ç —Å–µ—Ä–≤–µ—Ä–∞: {'response': 200}
2022-03-28 22:58:37,388 DEBUG decos.py –ë—ã–ª–∞ –≤—ã–∑–≤–∞–Ω–∞ —Ñ—É–Ω–∫—Ü–∏—è process_response_ans c –ø–∞—Ä–∞–º–µ—Ç—Ä–∞–º–∏ ({'response': 200},), {}.–í—ã–∑–æ–≤ –∏–∑ –º–æ–¥—É–ª—è __main__.–í—ã–∑–æ–≤ –∏–∑ —Ñ—É–Ω–∫—Ü–∏–∏ main().
2022-03-28 22:58:37,389 INFO client.py –£—Å—Ç–∞–Ω–æ–≤–ª–µ–Ω–æ —Å–æ–µ–¥–∏–Ω–µ–Ω–∏–µ —Å —Å–µ—Ä–≤–µ—Ä–æ–º. –û—Ç–≤–µ—Ç —Å–µ—Ä–≤–µ—Ä–∞: 200 : OK
2022-03-28 22:58:37,388 DEBUG decos.py –ë—ã–ª–∞ –≤—ã–∑–≤–∞–Ω–∞ —Ñ—É–Ω–∫—Ü–∏—è create_presence c –ø–∞—Ä–∞–º–µ—Ç—Ä–∞–º–∏ (), {}.–í—ã–∑–æ–≤ –∏–∑ –º–æ–¥—É–ª—è __main__.–í—ã–∑–æ–≤ –∏–∑ —Ñ—É–Ω–∫—Ü–∏–∏ main().
2022-03-28 22:58:37,409 DEBUG decos.py –ë—ã–ª–∞ –≤—ã–∑–≤–∞–Ω–∞ —Ñ—É–Ω–∫—Ü–∏—è arg_parser c –ø–∞—Ä–∞–º–µ—Ç—Ä–∞–º–∏ (), {}.–í—ã–∑–æ–≤ –∏–∑ –º–æ–¥—É–ª—è __main__.–í—ã–∑–æ–≤ –∏–∑ —Ñ—É–Ω–∫—Ü–∏–∏ main().
2022-03-28 22:58:37,410 INFO client.py –ó–∞–ø—É—â–µ–Ω –∫–ª–∏–µ–Ω—Ç —Å –ø–∞—Ä–∞–º–µ—Ä—Ç–∞–º–∏: –∞–¥—Ä–µ—Å —Å–µ—Ä–≤–µ—Ä–∞: 127.0.0.1, –ø–æ—Ä—Ç: 7777, —Ä–µ–∂–∏–º —Ä–∞–±–æ—Ç—ã: listen
2022-03-28 22:58:37,413 DEBUG client.py –°—Ñ–æ—Ä–º–∏—Ä–æ–≤–∞–Ω–æ presence —Å–æ–æ–±—â–µ–Ω–∏–µ –¥–ª—è –ø–æ–ª—å–∑–æ–≤–∞—Ç–µ–ª—è Guest
2022-03-28 22:58:37,414 DEBUG client.py –†–∞–∑–±–æ—Ä –ø—Ä–∏–≤–µ—Ç—Å—Ç–≤–µ–Ω–Ω–æ–≥–æ —Å–æ–æ–±—â–µ–Ω–∏—è –æ—Ç —Å–µ—Ä–≤–µ—Ä–∞: {'response': 200}
2022-03-28 22:58:37,415 DEBUG decos.py –ë—ã–ª–∞ –≤—ã–∑–≤–∞–Ω–∞ —Ñ—É–Ω–∫—Ü–∏—è create_presence c –ø–∞—Ä–∞–º–µ—Ç—Ä–∞–º–∏ (), {}.–í—ã–∑–æ–≤ –∏–∑ –º–æ–¥—É–ª—è __main__.–í—ã–∑–æ–≤ –∏–∑ —Ñ—É–Ω–∫—Ü–∏–∏ main().
2022-03-28 22:58:37,416 DEBUG decos.py –ë—ã–ª–∞ –≤—ã–∑–≤–∞–Ω–∞ —Ñ—É–Ω–∫—Ü–∏—è process_response_ans c –ø–∞—Ä–∞–º–µ—Ç—Ä–∞–º–∏ ({'response': 200},), {}.–í—ã–∑–æ–≤ –∏–∑ –º–æ–¥—É–ª—è __main__.–í—ã–∑–æ–≤ –∏–∑ —Ñ—É–Ω–∫—Ü–∏–∏ main().
2022-03-28 22:58:37,416 INFO client.py –£—Å—Ç–∞–Ω–æ–≤–ª–µ–Ω–æ —Å–æ–µ–¥–∏–Ω–µ–Ω–∏–µ —Å —Å–µ—Ä–≤–µ—Ä–æ–º. –û—Ç–≤–µ—Ç —Å–µ—Ä–≤–µ—Ä–∞: 200 : OK
2022-03-28 22:58:38,426 DEBUG client.py –†–∞–∑–±–æ—Ä –ø—Ä–∏–≤–µ—Ç—Å—Ç–≤–µ–Ω–Ω–æ–≥–æ —Å–æ–æ–±—â–µ–Ω–∏—è –æ—Ç —Å–µ—Ä–≤–µ—Ä–∞: {'response': 200}
2022-03-28 22:58:38,427 DEBUG decos.py –ë—ã–ª–∞ –≤—ã–∑–≤–∞–Ω–∞ —Ñ—É–Ω–∫—Ü–∏—è process_response_ans c –ø–∞—Ä–∞–º–µ—Ç—Ä–∞–º–∏ ({'response': 200},), {}.–í—ã–∑–æ–≤ –∏–∑ –º–æ–¥—É–ª—è __main__.–í—ã–∑–æ–≤ –∏–∑ —Ñ—É–Ω–∫—Ü–∏–∏ main().
2022-03-28 22:58:38,427 INFO client.py –£—Å—Ç–∞–Ω–æ–≤–ª–µ–Ω–æ —Å–æ–µ–¥–∏–Ω–µ–Ω–∏–µ —Å —Å–µ—Ä–≤–µ—Ä–æ–º. –û—Ç–≤–µ—Ç —Å–µ—Ä–≤–µ—Ä–∞: 200 : OK
2022-03-28 22:59:05,268 DEBUG client.py –°—Ñ–æ—Ä–º–∏—Ä–æ–≤–∞–Ω —Å–ª–æ–≤–∞—Ä—å —Å–æ–æ–±—â–µ–Ω–∏—è: {'action': 'message', 'time': 1648497545.2683213, 'account_name': 'Guest', 'mess_text': 'fafgjak'}
2022-03-28 22:59:05,269 DEBUG decos.py –ë—ã–ª–∞ –≤—ã–∑–≤–∞–Ω–∞ —Ñ—É–Ω–∫—Ü–∏—è create_message c –ø–∞—Ä–∞–º–µ—Ç—Ä–∞–º–∏ (<socket.socket fd=344, family=AddressFamily.AF_INET, type=SocketKind.SOCK_STREAM, proto=0, laddr=('127.0.0.1', 50352), raddr=('127.0.0.1', 7777)>,), {}.–í—ã–∑–æ–≤ –∏–∑ –º–æ–¥—É–ª—è __main__.–í—ã–∑–æ–≤ –∏–∑ —Ñ—É–Ω–∫—Ü–∏–∏ main().
2022-03-28 22:59:05,665 INFO client.py –ü–æ–ª—É—á–µ–Ω–æ —Å–æ–æ–±—â–µ–Ω–∏–µ –æ—Ç –ø–æ–ª—å–∑–æ–≤–∞—Ç–µ–ª—è Guest:
fafgjak
2022-03-28 22:59:05,665 INFO client.py –ü–æ–ª—É—á–µ–Ω–æ —Å–æ–æ–±—â–µ–Ω–∏–µ –æ—Ç –ø–æ–ª—å–∑–æ–≤–∞—Ç–µ–ª—è Guest:
fafgjak
2022-03-28 22:59:05,665 INFO client.py –ü–æ–ª—É—á–µ–Ω–æ —Å–æ–æ–±—â–µ–Ω–∏–µ –æ—Ç –ø–æ–ª—å–∑–æ–≤–∞—Ç–µ–ª—è Guest:
fafgjak
2022-03-28 22:59:05,665 INFO client.py –ü–æ–ª—É—á–µ–Ω–æ —Å–æ–æ–±—â–µ–Ω–∏–µ –æ—Ç –ø–æ–ª—å–∑–æ–≤–∞—Ç–µ–ª—è Guest:
fafgjak
2022-03-28 22:59:05,666 DEBUG decos.py –ë—ã–ª–∞ –≤—ã–∑–≤–∞–Ω–∞ —Ñ—É–Ω–∫—Ü–∏—è message_from_server c –ø–∞—Ä–∞–º–µ—Ç—Ä–∞–º–∏ ({'action': 'message', 'sender': 'Guest', 'time': 1648497545.6639419, 'mess_text': 'fafgjak'},), {}.–í—ã–∑–æ–≤ –∏–∑ –º–æ–¥—É–ª—è __main__.–í—ã–∑–æ–≤ –∏–∑ —Ñ—É–Ω–∫—Ü–∏–∏ main().
2022-03-28 22:59:05,666 DEBUG decos.py –ë—ã–ª–∞ –≤—ã–∑–≤–∞–Ω–∞ —Ñ—É–Ω–∫—Ü–∏—è message_from_server c –ø–∞—Ä–∞–º–µ—Ç—Ä–∞–º–∏ ({'action': 'message', 'sender': 'Guest', 'time': 1648497545.6639419, 'mess_text': 'fafgjak'},), {}.–í—ã–∑–æ–≤ –∏–∑ –º–æ–¥—É–ª—è __main__.–í—ã–∑–æ–≤ –∏–∑ —Ñ—É–Ω–∫—Ü–∏–∏ main().
2022-03-28 22:59:05,666 DEBUG decos.py –ë—ã–ª–∞ –≤—ã–∑–≤–∞–Ω–∞ —Ñ—É–Ω–∫—Ü–∏—è message_from_server c –ø–∞—Ä–∞–º–µ—Ç—Ä–∞–º–∏ ({'action': 'message', 'sender': 'Guest', 'time': 1648497545.6639419, 'mess_text': 'fafgjak'},), {}.–í—ã–∑–æ–≤ –∏–∑ –º–æ–¥—É–ª—è __main__.–í—ã–∑–æ–≤ –∏–∑ —Ñ—É–Ω–∫—Ü–∏–∏ main().
2022-03-28 22:59:05,666 DEBUG decos.py –ë—ã–ª–∞ –≤—ã–∑–≤–∞–Ω–∞ —Ñ—É–Ω–∫—Ü–∏—è message_from_server c –ø–∞—Ä–∞–º–µ—Ç—Ä–∞–º–∏ ({'action': 'message', 'sender': 'Guest', 'time': 1648497545.6639419, 'mess_text': 'fafgjak'},), {}.–í—ã–∑–æ–≤ –∏–∑ –º–æ–¥—É–ª—è __main__.–í—ã–∑–æ–≤ –∏–∑ —Ñ—É–Ω–∫—Ü–∏–∏ main().
2022-03-28 22:59:05,667 DEBUG decos.py –ë—ã–ª–∞ –≤—ã–∑–≤–∞–Ω–∞ —Ñ—É–Ω–∫—Ü–∏—è message_from_server c –ø–∞—Ä–∞–º–µ—Ç—Ä–∞–º–∏ ({'action': 'message', 'sender': 'Guest', 'time': 1648497545.6639419, 'mess_text': 'fafgjak'},), {}.–í—ã–∑–æ–≤ –∏–∑ –º–æ–¥—É–ª—è __main__.–í—ã–∑–æ–≤ –∏–∑ —Ñ—É–Ω–∫—Ü–∏–∏ main().
2022-03-28 22:59:15,679 DEBUG client.py –°—Ñ–æ—Ä–º–∏—Ä–æ–≤–∞–Ω —Å–ª–æ–≤–∞—Ä—å —Å–æ–æ–±—â–µ–Ω–∏—è: {'action': 'message', 'time': 1648497555.6785283, 'account_name': 'Guest', 'mess_text': 'cxcvbjk./'}
2022-03-28 22:59:15,679 DEBUG decos.py –ë—ã–ª–∞ –≤—ã–∑–≤–∞–Ω–∞ —Ñ—É–Ω–∫—Ü–∏—è create_message c –ø–∞—Ä–∞–º–µ—Ç—Ä–∞–º–∏ (<socket.socket fd=368, family=AddressFamily.AF_INET, type=SocketKind.SOCK_STREAM, proto=0, laddr=('127.0.0.1', 50353), raddr=('127.0.0.1', 7777)>,), {}.–í—ã–∑–æ–≤ –∏–∑ –º–æ–¥—É–ª—è __main__.–í—ã–∑–æ–≤ –∏–∑ —Ñ—É–Ω–∫—Ü–∏–∏ main().
2022-03-28 22:59:15,764 INFO client.py –ü–æ–ª—É—á–µ–Ω–æ —Å–æ–æ–±—â–µ–Ω–∏–µ –æ—Ç –ø–æ–ª—å–∑–æ–≤–∞—Ç–µ–ª—è Guest:
cxcvbjk./
2022-03-28 22:59:15,764 INFO client.py –ü–æ–ª—É—á–µ–Ω–æ —Å–æ–æ–±—â–µ–Ω–∏–µ –æ—Ç –ø–æ–ª—å–∑–æ–≤–∞—Ç–µ–ª—è Guest:
cxcvbjk./
2022-03-28 22:59:15,764 INFO client.py –ü–æ–ª—É—á–µ–Ω–æ —Å–æ–æ–±—â–µ–Ω–∏–µ –æ—Ç –ø–æ–ª—å–∑–æ–≤–∞—Ç–µ–ª—è Guest:
cxcvbjk./
2022-03-28 22:59:15,764 INFO client.py –ü–æ–ª—É—á–µ–Ω–æ —Å–æ–æ–±—â–µ–Ω–∏–µ –æ—Ç –ø–æ–ª—å–∑–æ–≤–∞—Ç–µ–ª—è Guest:
cxcvbjk./
2022-03-28 22:59:15,764 INFO client.py –ü–æ–ª—É—á–µ–Ω–æ —Å–æ–æ–±—â–µ–Ω–∏–µ –æ—Ç –ø–æ–ª—å–∑–æ–≤–∞—Ç–µ–ª—è Guest:
cxcvbjk./
2022-03-28 22:59:15,765 DEBUG decos.py –ë—ã–ª–∞ –≤—ã–∑–≤–∞–Ω–∞ —Ñ—É–Ω–∫—Ü–∏—è message_from_server c –ø–∞—Ä–∞–º–µ—Ç—Ä–∞–º–∏ ({'action': 'message', 'sender': 'Guest', 'time': 1648497555.7633955, 'mess_text': 'cxcvbjk./'},), {}.–í—ã–∑–æ–≤ –∏–∑ –º–æ–¥—É–ª—è __main__.–í—ã–∑–æ–≤ –∏–∑ —Ñ—É–Ω–∫—Ü–∏–∏ main().
2022-03-28 22:59:15,765 DEBUG decos.py –ë—ã–ª–∞ –≤—ã–∑–≤–∞–Ω–∞ —Ñ—É–Ω–∫—Ü–∏—è message_from_server c –ø–∞—Ä–∞–º–µ—Ç—Ä–∞–º–∏ ({'action': 'message', 'sender': 'Guest', 'time': 1648497555.7633955, 'mess_text': 'cxcvbjk./'},), {}.–í—ã–∑–æ–≤ –∏–∑ –º–æ–¥—É–ª—è __main__.–í—ã–∑–æ–≤ –∏–∑ —Ñ—É–Ω–∫—Ü–∏–∏ main().
2022-03-28 22:59:15,765 DEBUG decos.py –ë—ã–ª–∞ –≤—ã–∑–≤–∞–Ω–∞ —Ñ—É–Ω–∫—Ü–∏—è message_from_server c –ø–∞—Ä–∞–º–µ—Ç—Ä–∞–º–∏ ({'action': 'message', 'sender': 'Guest', 'time': 1648497555.7633955, 'mess_text': 'cxcvbjk./'},), {}.–í—ã–∑–æ–≤ –∏–∑ –º–æ–¥—É–ª—è __main__.–í—ã–∑–æ–≤ –∏–∑ —Ñ—É–Ω–∫—Ü–∏–∏ main().
2022-03-28 22:59:15,765 DEBUG decos.py –ë—ã–ª–∞ –≤—ã–∑–≤–∞–Ω–∞ —Ñ—É–Ω–∫—Ü–∏—è message_from_server c –ø–∞—Ä–∞–º–µ—Ç—Ä–∞–º–∏ ({'action': 'message', 'sender': 'Guest', 'time': 1648497555.7633955, 'mess_text': 'cxcvbjk./'},), {}.–í—ã–∑–æ–≤ –∏–∑ –º–æ–¥—É–ª—è __main__.–í—ã–∑–æ–≤ –∏–∑ —Ñ—É–Ω–∫—Ü–∏–∏ main().
2022-03-28 23:01:32,065 DEBUG decos.py –ë—ã–ª–∞ –≤—ã–∑–≤–∞–Ω–∞ —Ñ—É–Ω–∫—Ü–∏—è arg_parser c –ø–∞—Ä–∞–º–µ—Ç—Ä–∞–º–∏ (), {}.–í—ã–∑–æ–≤ –∏–∑ –º–æ–¥—É–ª—è __main__.–í—ã–∑–æ–≤ –∏–∑ —Ñ—É–Ω–∫—Ü–∏–∏ main().
2022-03-28 23:01:32,065 INFO client.py –ó–∞–ø—É—â–µ–Ω –∫–ª–∏–µ–Ω—Ç —Å –ø–∞—Ä–∞–º–µ—Ä—Ç–∞–º–∏: –∞–¥—Ä–µ—Å —Å–µ—Ä–≤–µ—Ä–∞: 127.0.0.1, –ø–æ—Ä—Ç: 7777, —Ä–µ–∂–∏–º —Ä–∞–±–æ—Ç—ã: listen
2022-03-28 23:01:32,177 DEBUG decos.py –ë—ã–ª–∞ –≤—ã–∑–≤–∞–Ω–∞ —Ñ—É–Ω–∫—Ü–∏—è arg_parser c –ø–∞—Ä–∞–º–µ—Ç—Ä–∞–º–∏ (), {}.–í—ã–∑–æ–≤ –∏–∑ –º–æ–¥—É–ª—è __main__.–í—ã–∑–æ–≤ –∏–∑ —Ñ—É–Ω–∫—Ü–∏–∏ main().
2022-03-28 23:01:32,177 INFO client.py –ó–∞–ø—É—â–µ–Ω –∫–ª–∏–µ–Ω—Ç —Å –ø–∞—Ä–∞–º–µ—Ä—Ç–∞–º–∏: –∞–¥—Ä–µ—Å —Å–µ—Ä–≤–µ—Ä–∞: 127.0.0.1, –ø–æ—Ä—Ç: 7777, —Ä–µ–∂–∏–º —Ä–∞–±–æ—Ç—ã: listen
2022-03-28 23:01:32,211 DEBUG decos.py –ë—ã–ª–∞ –≤—ã–∑–≤–∞–Ω–∞ —Ñ—É–Ω–∫—Ü–∏—è arg_parser c –ø–∞—Ä–∞–º–µ—Ç—Ä–∞–º–∏ (), {}.–í—ã–∑–æ–≤ –∏–∑ –º–æ–¥—É–ª—è __main__.–í—ã–∑–æ–≤ –∏–∑ —Ñ—É–Ω–∫—Ü–∏–∏ main().
2022-03-28 23:01:32,211 INFO client.py –ó–∞–ø—É—â–µ–Ω –∫–ª–∏–µ–Ω—Ç —Å –ø–∞—Ä–∞–º–µ—Ä—Ç–∞–º–∏: –∞–¥—Ä–µ—Å —Å–µ—Ä–≤–µ—Ä–∞: 127.0.0.1, –ø–æ—Ä—Ç: 7777, —Ä–µ–∂–∏–º —Ä–∞–±–æ—Ç—ã: send
2022-03-28 23:01:32,308 DEBUG decos.py –ë—ã–ª–∞ –≤—ã–∑–≤–∞–Ω–∞ —Ñ—É–Ω–∫—Ü–∏—è arg_parser c –ø–∞—Ä–∞–º–µ—Ç—Ä–∞–º–∏ (), {}.–í—ã–∑–æ–≤ –∏–∑ –º–æ–¥—É–ª—è __main__.–í—ã–∑–æ–≤ –∏–∑ —Ñ—É–Ω–∫—Ü–∏–∏ main().
2022-03-28 23:01:32,308 INFO client.py –ó–∞–ø—É—â–µ–Ω –∫–ª–∏–µ–Ω—Ç —Å –ø–∞—Ä–∞–º–µ—Ä—Ç–∞–º–∏: –∞–¥—Ä–µ—Å —Å–µ—Ä–≤–µ—Ä–∞: 127.0.0.1, –ø–æ—Ä—Ç: 7777, —Ä–µ–∂–∏–º —Ä–∞–±–æ—Ç—ã: send
2022-03-28 23:01:32,311 DEBUG client.py –°—Ñ–æ—Ä–º–∏—Ä–æ–≤–∞–Ω–æ presence —Å–æ–æ–±—â–µ–Ω–∏–µ –¥–ª—è –ø–æ–ª—å–∑–æ–≤–∞—Ç–µ–ª—è Guest
2022-03-28 23:01:32,312 DEBUG decos.py –ë—ã–ª–∞ –≤—ã–∑–≤–∞–Ω–∞ —Ñ—É–Ω–∫—Ü–∏—è create_presence c –ø–∞—Ä–∞–º–µ—Ç—Ä–∞–º–∏ (), {}.–í—ã–∑–æ–≤ –∏–∑ –º–æ–¥—É–ª—è __main__.–í—ã–∑–æ–≤ –∏–∑ —Ñ—É–Ω–∫—Ü–∏–∏ main().
2022-03-28 23:01:32,331 DEBUG decos.py –ë—ã–ª–∞ –≤—ã–∑–≤–∞–Ω–∞ —Ñ—É–Ω–∫—Ü–∏—è arg_parser c –ø–∞—Ä–∞–º–µ—Ç—Ä–∞–º–∏ (), {}.–í—ã–∑–æ–≤ –∏–∑ –º–æ–¥—É–ª—è __main__.–í—ã–∑–æ–≤ –∏–∑ —Ñ—É–Ω–∫—Ü–∏–∏ main().
2022-03-28 23:01:32,331 INFO client.py –ó–∞–ø—É—â–µ–Ω –∫–ª–∏–µ–Ω—Ç —Å –ø–∞—Ä–∞–º–µ—Ä—Ç–∞–º–∏: –∞–¥—Ä–µ—Å —Å–µ—Ä–≤–µ—Ä–∞: 127.0.0.1, –ø–æ—Ä—Ç: 7777, —Ä–µ–∂–∏–º —Ä–∞–±–æ—Ç—ã: listen
2022-03-28 23:01:32,335 DEBUG client.py –°—Ñ–æ—Ä–º–∏—Ä–æ–≤–∞–Ω–æ presence —Å–æ–æ–±—â–µ–Ω–∏–µ –¥–ª—è –ø–æ–ª—å–∑–æ–≤–∞—Ç–µ–ª—è Guest
2022-03-28 23:01:32,336 DEBUG client.py –†–∞–∑–±–æ—Ä –ø—Ä–∏–≤–µ—Ç—Å—Ç–≤–µ–Ω–Ω–æ–≥–æ —Å–æ–æ–±—â–µ–Ω–∏—è –æ—Ç —Å–µ—Ä–≤–µ—Ä–∞: {'response': 200}
2022-03-28 23:01:32,336 DEBUG decos.py –ë—ã–ª–∞ –≤—ã–∑–≤–∞–Ω–∞ —Ñ—É–Ω–∫—Ü–∏—è create_presence c –ø–∞—Ä–∞–º–µ—Ç—Ä–∞–º–∏ (), {}.–í—ã–∑–æ–≤ –∏–∑ –º–æ–¥—É–ª—è __main__.–í—ã–∑–æ–≤ –∏–∑ —Ñ—É–Ω–∫—Ü–∏–∏ main().
2022-03-28 23:01:32,337 DEBUG decos.py –ë—ã–ª–∞ –≤—ã–∑–≤–∞–Ω–∞ —Ñ—É–Ω–∫—Ü–∏—è process_response_ans c –ø–∞—Ä–∞–º–µ—Ç—Ä–∞–º–∏ ({'response': 200},), {}.–í—ã–∑–æ–≤ –∏–∑ –º–æ–¥—É–ª—è __main__.–í—ã–∑–æ–≤ –∏–∑ —Ñ—É–Ω–∫—Ü–∏–∏ main().
2022-03-28 23:01:32,337 INFO client.py –£—Å—Ç–∞–Ω–æ–≤–ª–µ–Ω–æ —Å–æ–µ–¥–∏–Ω–µ–Ω–∏–µ —Å —Å–µ—Ä–≤–µ—Ä–æ–º. –û—Ç–≤–µ—Ç —Å–µ—Ä–≤–µ—Ä–∞: 200 : OK
2022-03-28 23:01:32,341 DEBUG decos.py –ë—ã–ª–∞ –≤—ã–∑–≤–∞–Ω–∞ —Ñ—É–Ω–∫—Ü–∏—è arg_parser c –ø–∞—Ä–∞–º–µ—Ç—Ä–∞–º–∏ (), {}.–í—ã–∑–æ–≤ –∏–∑ –º–æ–¥—É–ª—è __main__.–í—ã–∑–æ–≤ –∏–∑ —Ñ—É–Ω–∫—Ü–∏–∏ main().
2022-03-28 23:01:32,342 INFO client.py –ó–∞–ø—É—â–µ–Ω –∫–ª–∏–µ–Ω—Ç —Å –ø–∞—Ä–∞–º–µ—Ä—Ç–∞–º–∏: –∞–¥—Ä–µ—Å —Å–µ—Ä–≤–µ—Ä–∞: 127.0.0.1, –ø–æ—Ä—Ç: 7777, —Ä–µ–∂–∏–º —Ä–∞–±–æ—Ç—ã: listen
2022-03-28 23:01:32,345 DEBUG client.py –°—Ñ–æ—Ä–º–∏—Ä–æ–≤–∞–Ω–æ presence —Å–æ–æ–±—â–µ–Ω–∏–µ –¥–ª—è –ø–æ–ª—å–∑–æ–≤–∞—Ç–µ–ª—è Guest
2022-03-28 23:01:32,346 DEBUG decos.py –ë—ã–ª–∞ –≤—ã–∑–≤–∞–Ω–∞ —Ñ—É–Ω–∫—Ü–∏—è create_presence c –ø–∞—Ä–∞–º–µ—Ç—Ä–∞–º–∏ (), {}.–í—ã–∑–æ–≤ –∏–∑ –º–æ–¥—É–ª—è __main__.–í—ã–∑–æ–≤ –∏–∑ —Ñ—É–Ω–∫—Ü–∏–∏ main().
2022-03-28 23:01:32,346 DEBUG client.py –†–∞–∑–±–æ—Ä –ø—Ä–∏–≤–µ—Ç—Å—Ç–≤–µ–Ω–Ω–æ–≥–æ —Å–æ–æ–±—â–µ–Ω–∏—è –æ—Ç —Å–µ—Ä–≤–µ—Ä–∞: {'response': 200}
2022-03-28 23:01:32,347 DEBUG decos.py –ë—ã–ª–∞ –≤—ã–∑–≤–∞–Ω–∞ —Ñ—É–Ω–∫—Ü–∏—è process_response_ans c –ø–∞—Ä–∞–º–µ—Ç—Ä–∞–º–∏ ({'response': 200},), {}.–í—ã–∑–æ–≤ –∏–∑ –º–æ–¥—É–ª—è __main__.–í—ã–∑–æ–≤ –∏–∑ —Ñ—É–Ω–∫—Ü–∏–∏ main().
2022-03-28 23:01:32,347 INFO client.py –£—Å—Ç–∞–Ω–æ–≤–ª–µ–Ω–æ —Å–æ–µ–¥–∏–Ω–µ–Ω–∏–µ —Å —Å–µ—Ä–≤–µ—Ä–æ–º. –û—Ç–≤–µ—Ç —Å–µ—Ä–≤–µ—Ä–∞: 200 : OK
2022-03-28 23:01:32,388 DEBUG decos.py –ë—ã–ª–∞ –≤—ã–∑–≤–∞–Ω–∞ —Ñ—É–Ω–∫—Ü–∏—è arg_parser c –ø–∞—Ä–∞–º–µ—Ç—Ä–∞–º–∏ (), {}.–í—ã–∑–æ–≤ –∏–∑ –º–æ–¥—É–ª—è __main__.–í—ã–∑–æ–≤ –∏–∑ —Ñ—É–Ω–∫—Ü–∏–∏ main().
2022-03-28 23:01:32,388 INFO client.py –ó–∞–ø—É—â–µ–Ω –∫–ª–∏–µ–Ω—Ç —Å –ø–∞—Ä–∞–º–µ—Ä—Ç–∞–º–∏: –∞–¥—Ä–µ—Å —Å–µ—Ä–≤–µ—Ä–∞: 127.0.0.1, –ø–æ—Ä—Ç: 7777, —Ä–µ–∂–∏–º —Ä–∞–±–æ—Ç—ã: listen
2022-03-28 23:01:32,391 DEBUG client.py –°—Ñ–æ—Ä–º–∏—Ä–æ–≤–∞–Ω–æ presence —Å–æ–æ–±—â–µ–Ω–∏–µ –¥–ª—è –ø–æ–ª—å–∑–æ–≤–∞—Ç–µ–ª—è Guest
2022-03-28 23:01:32,392 DEBUG decos.py –ë—ã–ª–∞ –≤—ã–∑–≤–∞–Ω–∞ —Ñ—É–Ω–∫—Ü–∏—è create_presence c –ø–∞—Ä–∞–º–µ—Ç—Ä–∞–º–∏ (), {}.–í—ã–∑–æ–≤ –∏–∑ –º–æ–¥—É–ª—è __main__.–í—ã–∑–æ–≤ –∏–∑ —Ñ—É–Ω–∫—Ü–∏–∏ main().
2022-03-28 23:01:32,393 DEBUG decos.py –ë—ã–ª–∞ –≤—ã–∑–≤–∞–Ω–∞ —Ñ—É–Ω–∫—Ü–∏—è process_response_ans c –ø–∞—Ä–∞–º–µ—Ç—Ä–∞–º–∏ ({'response': 200},), {}.–í—ã–∑–æ–≤ –∏–∑ –º–æ–¥—É–ª—è __main__.–í—ã–∑–æ–≤ –∏–∑ —Ñ—É–Ω–∫—Ü–∏–∏ main().
2022-03-28 23:01:32,393 INFO client.py –£—Å—Ç–∞–Ω–æ–≤–ª–µ–Ω–æ —Å–æ–µ–¥–∏–Ω–µ–Ω–∏–µ —Å —Å–µ—Ä–≤–µ—Ä–æ–º. –û—Ç–≤–µ—Ç —Å–µ—Ä–≤–µ—Ä–∞: 200 : OK
2022-03-28 23:01:32,576 DEBUG client.py –°—Ñ–æ—Ä–º–∏—Ä–æ–≤–∞–Ω–æ presence —Å–æ–æ–±—â–µ–Ω–∏–µ –¥–ª—è –ø–æ–ª—å–∑–æ–≤–∞—Ç–µ–ª—è Guest
2022-03-28 23:01:32,576 DEBUG decos.py –ë—ã–ª–∞ –≤—ã–∑–≤–∞–Ω–∞ —Ñ—É–Ω–∫—Ü–∏—è create_presence c –ø–∞—Ä–∞–º–µ—Ç—Ä–∞–º–∏ (), {}.–í—ã–∑–æ–≤ –∏–∑ –º–æ–¥—É–ª—è __main__.–í—ã–∑–æ–≤ –∏–∑ —Ñ—É–Ω–∫—Ü–∏–∏ main().
2022-03-28 23:01:32,576 DEBUG client.py –†–∞–∑–±–æ—Ä –ø—Ä–∏–≤–µ—Ç—Å—Ç–≤–µ–Ω–Ω–æ–≥–æ —Å–æ–æ–±—â–µ–Ω–∏—è –æ—Ç —Å–µ—Ä–≤–µ—Ä–∞: {'response': 200}
2022-03-28 23:01:32,577 DEBUG decos.py –ë—ã–ª–∞ –≤—ã–∑–≤–∞–Ω–∞ —Ñ—É–Ω–∫—Ü–∏—è process_response_ans c –ø–∞—Ä–∞–º–µ—Ç—Ä–∞–º–∏ ({'response': 200},), {}.–í—ã–∑–æ–≤ –∏–∑ –º–æ–¥—É–ª—è __main__.–í—ã–∑–æ–≤ –∏–∑ —Ñ—É–Ω–∫—Ü–∏–∏ main().
2022-03-28 23:01:32,578 INFO client.py –£—Å—Ç–∞–Ω–æ–≤–ª–µ–Ω–æ —Å–æ–µ–¥–∏–Ω–µ–Ω–∏–µ —Å —Å–µ—Ä–≤–µ—Ä–æ–º. –û—Ç–≤–µ—Ç —Å–µ—Ä–≤–µ—Ä–∞: 200 : OK
2022-03-28 23:01:32,684 DEBUG client.py –°—Ñ–æ—Ä–º–∏—Ä–æ–≤–∞–Ω–æ presence —Å–æ–æ–±—â–µ–Ω–∏–µ –¥–ª—è –ø–æ–ª—å–∑–æ–≤–∞—Ç–µ–ª—è Guest
2022-03-28 23:01:32,685 DEBUG decos.py –ë—ã–ª–∞ –≤—ã–∑–≤–∞–Ω–∞ —Ñ—É–Ω–∫—Ü–∏—è create_presence c –ø–∞—Ä–∞–º–µ—Ç—Ä–∞–º–∏ (), {}.–í—ã–∑–æ–≤ –∏–∑ –º–æ–¥—É–ª—è __main__.–í—ã–∑–æ–≤ –∏–∑ —Ñ—É–Ω–∫—Ü–∏–∏ main().
2022-03-28 23:01:32,686 DEBUG decos.py –ë—ã–ª–∞ –≤—ã–∑–≤–∞–Ω–∞ —Ñ—É–Ω–∫—Ü–∏—è process_response_ans c –ø–∞—Ä–∞–º–µ—Ç—Ä–∞–º–∏ ({'response': 200},), {}.–í—ã–∑–æ–≤ –∏–∑ –º–æ–¥—É–ª—è __main__.–í—ã–∑–æ–≤ –∏–∑ —Ñ—É–Ω–∫—Ü–∏–∏ main().
2022-03-28 23:01:32,686 INFO client.py –£—Å—Ç–∞–Ω–æ–≤–ª–µ–Ω–æ —Å–æ–µ–¥–∏–Ω–µ–Ω–∏–µ —Å —Å–µ—Ä–≤–µ—Ä–æ–º. –û—Ç–≤–µ—Ç —Å–µ—Ä–≤–µ—Ä–∞: 200 : OK
2022-03-28 23:01:32,730 DEBUG client.py –°—Ñ–æ—Ä–º–∏—Ä–æ–≤–∞–Ω–æ presence —Å–æ–æ–±—â–µ–Ω–∏–µ –¥–ª—è –ø–æ–ª—å–∑–æ–≤–∞—Ç–µ–ª—è Guest
2022-03-28 23:01:32,731 DEBUG client.py –†–∞–∑–±–æ—Ä –ø—Ä–∏–≤–µ—Ç—Å—Ç–≤–µ–Ω–Ω–æ–≥–æ —Å–æ–æ–±—â–µ–Ω–∏—è –æ—Ç —Å–µ—Ä–≤–µ—Ä–∞: {'response': 200}
2022-03-28 23:01:32,731 DEBUG decos.py –ë—ã–ª–∞ –≤—ã–∑–≤–∞–Ω–∞ —Ñ—É–Ω–∫—Ü–∏—è create_presence c –ø–∞—Ä–∞–º–µ—Ç—Ä–∞–º–∏ (), {}.–í—ã–∑–æ–≤ –∏–∑ –º–æ–¥—É–ª—è __main__.–í—ã–∑–æ–≤ –∏–∑ —Ñ—É–Ω–∫—Ü–∏–∏ main().
2022-03-28 23:01:32,732 DEBUG decos.py –ë—ã–ª–∞ –≤—ã–∑–≤–∞–Ω–∞ —Ñ—É–Ω–∫—Ü–∏—è process_response_ans c –ø–∞—Ä–∞–º–µ—Ç—Ä–∞–º–∏ ({'response': 200},), {}.–í—ã–∑–æ–≤ –∏–∑ –º–æ–¥—É–ª—è __main__.–í—ã–∑–æ–≤ –∏–∑ —Ñ—É–Ω–∫—Ü–∏–∏ main().
2022-03-28 23:01:32,732 INFO client.py –£—Å—Ç–∞–Ω–æ–≤–ª–µ–Ω–æ —Å–æ–µ–¥–∏–Ω–µ–Ω–∏–µ —Å —Å–µ—Ä–≤–µ—Ä–æ–º. –û—Ç–≤–µ—Ç —Å–µ—Ä–≤–µ—Ä–∞: 200 : OK
2022-03-28 23:01:33,745 DEBUG client.py –†–∞–∑–±–æ—Ä –ø—Ä–∏–≤–µ—Ç—Å—Ç–≤–µ–Ω–Ω–æ–≥–æ —Å–æ–æ–±—â–µ–Ω–∏—è –æ—Ç —Å–µ—Ä–≤–µ—Ä–∞: {'response': 200}
2022-03-28 23:01:33,746 DEBUG decos.py –ë—ã–ª–∞ –≤—ã–∑–≤–∞–Ω–∞ —Ñ—É–Ω–∫—Ü–∏—è process_response_ans c –ø–∞—Ä–∞–º–µ—Ç—Ä–∞–º–∏ ({'response': 200},), {}.–í—ã–∑–æ–≤ –∏–∑ –º–æ–¥—É–ª—è __main__.–í—ã–∑–æ–≤ –∏–∑ —Ñ—É–Ω–∫—Ü–∏–∏ main().
2022-03-28 23:01:33,746 INFO client.py –£—Å—Ç–∞–Ω–æ–≤–ª–µ–Ω–æ —Å–æ–µ–¥–∏–Ω–µ–Ω–∏–µ —Å —Å–µ—Ä–≤–µ—Ä–æ–º. –û—Ç–≤–µ—Ç —Å–µ—Ä–≤–µ—Ä–∞: 200 : OK
2022-03-28 23:01:52,948 DEBUG client.py –°—Ñ–æ—Ä–º–∏—Ä–æ–≤–∞–Ω —Å–ª–æ–≤–∞—Ä—å —Å–æ–æ–±—â–µ–Ω–∏—è: {'action': 'message', 'time': 1648497712.9483774, 'account_name': 'Guest', 'mess_text': ' dxchjk'}
2022-03-28 23:01:52,949 DEBUG decos.py –ë—ã–ª–∞ –≤—ã–∑–≤–∞–Ω–∞ —Ñ—É–Ω–∫—Ü–∏—è create_message c –ø–∞—Ä–∞–º–µ—Ç—Ä–∞–º–∏ (<socket.socket fd=168, family=AddressFamily.AF_INET, type=SocketKind.SOCK_STREAM, proto=0, laddr=('127.0.0.1', 58899), raddr=('127.0.0.1', 7777)>,), {}.–í—ã–∑–æ–≤ –∏–∑ –º–æ–¥—É–ª—è __main__.–í—ã–∑–æ–≤ –∏–∑ —Ñ—É–Ω–∫—Ü–∏–∏ main().
2022-03-28 23:01:53,938 INFO client.py –ü–æ–ª—É—á–µ–Ω–æ —Å–æ–æ–±—â–µ–Ω–∏–µ –æ—Ç –ø–æ–ª—å–∑–æ–≤–∞—Ç–µ–ª—è Guest:
 dxchjk
2022-03-28 23:01:53,939 INFO client.py –ü–æ–ª—É—á–µ–Ω–æ —Å–æ–æ–±—â–µ–Ω–∏–µ –æ—Ç –ø–æ–ª—å–∑–æ–≤–∞—Ç–µ–ª—è Guest:
 dxchjk
2022-03-28 23:01:53,939 DEBUG decos.py –ë—ã–ª–∞ –≤—ã–∑–≤–∞–Ω–∞ —Ñ—É–Ω–∫—Ü–∏—è message_from_server c –ø–∞—Ä–∞–º–µ—Ç—Ä–∞–º–∏ ({'action': 'message', 'sender': 'Guest', 'time': 1648497713.9376411, 'mess_text': ' dxchjk'},), {}.–í—ã–∑–æ–≤ –∏–∑ –º–æ–¥—É–ª—è __main__.–í—ã–∑–æ–≤ –∏–∑ —Ñ—É–Ω–∫—Ü–∏–∏ main().
2022-03-28 23:01:53,940 DEBUG decos.py –ë—ã–ª–∞ –≤—ã–∑–≤–∞–Ω–∞ —Ñ—É–Ω–∫—Ü–∏—è message_from_server c –ø–∞—Ä–∞–º–µ—Ç—Ä–∞–º–∏ ({'action': 'message', 'sender': 'Guest', 'time': 1648497713.9376411, 'mess_text': ' dxchjk'},), {}.–í—ã–∑–æ–≤ –∏–∑ –º–æ–¥—É–ª—è __main__.–í—ã–∑–æ–≤ –∏–∑ —Ñ—É–Ω–∫—Ü–∏–∏ main().
2022-03-28 23:01:53,940 DEBUG decos.py –ë—ã–ª–∞ –≤—ã–∑–≤–∞–Ω–∞ —Ñ—É–Ω–∫—Ü–∏—è message_from_server c –ø–∞—Ä–∞–º–µ—Ç—Ä–∞–º–∏ ({'action': 'message', 'sender': 'Guest', 'time': 1648497713.9376411, 'mess_text': ' dxchjk'},), {}.–í—ã–∑–æ–≤ –∏–∑ –º–æ–¥—É–ª—è __main__.–í—ã–∑–æ–≤ –∏–∑ —Ñ—É–Ω–∫—Ü–∏–∏ main().
2022-03-28 23:01:53,940 INFO client.py –ü–æ–ª—É—á–µ–Ω–æ —Å–æ–æ–±—â–µ–Ω–∏–µ –æ—Ç –ø–æ–ª—å–∑–æ–≤–∞—Ç–µ–ª—è Guest:
 dxchjk
2022-03-28 23:01:53,941 DEBUG decos.py –ë—ã–ª–∞ –≤—ã–∑–≤–∞–Ω–∞ —Ñ—É–Ω–∫—Ü–∏—è message_from_server c –ø–∞—Ä–∞–º–µ—Ç—Ä–∞–º–∏ ({'action': 'message', 'sender': 'Guest', 'time': 1648497713.9376411, 'mess_text': ' dxchjk'},), {}.–í—ã–∑–æ–≤ –∏–∑ –º–æ–¥—É–ª—è __main__.–í—ã–∑–æ–≤ –∏–∑ —Ñ—É–Ω–∫—Ü–∏–∏ main().
2022-03-28 23:03:47,606 DEBUG decos.py –ë—ã–ª–∞ –≤—ã–∑–≤–∞–Ω–∞ —Ñ—É–Ω–∫—Ü–∏—è arg_parser c –ø–∞—Ä–∞–º–µ—Ç—Ä–∞–º–∏ (), {}.–í—ã–∑–æ–≤ –∏–∑ –º–æ–¥—É–ª—è __main__.–í—ã–∑–æ–≤ –∏–∑ —Ñ—É–Ω–∫—Ü–∏–∏ main().
2022-03-28 23:03:47,607 INFO client.py –ó–∞–ø—É—â–µ–Ω –∫–ª–∏–µ–Ω—Ç —Å –ø–∞—Ä–∞–º–µ—Ä—Ç–∞–º–∏: –∞–¥—Ä–µ—Å —Å–µ—Ä–≤–µ—Ä–∞: 127.0.0.1, –ø–æ—Ä—Ç: 7777, —Ä–µ–∂–∏–º —Ä–∞–±–æ—Ç—ã: listen
2022-03-28 23:03:47,614 DEBUG client.py –°—Ñ–æ—Ä–º–∏—Ä–æ–≤–∞–Ω–æ presence —Å–æ–æ–±—â–µ–Ω–∏–µ –¥–ª—è –ø–æ–ª—å–∑–æ–≤–∞—Ç–µ–ª—è Guest
2022-03-28 23:03:47,615 DEBUG decos.py –ë—ã–ª–∞ –≤—ã–∑–≤–∞–Ω–∞ —Ñ—É–Ω–∫—Ü–∏—è create_presence c –ø–∞—Ä–∞–º–µ—Ç—Ä–∞–º–∏ (), {}.–í—ã–∑–æ–≤ –∏–∑ –º–æ–¥—É–ª—è __main__.–í—ã–∑–æ–≤ –∏–∑ —Ñ—É–Ω–∫—Ü–∏–∏ main().
2022-03-28 23:03:47,615 DEBUG decos.py –ë—ã–ª–∞ –≤—ã–∑–≤–∞–Ω–∞ —Ñ—É–Ω–∫—Ü–∏—è arg_parser c –ø–∞—Ä–∞–º–µ—Ç—Ä–∞–º–∏ (), {}.–í—ã–∑–æ–≤ –∏–∑ –º–æ–¥—É–ª—è __main__.–í—ã–∑–æ–≤ –∏–∑ —Ñ—É–Ω–∫—Ü–∏–∏ main().
2022-03-28 23:03:47,616 INFO client.py –ó–∞–ø—É—â–µ–Ω –∫–ª–∏–µ–Ω—Ç —Å –ø–∞—Ä–∞–º–µ—Ä—Ç–∞–º–∏: –∞–¥—Ä–µ—Å —Å–µ—Ä–≤–µ—Ä–∞: 127.0.0.1, –ø–æ—Ä—Ç: 7777, —Ä–µ–∂–∏–º —Ä–∞–±–æ—Ç—ã: listen
2022-03-28 23:03:47,619 DEBUG client.py –°—Ñ–æ—Ä–º–∏—Ä–æ–≤–∞–Ω–æ presence —Å–æ–æ–±—â–µ–Ω–∏–µ –¥–ª—è –ø–æ–ª—å–∑–æ–≤–∞—Ç–µ–ª—è Guest
2022-03-28 23:03:47,620 DEBUG client.py –†–∞–∑–±–æ—Ä –ø—Ä–∏–≤–µ—Ç—Å—Ç–≤–µ–Ω–Ω–æ–≥–æ —Å–æ–æ–±—â–µ–Ω–∏—è –æ—Ç —Å–µ—Ä–≤–µ—Ä–∞: {'response': 200}
2022-03-28 23:03:47,620 DEBUG decos.py –ë—ã–ª–∞ –≤—ã–∑–≤–∞–Ω–∞ —Ñ—É–Ω–∫—Ü–∏—è create_presence c –ø–∞—Ä–∞–º–µ—Ç—Ä–∞–º–∏ (), {}.–í—ã–∑–æ–≤ –∏–∑ –º–æ–¥—É–ª—è __main__.–í—ã–∑–æ–≤ –∏–∑ —Ñ—É–Ω–∫—Ü–∏–∏ main().
2022-03-28 23:03:47,621 DEBUG decos.py –ë—ã–ª–∞ –≤—ã–∑–≤–∞–Ω–∞ —Ñ—É–Ω–∫—Ü–∏—è process_response_ans c –ø–∞—Ä–∞–º–µ—Ç—Ä–∞–º–∏ ({'response': 200},), {}.–í—ã–∑–æ–≤ –∏–∑ –º–æ–¥—É–ª—è __main__.–í—ã–∑–æ–≤ –∏–∑ —Ñ—É–Ω–∫—Ü–∏–∏ main().
2022-03-28 23:03:47,622 INFO client.py –£—Å—Ç–∞–Ω–æ–≤–ª–µ–Ω–æ —Å–æ–µ–¥–∏–Ω–µ–Ω–∏–µ —Å —Å–µ—Ä–≤–µ—Ä–æ–º. –û—Ç–≤–µ—Ç —Å–µ—Ä–≤–µ—Ä–∞: 200 : OK
2022-03-28 23:03:47,692 DEBUG decos.py –ë—ã–ª–∞ –≤—ã–∑–≤–∞–Ω–∞ —Ñ—É–Ω–∫—Ü–∏—è arg_parser c –ø–∞—Ä–∞–º–µ—Ç—Ä–∞–º–∏ (), {}.–í—ã–∑–æ–≤ –∏–∑ –º–æ–¥—É–ª—è __main__.–í—ã–∑–æ–≤ –∏–∑ —Ñ—É–Ω–∫—Ü–∏–∏ main().
2022-03-28 23:03:47,692 INFO client.py –ó–∞–ø—É—â–µ–Ω –∫–ª–∏–µ–Ω—Ç —Å –ø–∞—Ä–∞–º–µ—Ä—Ç–∞–º–∏: –∞–¥—Ä–µ—Å —Å–µ—Ä–≤–µ—Ä–∞: 127.0.0.1, –ø–æ—Ä—Ç: 7777, —Ä–µ–∂–∏–º —Ä–∞–±–æ—Ç—ã: send
2022-03-28 23:03:47,695 DEBUG client.py –°—Ñ–æ—Ä–º–∏—Ä–æ–≤–∞–Ω–æ presence —Å–æ–æ–±—â–µ–Ω–∏–µ –¥–ª—è –ø–æ–ª—å–∑–æ–≤–∞—Ç–µ–ª—è Guest
2022-03-28 23:03:47,696 DEBUG client.py –†–∞–∑–±–æ—Ä –ø—Ä–∏–≤–µ—Ç—Å—Ç–≤–µ–Ω–Ω–æ–≥–æ —Å–æ–æ–±—â–µ–Ω–∏—è –æ—Ç —Å–µ—Ä–≤–µ—Ä–∞: {'response': 200}
º–æ–¥—É–ª—è __main__.–í—ã–∑–æ–≤ –∏–∑ —Ñ—É–Ω–∫—Ü–∏–∏ main().
2022-03-28 23:03:47,697 DEBUG decos.py –ë—ã–ª–∞ –≤—ã–∑–≤–∞–Ω–∞ —Ñ—É–Ω–∫—Ü–∏—è process_response_ans c –ø–∞—Ä–∞–º–µ—Ç—Ä–∞–º–∏ ({'response': 200},), {}.–í—ã–∑–æ–≤ –∏–∑ –º–æ–¥—É–ª—è __main__.–í—ã–∑–æ–≤ –∏–∑ —Ñ—É–Ω–∫—Ü–∏–∏ main().
2022-03-28 23:03:47,698 INFO client.py –£—Å—Ç–∞–Ω–æ–≤–ª–µ–Ω–æ —Å–æ–µ–¥–∏–Ω–µ–Ω–∏–µ —Å —Å–µ—Ä–≤–µ—Ä–æ–º. –û—Ç–≤–µ—Ç —Å–µ—Ä–≤–µ—Ä–∞: 200 : OK
2022-03-28 23:03:47,738 DEBUG decos.py –ë—ã–ª–∞ –≤—ã–∑–≤–∞–Ω–∞ —Ñ—É–Ω–∫—Ü–∏—è arg_parser c –ø–∞—Ä–∞–º–µ—Ç—Ä–∞–º–∏ (), {}.–í—ã–∑–æ–≤ –∏–∑ –º–æ–¥—É–ª—è __main__.–í—ã–∑–æ–≤ –∏–∑ —Ñ—É–Ω–∫—Ü–∏–∏ main().
2022-03-28 23:03:47,738 INFO client.py –ó–∞–ø—É—â–µ–Ω –∫–ª–∏–µ–Ω—Ç —Å –ø–∞—Ä–∞–º–µ—Ä—Ç–∞–º–∏: –∞–¥—Ä–µ—Å —Å–µ—Ä–≤–µ—Ä–∞: 127.0.0.1, –ø–æ—Ä—Ç: 7777, —Ä–µ–∂–∏–º —Ä–∞–±–æ—Ç—ã: listen
2022-03-28 23:03:47,740 DEBUG client.py –°—Ñ–æ—Ä–º–∏—Ä–æ–≤–∞–Ω–æ presence —Å–æ–æ–±—â–µ–Ω–∏–µ –¥–ª—è –ø–æ–ª—å–∑–æ–≤–∞—Ç–µ–ª—è Guest
2022-03-28 23:03:47,741 DEBUG decos.py –ë—ã–ª–∞ –≤—ã–∑–≤–∞–Ω–∞ —Ñ—É–Ω–∫—Ü–∏—è create_presence c –ø–∞—Ä–∞–º–µ—Ç—Ä–∞–º–∏ (), {}.–í—ã–∑–æ–≤ –∏–∑ –º–æ–¥—É–ª—è __main__.–í—ã–∑–æ–≤ –∏–∑ —Ñ—É–Ω–∫—Ü–∏–∏ main().
2022-03-28 23:03:47,741 DEBUG client.py –†–∞–∑–±–æ—Ä –ø—Ä–∏–≤–µ—Ç—Å—Ç–≤–µ–Ω–Ω–æ–≥–æ —Å–æ–æ–±—â–µ–Ω–∏—è –æ—Ç —Å–µ—Ä–≤–µ—Ä–∞: {'response': 200}
2022-03-28 23:03:47,742 DEBUG decos.py –ë—ã–ª–∞ –≤—ã–∑–≤–∞–Ω–∞ —Ñ—É–Ω–∫—Ü–∏—è process_response_ans c –ø–∞—Ä–∞–º–µ—Ç—Ä–∞–º–∏ ({'response': 200},), {}.–í—ã–∑–æ–≤ –∏–∑ –º–æ–¥—É–ª—è __main__.–í—ã–∑–æ–≤ –∏–∑ —Ñ—É–Ω–∫—Ü–∏–∏ main().
2022-03-28 23:03:47,742 INFO client.py –£—Å—Ç–∞–Ω–æ–≤–ª–µ–Ω–æ —Å–æ–µ–¥–∏–Ω–µ–Ω–∏–µ —Å —Å–µ—Ä–≤–µ—Ä–æ–º. –û—Ç–≤–µ—Ç —Å–µ—Ä–≤–µ—Ä–∞: 200 : OK
2022-03-28 23:03:48,750 DEBUG client.py –†–∞–∑–±–æ—Ä –ø—Ä–∏–≤–µ—Ç—Å—Ç–≤–µ–Ω–Ω–æ–≥–æ —Å–æ–æ–±—â–µ–Ω–∏—è –æ—Ç —Å–µ—Ä–≤–µ—Ä–∞: {'response': 200}
2022-03-28 23:03:48,751 DEBUG decos.py –ë—ã–ª–∞ –≤—ã–∑–≤–∞–Ω–∞ —Ñ—É–Ω–∫—Ü–∏—è process_response_ans c –ø–∞—Ä–∞–º–µ—Ç—Ä–∞–º–∏ ({'response': 200},), {}.–í—ã–∑–æ–≤ –∏–∑ –º–æ–¥—É–ª—è __main__.–í—ã–∑–æ–≤ –∏–∑ —Ñ—É–Ω–∫—Ü–∏–∏ main().
2022-03-28 23:03:48,751 INFO client.py –£—Å—Ç–∞–Ω–æ–≤–ª–µ–Ω–æ —Å–æ–µ–¥–∏–Ω–µ–Ω–∏–µ —Å —Å–µ—Ä–≤–µ—Ä–æ–º. –û—Ç–≤–µ—Ç —Å–µ—Ä–≤–µ—Ä–∞: 200 : OK
2022-03-28 23:04:11,265 DEBUG client.py –°—Ñ–æ—Ä–º–∏—Ä–æ–≤–∞–Ω —Å–ª–æ–≤–∞—Ä—å —Å–æ–æ–±—â–µ–Ω–∏—è: {'action': 'message', 'time': 1648497851.2657444, 'account_name': 'Guest', 'mess_text': 'dfsf'}
2022-03-28 23:04:11,266 DEBUG decos.py –ë—ã–ª–∞ –≤—ã–∑–≤–∞–Ω–∞ —Ñ—É–Ω–∫—Ü–∏—è create_message c –ø–∞—Ä–∞–º–µ—Ç—Ä–∞–º–∏ (<socket.socket fd=424, family=AddressFamily.AF_INET, type=SocketKind.SOCK_STREAM, proto=0, laddr=('127.0.0.1', 56595), raddr=('127.0.0.1', 7777)>,), {}.–í—ã–∑–æ–≤ –∏–∑ –º–æ–¥—É–ª—è __main__.–í—ã–∑–æ–≤ –∏–∑ —Ñ—É–Ω–∫—Ü–∏–∏ main().
2022-03-28 23:04:11,933 INFO client.py –ü–æ–ª—É—á–µ–Ω–æ —Å–æ–æ–±—â–µ–Ω–∏–µ –æ—Ç –ø–æ–ª—å–∑–æ–≤–∞—Ç–µ–ª—è Guest:
dfsf
2022-03-28 23:04:11,934 INFO client.py –ü–æ–ª—É—á–µ–Ω–æ —Å–æ–æ–±—â–µ–Ω–∏–µ –æ—Ç –ø–æ–ª—å–∑–æ–≤–∞—Ç–µ–ª—è Guest:
dfsf
2022-03-28 23:04:11,934 DEBUG decos.py –ë—ã–ª–∞ –≤—ã–∑–≤–∞–Ω–∞ —Ñ—É–Ω–∫—Ü–∏—è message_from_server c –ø–∞—Ä–∞–º–µ—Ç—Ä–∞–º–∏ ({'action': 'message', 'sender': 'Guest', 'time': 1648497851.9328284, 'mess_text': 'dfsf'},), {}.–í—ã–∑–æ–≤ –∏–∑ –º–æ–¥—É–ª—è __main__.–í—ã–∑–æ–≤ –∏–∑ —Ñ—É–Ω–∫—Ü–∏–∏ main().
2022-03-28 23:04:11,935 DEBUG decos.py –ë—ã–ª–∞ –≤—ã–∑–≤–∞–Ω–∞ —Ñ—É–Ω–∫—Ü–∏—è message_from_server c –ø–∞—Ä–∞–º–µ—Ç—Ä–∞–º–∏ ({'action': 'message', 'sender': 'Guest', 'time': 1648497851.9328284, 'mess_text': 'dfsf'},), {}.–í—ã–∑–æ–≤ –∏–∑ –º–æ–¥—É–ª—è __main__.–í—ã–∑–æ–≤ –∏–∑ —Ñ—É–Ω–∫—Ü–∏–∏ main().
2022-03-28 23:04:56,830 DEBUG client.py –°—Ñ–æ—Ä–º–∏—Ä–æ–≤–∞–Ω —Å–ª–æ–≤–∞—Ä—å —Å–æ–æ–±—â–µ–Ω–∏—è: {'action': 'message', 'time': 1648497896.8307414, 'account_name': 'Guest', 'mess_text': 'ffjftjftk'}
2022-03-28 23:04:56,831 DEBUG decos.py –ë—ã–ª–∞ –≤—ã–∑–≤–∞–Ω–∞ —Ñ—É–Ω–∫—Ü–∏—è create_message c –ø–∞—Ä–∞–º–µ—Ç—Ä–∞–º–∏ (<socket.socket fd=424, family=AddressFamily.AF_INET, type=SocketKind.SOCK_STREAM, proto=0, laddr=('127.0.0.1', 56595), raddr=('127.0.0.1', 7777)>,), {}.–í—ã–∑–æ–≤ –∏–∑ –º–æ–¥—É–ª—è __main__.–í—ã–∑–æ–≤ –∏–∑ —Ñ—É–Ω–∫—Ü–∏–∏ main().
2022-03-28 23:04:57,303 INFO client.py –ü–æ–ª—É—á–µ–Ω–æ —Å–æ–æ–±—â–µ–Ω–∏–µ –æ—Ç –ø–æ–ª—å–∑–æ–≤–∞—Ç–µ–ª—è Guest:
ffjftjftk
2022-03-28 23:04:57,303 INFO client.py –ü–æ–ª—É—á–µ–Ω–æ —Å–æ–æ–±—â–µ–Ω–∏–µ –æ—Ç –ø–æ–ª—å–∑–æ–≤–∞—Ç–µ–ª—è Guest:
ffjftjftk
2022-03-28 23:04:57,304 DEBUG decos.py –ë—ã–ª–∞ –≤—ã–∑–≤–∞–Ω–∞ —Ñ—É–Ω–∫—Ü–∏—è message_from_server c –ø–∞—Ä–∞–º–µ—Ç—Ä–∞–º–∏ ({'action': 'message', 'sender': 'Guest', 'time': 1648497897.3021543, 'mess_text': 'ffjftjftk'},), {}.–í—ã–∑–æ–≤ –∏–∑ –º–æ–¥—É–ª—è __main__.–í—ã–∑–æ–≤ –∏–∑ —Ñ—É–Ω–∫—Ü–∏–∏ main().
2022-03-28 23:04:57,304 DEBUG decos.py –ë—ã–ª–∞ –≤—ã–∑–≤–∞–Ω–∞ —Ñ—É–Ω–∫—Ü–∏—è message_from_server c –ø–∞—Ä–∞–º–µ—Ç—Ä–∞–º–∏ ({'action': 'message', 'sender': 'Guest', 'time': 1648497897.3021543, 'mess_text': 'ffjftjftk'},), {}.–í—ã–∑–æ–≤ –∏–∑ –º–æ–¥—É–ª—è __main__.–í—ã–∑–æ–≤ –∏–∑ —Ñ—É–Ω–∫—Ü–∏–∏ main().
2022-03-28 23:04:57,304 DEBUG decos.py –ë—ã–ª–∞ –≤—ã–∑–≤–∞–Ω–∞ —Ñ—É–Ω–∫—Ü–∏—è message_from_server c –ø–∞—Ä–∞–º–µ—Ç—Ä–∞–º–∏ ({'action': 'message', 'sender': 'Guest', 'time': 1648497897.3021543, 'mess_text': 'ffjftjftk'},), {}.–í—ã–∑–æ–≤ –∏–∑ –º–æ–¥—É–ª—è __main__.–í—ã–∑–æ–≤ –∏–∑ —Ñ—É–Ω–∫—Ü–∏–∏ main().
2022-03-28 23:44:26,901 DEBUG decos.py –ë—ã–ª–∞ –≤—ã–∑–≤–∞–Ω–∞ —Ñ—É–Ω–∫—Ü–∏—è arg_parser c –ø–∞—Ä–∞–º–µ—Ç—Ä–∞–º–∏ (), {}.–í—ã–∑–æ–≤ –∏–∑ –º–æ–¥—É–ª—è __main__.–í—ã–∑–æ–≤ –∏–∑ —Ñ—É–Ω–∫—Ü–∏–∏ main().
2022-03-28 23:44:26,901 INFO client.py –ó–∞–ø—É—â–µ–Ω –∫–ª–∏–µ–Ω—Ç —Å –ø–∞—Ä–∞–º–µ—Ä—Ç–∞–º–∏: –∞–¥—Ä–µ—Å —Å–µ—Ä–≤–µ—Ä–∞: 127.0.0.1, –ø–æ—Ä—Ç: 7777, —Ä–µ–∂–∏–º —Ä–∞–±–æ—Ç—ã: listen
2022-03-28 23:44:28,942 CRITICAL client.py –ù–µ —É–¥–∞–ª–æ—Å—å –ø–æ–¥–∫–ª—é—á–∏—Ç—å—Å—è –∫ —Å–µ—Ä–≤–µ—Ä—É 127.0.0.1:7777, –∫–æ–Ω–µ—á–Ω—ã–π –∫–æ–º–ø—å—é—Ç–µ—Ä –æ—Ç–≤–µ—Ä–≥ –∑–∞–ø—Ä–æ—Å –Ω–∞ –ø–æ–¥–∫–ª—é—á–µ–Ω–∏–µ.
2022-03-28 23:44:51,179 DEBUG decos.py –ë—ã–ª–∞ –≤—ã–∑–≤–∞–Ω–∞ —Ñ—É–Ω–∫—Ü–∏—è arg_parser c –ø–∞—Ä–∞–º–µ—Ç—Ä–∞–º–∏ (), {}.–í—ã–∑–æ–≤ –∏–∑ –º–æ–¥—É–ª—è __main__.–í—ã–∑–æ–≤ –∏–∑ —Ñ—É–Ω–∫—Ü–∏–∏ main().
2022-03-28 23:44:51,179 INFO client.py –ó–∞–ø—É—â–µ–Ω –∫–ª–∏–µ–Ω—Ç —Å –ø–∞—Ä–∞–º–µ—Ä—Ç–∞–º–∏: –∞–¥—Ä–µ—Å —Å–µ—Ä–≤–µ—Ä–∞: 127.0.0.1, –ø–æ—Ä—Ç: 7777, —Ä–µ–∂–∏–º —Ä–∞–±–æ—Ç—ã: listen
2022-03-28 23:44:51,181 DEBUG client.py –°—Ñ–æ—Ä–º–∏—Ä–æ–≤–∞–Ω–æ presence —Å–æ–æ–±—â–µ–Ω–∏–µ –¥–ª—è –ø–æ–ª—å–∑–æ–≤–∞—Ç–µ–ª—è Guest
2022-03-28 23:44:51,182 DEBUG decos.py –ë—ã–ª–∞ –≤—ã–∑–≤–∞–Ω–∞ —Ñ—É–Ω–∫—Ü–∏—è create_presence c –ø–∞—Ä–∞–º–µ—Ç—Ä–∞–º–∏ (), {}.–í—ã–∑–æ–≤ –∏–∑ –º–æ–¥—É–ª—è __main__.–í—ã–∑–æ–≤ –∏–∑ —Ñ—É–Ω–∫—Ü–∏–∏ main().
2022-03-28 23:44:52,194 DEBUG client.py –†–∞–∑–±–æ—Ä –ø—Ä–∏–≤–µ—Ç—Å—Ç–≤–µ–Ω–Ω–æ–≥–æ —Å–æ–æ–±—â–µ–Ω–∏—è –æ—Ç —Å–µ—Ä–≤–µ—Ä–∞: {'response': 200}
2022-03-28 23:44:52,195 DEBUG decos.py –ë—ã–ª–∞ –≤—ã–∑–≤–∞–Ω–∞ —Ñ—É–Ω–∫—Ü–∏—è process_response_ans c –ø–∞—Ä–∞–º–µ—Ç—Ä–∞–º–∏ ({'response': 200},), {}.–í—ã–∑–æ–≤ –∏–∑ –º–æ–¥—É–ª—è __main__.–í—ã–∑–æ–≤ –∏–∑ —Ñ—É–Ω–∫—Ü–∏–∏ main().
2022-03-28 23:44:52,195 INFO client.py –£—Å—Ç–∞–Ω–æ–≤–ª–µ–Ω–æ —Å–æ–µ–¥–∏–Ω–µ–Ω–∏–µ —Å —Å–µ—Ä–≤–µ—Ä–æ–º. –û—Ç–≤–µ—Ç —Å–µ—Ä–≤–µ—Ä–∞: 200 : OK
2022-03-29 00:17:17,777 ERROR client.py –°–æ–µ–¥–∏–Ω–µ–Ω–∏–µ —Å —Å–µ—Ä–≤–µ—Ä–æ–º 127.0.0.1 –±—ã–ª–æ –ø–æ—Ç–µ—Ä—è–Ω–æ.
2022-03-29 00:23:49,549 DEBUG decos.py –ë—ã–ª–∞ –≤—ã–∑–≤–∞–Ω–∞ —Ñ—É–Ω–∫—Ü–∏—è arg_parser c –ø–∞—Ä–∞–º–µ—Ç—Ä–∞–º–∏ (), {}.–í—ã–∑–æ–≤ –∏–∑ –º–æ–¥—É–ª—è __main__.–í—ã–∑–æ–≤ –∏–∑ —Ñ—É–Ω–∫—Ü–∏–∏ main().
2022-03-29 00:23:49,550 INFO client.py –ó–∞–ø—É—â–µ–Ω –∫–ª–∏–µ–Ω—Ç —Å –ø–∞—Ä–∞–º–µ—Ä—Ç–∞–º–∏: –∞–¥—Ä–µ—Å —Å–µ—Ä–≤–µ—Ä–∞: 127.0.0.1, –ø–æ—Ä—Ç: 7777, —Ä–µ–∂–∏–º —Ä–∞–±–æ—Ç—ã: listen
2022-03-29 00:23:49,552 DEBUG client.py –°—Ñ–æ—Ä–º–∏—Ä–æ–≤–∞–Ω–æ presence —Å–æ–æ–±—â–µ–Ω–∏–µ –¥–ª—è –ø–æ–ª—å–∑–æ–≤–∞—Ç–µ–ª—è Guest
2022-03-29 00:23:49,553 DEBUG decos.py –ë—ã–ª–∞ –≤—ã–∑–≤–∞–Ω–∞ —Ñ—É–Ω–∫—Ü–∏—è create_presence c –ø–∞—Ä–∞–º–µ—Ç—Ä–∞–º–∏ (), {}.–í—ã–∑–æ–≤ –∏–∑ –º–æ–¥—É–ª—è __main__.–í—ã–∑–æ–≤ –∏–∑ —Ñ—É–Ω–∫—Ü–∏–∏ main().
2022-03-29 00:23:50,560 DEBUG client.py –†–∞–∑–±–æ—Ä –ø—Ä–∏–≤–µ—Ç—Å—Ç–≤–µ–Ω–Ω–æ–≥–æ —Å–æ–æ–±—â–µ–Ω–∏—è –æ—Ç —Å–µ—Ä–≤–µ—Ä–∞: {'response': 200}
2022-03-29 00:23:50,561 DEBUG decos.py –ë—ã–ª–∞ –≤—ã–∑–≤–∞–Ω–∞ —Ñ—É–Ω–∫—Ü–∏—è process_response_ans c –ø–∞—Ä–∞–º–µ—Ç—Ä–∞–º–∏ ({'response': 200},), {}.–í—ã–∑–æ–≤ –∏–∑ –º–æ–¥—É–ª—è __main__.–í—ã–∑–æ–≤ –∏–∑ —Ñ—É–Ω–∫—Ü–∏–∏ main().
2022-03-29 00:23:50,561 INFO client.py –£—Å—Ç–∞–Ω–æ–≤–ª–µ–Ω–æ —Å–æ–µ–¥–∏–Ω–µ–Ω–∏–µ —Å —Å–µ—Ä–≤–µ—Ä–æ–º. –û—Ç–≤–µ—Ç —Å–µ—Ä–≤–µ—Ä–∞: 200 : OK
2022-03-29 00:25:39,967 DEBUG decos.py –ë—ã–ª–∞ –≤—ã–∑–≤–∞–Ω–∞ —Ñ—É–Ω–∫—Ü–∏—è arg_parser c –ø–∞—Ä–∞–º–µ—Ç—Ä–∞–º–∏ (), {}.–í—ã–∑–æ–≤ –∏–∑ –º–æ–¥—É–ª—è __main__.–í—ã–∑–æ–≤ –∏–∑ —Ñ—É–Ω–∫—Ü–∏–∏ main().
2022-03-29 00:25:39,967 INFO client.py –ó–∞–ø—É—â–µ–Ω –∫–ª–∏–µ–Ω—Ç —Å –ø–∞—Ä–∞–º–µ—Ä—Ç–∞–º–∏: –∞–¥—Ä–µ—Å —Å–µ—Ä–≤–µ—Ä–∞: 127.0.0.1, –ø–æ—Ä—Ç: 7777, —Ä–µ–∂–∏–º —Ä–∞–±–æ—Ç—ã: listen
2022-03-29 00:25:39,969 DEBUG client.py –°—Ñ–æ—Ä–º–∏—Ä–æ–≤–∞–Ω–æ presence —Å–æ–æ–±—â–µ–Ω–∏–µ –¥–ª—è –ø–æ–ª—å–∑–æ–≤–∞—Ç–µ–ª—è Guest
2022-03-29 00:25:39,970 DEBUG decos.py –ë—ã–ª–∞ –≤—ã–∑–≤–∞–Ω–∞ —Ñ—É–Ω–∫—Ü–∏—è create_presence c –ø–∞—Ä–∞–º–µ—Ç—Ä–∞–º–∏ (), {}.–í—ã–∑–æ–≤ –∏–∑ –º–æ–¥—É–ª—è __main__.–í—ã–∑–æ–≤ –∏–∑ —Ñ—É–Ω–∫—Ü–∏–∏ main().
2022-03-29 00:25:40,978 DEBUG client.py –†–∞–∑–±–æ—Ä –ø—Ä–∏–≤–µ—Ç—Å—Ç–≤–µ–Ω–Ω–æ–≥–æ —Å–æ–æ–±—â–µ–Ω–∏—è –æ—Ç —Å–µ—Ä–≤–µ—Ä–∞: {'response': 200}
2022-03-29 00:25:40,979 DEBUG decos.py –ë—ã–ª–∞ –≤—ã–∑–≤–∞–Ω–∞ —Ñ—É–Ω–∫—Ü–∏—è process_response_ans c –ø–∞—Ä–∞–º–µ—Ç—Ä–∞–º–∏ ({'response': 200},), {}.–í—ã–∑–æ–≤ –∏–∑ –º–æ–¥—É–ª—è __main__.–í—ã–∑–æ–≤ –∏–∑ —Ñ—É–Ω–∫—Ü–∏–∏ main().
2022-03-29 00:25:40,979 INFO client.py –£—Å—Ç–∞–Ω–æ–≤–ª–µ–Ω–æ —Å–æ–µ–¥–∏–Ω–µ–Ω–∏–µ —Å —Å–µ—Ä–≤–µ—Ä–æ–º. –û—Ç–≤–µ—Ç —Å–µ—Ä–≤–µ—Ä–∞: 200 : OK
2022-03-29 00:25:53,384 DEBUG decos.py –ë—ã–ª–∞ –≤—ã–∑–≤–∞–Ω–∞ —Ñ—É–Ω–∫—Ü–∏—è arg_parser c –ø–∞—Ä–∞–º–µ—Ç—Ä–∞–º–∏ (), {}.–í—ã–∑–æ–≤ –∏–∑ –º–æ–¥—É–ª—è __main__.–í—ã–∑–æ–≤ –∏–∑ —Ñ—É–Ω–∫—Ü–∏–∏ main().
2022-03-29 00:25:53,384 INFO client.py –ó–∞–ø—É—â–µ–Ω –∫–ª–∏–µ–Ω—Ç —Å –ø–∞—Ä–∞–º–µ—Ä—Ç–∞–º–∏: –∞–¥—Ä–µ—Å —Å–µ—Ä–≤–µ—Ä–∞: 127.0.0.1, –ø–æ—Ä—Ç: 7777, —Ä–µ–∂–∏–º —Ä–∞–±–æ—Ç—ã: listen
2022-03-29 00:25:53,386 DEBUG client.py –°—Ñ–æ—Ä–º–∏—Ä–æ–≤–∞–Ω–æ presence —Å–æ–æ–±—â–µ–Ω–∏–µ –¥–ª—è –ø–æ–ª—å–∑–æ–≤–∞—Ç–µ–ª—è Guest
2022-03-29 00:25:53,387 DEBUG decos.py –ë—ã–ª–∞ –≤—ã–∑–≤–∞–Ω–∞ —Ñ—É–Ω–∫—Ü–∏—è create_presence c –ø–∞—Ä–∞–º–µ—Ç—Ä–∞–º–∏ (), {}.–í—ã–∑–æ–≤ –∏–∑ –º–æ–¥—É–ª—è __main__.–í—ã–∑–æ–≤ –∏–∑ —Ñ—É–Ω–∫—Ü–∏–∏ main().
2022-03-29 00:25:54,395 DEBUG client.py –†–∞–∑–±–æ—Ä –ø—Ä–∏–≤–µ—Ç—Å—Ç–≤–µ–Ω–Ω–æ–≥–æ —Å–æ–æ–±—â–µ–Ω–∏—è –æ—Ç —Å–µ—Ä–≤–µ—Ä–∞: {'response': 200}
2022-03-29 00:25:54,396 DEBUG decos.py –ë—ã–ª–∞ –≤—ã–∑–≤–∞–Ω–∞ —Ñ—É–Ω–∫—Ü–∏—è process_response_ans c –ø–∞—Ä–∞–º–µ—Ç—Ä–∞–º–∏ ({'response': 200},), {}.–í—ã–∑–æ–≤ –∏–∑ –º–æ–¥—É–ª—è __main__.–í—ã–∑–æ–≤ –∏–∑ —Ñ—É–Ω–∫—Ü–∏–∏ main().
2022-03-29 00:25:54,396 INFO client.py –£—Å—Ç–∞–Ω–æ–≤–ª–µ–Ω–æ —Å–æ–µ–¥–∏–Ω–µ–Ω–∏–µ —Å —Å–µ—Ä–≤–µ—Ä–æ–º. –û—Ç–≤–µ—Ç —Å–µ—Ä–≤–µ—Ä–∞: 200 : OK
2022-03-29 00:26:16,116 DEBUG decos.py –ë—ã–ª–∞ –≤—ã–∑–≤–∞–Ω–∞ —Ñ—É–Ω–∫—Ü–∏—è arg_parser c –ø–∞—Ä–∞–º–µ—Ç—Ä–∞–º–∏ (), {}.–í—ã–∑–æ–≤ –∏–∑ –º–æ–¥—É–ª—è __main__.–í—ã–∑–æ–≤ –∏–∑ —Ñ—É–Ω–∫—Ü–∏–∏ main().
2022-03-29 00:26:16,116 INFO client.py –ó–∞–ø—É—â–µ–Ω –∫–ª–∏–µ–Ω—Ç —Å –ø–∞—Ä–∞–º–µ—Ä—Ç–∞–º–∏: –∞–¥—Ä–µ—Å —Å–µ—Ä–≤–µ—Ä–∞: 127.0.0.1, –ø–æ—Ä—Ç: 7777, —Ä–µ–∂–∏–º —Ä–∞–±–æ—Ç—ã: listen
2022-03-29 00:26:16,120 DEBUG client.py –°—Ñ–æ—Ä–º–∏—Ä–æ–≤–∞–Ω–æ presence —Å–æ–æ–±—â–µ–Ω–∏–µ –¥–ª—è –ø–æ–ª—å–∑–æ–≤–∞—Ç–µ–ª—è Guest
2022-03-29 00:26:16,121 DEBUG decos.py –ë—ã–ª–∞ –≤—ã–∑–≤–∞–Ω–∞ —Ñ—É–Ω–∫—Ü–∏—è create_presence c –ø–∞—Ä–∞–º–µ—Ç—Ä–∞–º–∏ (), {}.–í—ã–∑–æ–≤ –∏–∑ –º–æ–¥—É–ª—è __main__.–í—ã–∑–æ–≤ –∏–∑ —Ñ—É–Ω–∫—Ü–∏–∏ main().
2022-03-29 00:26:16,128 DEBUG decos.py –ë—ã–ª–∞ –≤—ã–∑–≤–∞–Ω–∞ —Ñ—É–Ω–∫—Ü–∏—è arg_parser c –ø–∞—Ä–∞–º–µ—Ç—Ä–∞–º–∏ (), {}.–í—ã–∑–æ–≤ –∏–∑ –º–æ–¥—É–ª—è __main__.–í—ã–∑–æ–≤ –∏–∑ —Ñ—É–Ω–∫—Ü–∏–∏ main().
2022-03-29 00:26:16,128 INFO client.py –ó–∞–ø—É—â–µ–Ω –∫–ª–∏–µ–Ω—Ç —Å –ø–∞—Ä–∞–º–µ—Ä—Ç–∞–º–∏: –∞–¥—Ä–µ—Å —Å–µ—Ä–≤–µ—Ä–∞: 127.0.0.1, –ø–æ—Ä—Ç: 7777, —Ä–µ–∂–∏–º —Ä–∞–±–æ—Ç—ã: listen
2022-03-29 00:26:16,132 DEBUG client.py –°—Ñ–æ—Ä–º–∏—Ä–æ–≤–∞–Ω–æ presence —Å–æ–æ–±—â–µ–Ω–∏–µ –¥–ª—è –ø–æ–ª—å–∑–æ–≤–∞—Ç–µ–ª—è Guest
2022-03-29 00:26:16,133 DEBUG decos.py –ë—ã–ª–∞ –≤—ã–∑–≤–∞–Ω–∞ —Ñ—É–Ω–∫—Ü–∏—è create_presence c –ø–∞—Ä–∞–º–µ—Ç—Ä–∞–º–∏ (), {}.–í—ã–∑–æ–≤ –∏–∑ –º–æ–¥—É–ª—è __main__.–í—ã–∑–æ–≤ –∏–∑ —Ñ—É–Ω–∫—Ü–∏–∏ main().
2022-03-29 00:26:16,133 DEBUG client.py –†–∞–∑–±–æ—Ä –ø—Ä–∏–≤–µ—Ç—Å—Ç–≤–µ–Ω–Ω–æ–≥–æ —Å–æ–æ–±—â–µ–Ω–∏—è –æ—Ç —Å–µ—Ä–≤–µ—Ä–∞: {'response': 200}
2022-03-29 00:26:16,134 DEBUG decos.py –ë—ã–ª–∞ –≤—ã–∑–≤–∞–Ω–∞ —Ñ—É–Ω–∫—Ü–∏—è process_response_ans c –ø–∞—Ä–∞–º–µ—Ç—Ä–∞–º–∏ ({'response': 200},), {}.–í—ã–∑–æ–≤ –∏–∑ –º–æ–¥—É–ª—è __main__.–í—ã–∑–æ–≤ –∏–∑ —Ñ—É–Ω–∫—Ü–∏–∏ main().
2022-03-29 00:26:16,134 INFO client.py –£—Å—Ç–∞–Ω–æ–≤–ª–µ–Ω–æ —Å–æ–µ–¥–∏–Ω–µ–Ω–∏–µ —Å —Å–µ—Ä–≤–µ—Ä–æ–º. –û—Ç–≤–µ—Ç —Å–µ—Ä–≤–µ—Ä–∞: 200 : OK
2022-03-29 00:26:16,282 DEBUG decos.py –ë—ã–ª–∞ –≤—ã–∑–≤–∞–Ω–∞ —Ñ—É–Ω–∫—Ü–∏—è arg_parser c –ø–∞—Ä–∞–º–µ—Ç—Ä–∞–º–∏ (), {}.–í—ã–∑–æ–≤ –∏–∑ –º–æ–¥—É–ª—è __main__.–í—ã–∑–æ–≤ –∏–∑ —Ñ—É–Ω–∫—Ü–∏–∏ main().
2022-03-29 00:26:16,282 INFO client.py –ó–∞–ø—É—â–µ–Ω –∫–ª–∏–µ–Ω—Ç —Å –ø–∞—Ä–∞–º–µ—Ä—Ç–∞–º–∏: –∞–¥—Ä–µ—Å —Å–µ—Ä–≤–µ—Ä–∞: 127.0.0.1, –ø–æ—Ä—Ç: 7777, —Ä–µ–∂–∏–º —Ä–∞–±–æ—Ç—ã: listen
2022-03-29 00:26:16,285 DEBUG client.py –°—Ñ–æ—Ä–º–∏—Ä–æ–≤–∞–Ω–æ presence —Å–æ–æ–±—â–µ–Ω–∏–µ –¥–ª—è –ø–æ–ª—å–∑–æ–≤–∞—Ç–µ–ª—è Guest
2022-03-29 00:26:16,286 DEBUG decos.py –ë—ã–ª–∞ –≤—ã–∑–≤–∞–Ω–∞ —Ñ—É–Ω–∫—Ü–∏—è create_presence c –ø–∞—Ä–∞–º–µ—Ç—Ä–∞–º–∏ (), {}.–í—ã–∑–æ–≤ –∏–∑ –º–æ–¥—É–ª—è __main__.–í—ã–∑–æ–≤ –∏–∑ —Ñ—É–Ω–∫—Ü–∏–∏ main().
2022-03-29 00:26:16,286 DEBUG client.py –†–∞–∑–±–æ—Ä –ø—Ä–∏–≤–µ—Ç—Å—Ç–≤–µ–Ω–Ω–æ–≥–æ —Å–æ–æ–±—â–µ–Ω–∏—è –æ—Ç —Å–µ—Ä–≤–µ—Ä–∞: {'response': 200}
2022-03-29 00:26:16,288 DEBUG decos.py –ë—ã–ª–∞ –≤—ã–∑–≤–∞–Ω–∞ —Ñ—É–Ω–∫—Ü–∏—è process_response_ans c –ø–∞—Ä–∞–º–µ—Ç—Ä–∞–º–∏ ({'response': 200},), {}.–í—ã–∑–æ–≤ –∏–∑ –º–æ–¥—É–ª—è __main__.–í—ã–∑–æ–≤ –∏–∑ —Ñ—É–Ω–∫—Ü–∏–∏ main().
2022-03-29 00:26:16,288 INFO client.py –£—Å—Ç–∞–Ω–æ–≤–ª–µ–Ω–æ —Å–æ–µ–¥–∏–Ω–µ–Ω–∏–µ —Å —Å–µ—Ä–≤–µ—Ä–æ–º. –û—Ç–≤–µ—Ç —Å–µ—Ä–≤–µ—Ä–∞: 200 : OK
2022-03-29 00:26:16,313 DEBUG decos.py –ë—ã–ª–∞ –≤—ã–∑–≤–∞–Ω–∞ —Ñ—É–Ω–∫—Ü–∏—è arg_parser c –ø–∞—Ä–∞–º–µ—Ç—Ä–∞–º–∏ (), {}.–í—ã–∑–æ–≤ –∏–∑ –º–æ–¥—É–ª—è __main__.–í—ã–∑–æ–≤ –∏–∑ —Ñ—É–Ω–∫—Ü–∏–∏ main().
2022-03-29 00:26:16,313 INFO client.py –ó–∞–ø—É—â–µ–Ω –∫–ª–∏–µ–Ω—Ç —Å –ø–∞—Ä–∞–º–µ—Ä—Ç–∞–º–∏: –∞–¥—Ä–µ—Å —Å–µ—Ä–≤–µ—Ä–∞: 127.0.0.1, –ø–æ—Ä—Ç: 7777, —Ä–µ–∂–∏–º —Ä–∞–±–æ—Ç—ã: send
2022-03-29 00:26:16,316 DEBUG client.py –°—Ñ–æ—Ä–º–∏—Ä–æ–≤–∞–Ω–æ presence —Å–æ–æ–±—â–µ–Ω–∏–µ –¥–ª—è –ø–æ–ª—å–∑–æ–≤–∞—Ç–µ–ª—è Guest
2022-03-29 00:26:16,316 DEBUG decos.py –ë—ã–ª–∞ –≤—ã–∑–≤–∞–Ω–∞ —Ñ—É–Ω–∫—Ü–∏—è create_presence c –ø–∞—Ä–∞–º–µ—Ç—Ä–∞–º–∏ (), {}.–í—ã–∑–æ–≤ –∏–∑ –º–æ–¥—É–ª—è __main__.–í—ã–∑–æ–≤ –∏–∑ —Ñ—É–Ω–∫—Ü–∏–∏ main().
2022-03-29 00:26:16,316 DEBUG client.py –†–∞–∑–±–æ—Ä –ø—Ä–∏–≤–µ—Ç—Å—Ç–≤–µ–Ω–Ω–æ–≥–æ —Å–æ–æ–±—â–µ–Ω–∏—è –æ—Ç —Å–µ—Ä–≤–µ—Ä–∞: {'response': 200}
2022-03-29 00:26:16,317 DEBUG decos.py –ë—ã–ª–∞ –≤—ã–∑–≤–∞–Ω–∞ —Ñ—É–Ω–∫—Ü–∏—è process_response_ans c –ø–∞—Ä–∞–º–µ—Ç—Ä–∞–º–∏ ({'response': 200},), {}.–í—ã–∑–æ–≤ –∏–∑ –º–æ–¥—É–ª—è __main__.–í—ã–∑–æ–≤ –∏–∑ —Ñ—É–Ω–∫—Ü–∏–∏ main().
2022-03-29 00:26:16,318 INFO client.py –£—Å—Ç–∞–Ω–æ–≤–ª–µ–Ω–æ —Å–æ–µ–¥–∏–Ω–µ–Ω–∏–µ —Å —Å–µ—Ä–≤–µ—Ä–æ–º. –û—Ç–≤–µ—Ç —Å–µ—Ä–≤–µ—Ä–∞: 200 : OK
2022-03-29 00:26:17,330 DEBUG client.py –†–∞–∑–±–æ—Ä –ø—Ä–∏–≤–µ—Ç—Å—Ç–≤–µ–Ω–Ω–æ–≥–æ —Å–æ–æ–±—â–µ–Ω–∏—è –æ—Ç —Å–µ—Ä–≤–µ—Ä–∞: {'response': 200}
2022-03-29 00:26:17,331 DEBUG decos.py –ë—ã–ª–∞ –≤—ã–∑–≤–∞–Ω–∞ —Ñ—É–Ω–∫—Ü–∏—è process_response_ans c –ø–∞—Ä–∞–º–µ—Ç—Ä–∞–º–∏ ({'response': 200},), {}.–í—ã–∑–æ–≤ –∏–∑ –º–æ–¥—É–ª—è __main__.–í—ã–∑–æ–≤ –∏–∑ —Ñ—É–Ω–∫—Ü–∏–∏ main().
2022-03-29 00:26:17,332 INFO client.py –£—Å—Ç–∞–Ω–æ–≤–ª–µ–Ω–æ —Å–æ–µ–¥–∏–Ω–µ–Ω–∏–µ —Å —Å–µ—Ä–≤–µ—Ä–æ–º. –û—Ç–≤–µ—Ç —Å–µ—Ä–≤–µ—Ä–∞: 200 : OK
2022-03-29 00:26:25,667 DEBUG client.py –°—Ñ–æ—Ä–º–∏—Ä–æ–≤–∞–Ω —Å–ª–æ–≤–∞—Ä—å —Å–æ–æ–±—â–µ–Ω–∏—è: {'action': 'message', 'time': 1648502785.6671119, 'account_name': 'Guest', 'mess_text': 'cxcvjm,'}
2022-03-29 00:26:25,668 DEBUG decos.py –ë—ã–ª–∞ –≤—ã–∑–≤–∞–Ω–∞ —Ñ—É–Ω–∫—Ü–∏—è create_message c –ø–∞—Ä–∞–º–µ—Ç—Ä–∞–º–∏ (<socket.socket fd=488, family=AddressFamily.AF_INET, type=SocketKind.SOCK_STREAM, proto=0, laddr=('127.0.0.1', 58483), raddr=('127.0.0.1', 7777)>,), {}.–í—ã–∑–æ–≤ –∏–∑ –º–æ–¥—É–ª—è __main__.–í—ã–∑–æ–≤ –∏–∑ —Ñ—É–Ω–∫—Ü–∏–∏ main().
2022-03-29 00:26:26,411 INFO client.py –ü–æ–ª—É—á–µ–Ω–æ —Å–æ–æ–±—â–µ–Ω–∏–µ –æ—Ç –ø–æ–ª—å–∑–æ–≤–∞—Ç–µ–ª—è Guest:
cxcvjm,
2022-03-29 00:26:26,412 DEBUG decos.py –ë—ã–ª–∞ –≤—ã–∑–≤–∞–Ω–∞ —Ñ—É–Ω–∫—Ü–∏—è message_from_server c –ø–∞—Ä–∞–º–µ—Ç—Ä–∞–º–∏2022-03-29 00:26:26,412 DEBUG decos.py –ë—ã–ª–∞ –≤—ã–∑–≤–∞–Ω–∞ —Ñ—É–Ω–∫—Ü–∏—è message_from_server c –ø–∞—Ä–∞–º–µ—Ç—Ä–∞–º–∏ ({'action': 'message', 'sender': 'Guest', 'time': 1648502786.4113383, 'mess_text': 'cxcvjm,'},), {}.–í—ã–∑–æ–≤ –∏–∑ –º–æ–¥—É–ª—è __main__.–í—ã–∑–æ–≤ –∏–∑ —Ñ—É–Ω–∫—Ü–∏–∏ main().
2022-03-29 00:26:26,413 INFO client.py –ü–æ–ª—É—á–µ–Ω–æ —Å–æ–æ–±—â–µ–Ω–∏–µ –æ—Ç –ø–æ–ª—å–∑–æ–≤–∞—Ç–µ–ª—è Guest:
cxcvjm,
2022-03-29 00:26:26,413 DEBUG decos.py –ë—ã–ª–∞ –≤—ã–∑–≤–∞–Ω–∞ —Ñ—É–Ω–∫—Ü–∏—è message_from_server c –ø–∞—Ä–∞–º–µ—Ç—Ä–∞–º–∏ ({'action': 'message', 'sender': 'Guest', 'time': 1648502786.4113383, 'mess_text': 'cxcvjm,'},), {}.–í—ã–∑–æ–≤ –∏–∑ –º–æ–¥—É–ª—è __main__.–í—ã–∑–æ–≤ –∏–∑ —Ñ—É–Ω–∫—Ü–∏–∏ main().
2022-03-29 00:26:26,413 DEBUG decos.py –ë—ã–ª–∞ –≤—ã–∑–≤–∞–Ω–∞ —Ñ—É–Ω–∫—Ü–∏—è message_from_server c –ø–∞—Ä–∞–º–µ—Ç—Ä–∞–º–∏ ({'action': 'message', 'sender': 'Guest', 'time': 1648502786.4113383, 'mess_text': 'cxcvjm,'},), {}.–í—ã–∑–æ–≤ –∏–∑ –º–æ–¥—É–ª—è __main__.–í—ã–∑–æ–≤ –∏–∑ —Ñ—É–Ω–∫—Ü–∏–∏ main().
2022-03-29 00:26:26,414 DEBUG decos.py –ë—ã–ª–∞ –≤—ã–∑–≤–∞–Ω–∞ —Ñ—É–Ω–∫—Ü–∏—è message_from_server c –ø–∞—Ä–∞–º–µ—Ç—Ä–∞–º–∏ ({'action': 'message', 'sender': 'Guest', 'time': 1648502786.4113383, 'mess_text': 'cxcvjm,'},), {}.–í—ã–∑–æ–≤ –∏–∑ –º–æ–¥—É–ª—è __main__.–í—ã–∑–æ–≤ –∏–∑ —Ñ—É–Ω–∫—Ü–∏–∏ main().
